{"C:\\Users\\calvi\\Desktop\\new-bootcamp\\skylab-bootcamp-201809\\staff\\tomas-sancheznavarro\\mzkpoint\\mzkpoint-api\\logic\\index.spec.js":{"path":"C:\\Users\\calvi\\Desktop\\new-bootcamp\\skylab-bootcamp-201809\\staff\\tomas-sancheznavarro\\mzkpoint\\mzkpoint-api\\logic\\index.spec.js","statementMap":{"0":{"start":{"line":1,"column":17},"end":{"line":1,"column":36}},"1":{"start":{"line":2,"column":26},"end":{"line":2,"column":44}},"2":{"start":{"line":3,"column":14},"end":{"line":3,"column":26}},"3":{"start":{"line":4,"column":43},"end":{"line":4,"column":63}},"4":{"start":{"line":8,"column":19},"end":{"line":8,"column":34}},"5":{"start":{"line":10,"column":18},"end":{"line":10,"column":59}},"6":{"start":{"line":16,"column":0},"end":{"line":782,"column":2}},"7":{"start":{"line":17,"column":4},"end":{"line":17,"column":94}},"8":{"start":{"line":17,"column":17},"end":{"line":17,"column":93}},"9":{"start":{"line":19,"column":4},"end":{"line":19,"column":76}},"10":{"start":{"line":19,"column":21},"end":{"line":19,"column":75}},"11":{"start":{"line":23,"column":4},"end":{"line":247,"column":6}},"12":{"start":{"line":24,"column":8},"end":{"line":67,"column":10}},"13":{"start":{"line":27,"column":12},"end":{"line":33,"column":14}},"14":{"start":{"line":28,"column":16},"end":{"line":28,"column":46}},"15":{"start":{"line":29,"column":16},"end":{"line":29,"column":52}},"16":{"start":{"line":30,"column":16},"end":{"line":30,"column":54}},"17":{"start":{"line":31,"column":16},"end":{"line":31,"column":52}},"18":{"start":{"line":32,"column":16},"end":{"line":32,"column":54}},"19":{"start":{"line":35,"column":12},"end":{"line":52,"column":14}},"20":{"start":{"line":36,"column":28},"end":{"line":36,"column":94}},"21":{"start":{"line":38,"column":16},"end":{"line":38,"column":43}},"22":{"start":{"line":40,"column":30},"end":{"line":40,"column":47}},"23":{"start":{"line":42,"column":16},"end":{"line":42,"column":48}},"24":{"start":{"line":44,"column":31},"end":{"line":44,"column":36}},"25":{"start":{"line":46,"column":16},"end":{"line":46,"column":49}},"26":{"start":{"line":47,"column":16},"end":{"line":47,"column":48}},"27":{"start":{"line":48,"column":16},"end":{"line":48,"column":54}},"28":{"start":{"line":49,"column":16},"end":{"line":49,"column":56}},"29":{"start":{"line":50,"column":16},"end":{"line":50,"column":50}},"30":{"start":{"line":51,"column":16},"end":{"line":51,"column":56}},"31":{"start":{"line":54,"column":12},"end":{"line":56,"column":14}},"32":{"start":{"line":55,"column":16},"end":{"line":55,"column":137}},"33":{"start":{"line":55,"column":29},"end":{"line":55,"column":87}},"34":{"start":{"line":58,"column":12},"end":{"line":60,"column":14}},"35":{"start":{"line":59,"column":16},"end":{"line":59,"column":128}},"36":{"start":{"line":59,"column":29},"end":{"line":59,"column":80}},"37":{"start":{"line":62,"column":12},"end":{"line":64,"column":14}},"38":{"start":{"line":63,"column":16},"end":{"line":63,"column":135}},"39":{"start":{"line":63,"column":29},"end":{"line":63,"column":87}},"40":{"start":{"line":69,"column":8},"end":{"line":94,"column":10}},"41":{"start":{"line":72,"column":12},"end":{"line":72,"column":144}},"42":{"start":{"line":72,"column":29},"end":{"line":72,"column":143}},"43":{"start":{"line":74,"column":12},"end":{"line":87,"column":14}},"44":{"start":{"line":75,"column":47},"end":{"line":75,"column":51}},"45":{"start":{"line":77,"column":27},"end":{"line":77,"column":75}},"46":{"start":{"line":79,"column":16},"end":{"line":79,"column":35}},"47":{"start":{"line":80,"column":16},"end":{"line":80,"column":44}},"48":{"start":{"line":82,"column":30},"end":{"line":82,"column":47}},"49":{"start":{"line":84,"column":32},"end":{"line":84,"column":37}},"50":{"start":{"line":86,"column":16},"end":{"line":86,"column":45}},"51":{"start":{"line":89,"column":12},"end":{"line":91,"column":14}},"52":{"start":{"line":90,"column":16},"end":{"line":90,"column":127}},"53":{"start":{"line":90,"column":29},"end":{"line":90,"column":77}},"54":{"start":{"line":96,"column":8},"end":{"line":126,"column":10}},"55":{"start":{"line":99,"column":12},"end":{"line":103,"column":14}},"56":{"start":{"line":100,"column":16},"end":{"line":100,"column":179}},"57":{"start":{"line":102,"column":16},"end":{"line":102,"column":33}},"58":{"start":{"line":105,"column":12},"end":{"line":125,"column":14}},"59":{"start":{"line":106,"column":30},"end":{"line":106,"column":63}},"60":{"start":{"line":108,"column":16},"end":{"line":108,"column":56}},"61":{"start":{"line":110,"column":115},"end":{"line":110,"column":120}},"62":{"start":{"line":112,"column":16},"end":{"line":112,"column":35}},"63":{"start":{"line":113,"column":16},"end":{"line":113,"column":44}},"64":{"start":{"line":114,"column":16},"end":{"line":114,"column":44}},"65":{"start":{"line":115,"column":16},"end":{"line":115,"column":48}},"66":{"start":{"line":116,"column":16},"end":{"line":116,"column":54}},"67":{"start":{"line":117,"column":16},"end":{"line":117,"column":56}},"68":{"start":{"line":118,"column":16},"end":{"line":118,"column":50}},"69":{"start":{"line":119,"column":16},"end":{"line":119,"column":48}},"70":{"start":{"line":120,"column":16},"end":{"line":120,"column":51}},"71":{"start":{"line":121,"column":16},"end":{"line":121,"column":55}},"72":{"start":{"line":122,"column":16},"end":{"line":122,"column":51}},"73":{"start":{"line":123,"column":16},"end":{"line":123,"column":49}},"74":{"start":{"line":128,"column":8},"end":{"line":243,"column":10}},"75":{"start":{"line":131,"column":12},"end":{"line":131,"column":121}},"76":{"start":{"line":131,"column":29},"end":{"line":131,"column":120}},"77":{"start":{"line":133,"column":12},"end":{"line":157,"column":14}},"78":{"start":{"line":134,"column":62},"end":{"line":134,"column":66}},"79":{"start":{"line":136,"column":32},"end":{"line":136,"column":58}},"80":{"start":{"line":137,"column":35},"end":{"line":137,"column":64}},"81":{"start":{"line":138,"column":36},"end":{"line":138,"column":66}},"82":{"start":{"line":139,"column":33},"end":{"line":139,"column":61}},"83":{"start":{"line":140,"column":36},"end":{"line":140,"column":66}},"84":{"start":{"line":142,"column":28},"end":{"line":142,"column":121}},"85":{"start":{"line":144,"column":16},"end":{"line":144,"column":43}},"86":{"start":{"line":146,"column":31},"end":{"line":146,"column":48}},"87":{"start":{"line":148,"column":32},"end":{"line":148,"column":38}},"88":{"start":{"line":150,"column":16},"end":{"line":150,"column":45}},"89":{"start":{"line":152,"column":16},"end":{"line":152,"column":52}},"90":{"start":{"line":153,"column":16},"end":{"line":153,"column":58}},"91":{"start":{"line":154,"column":16},"end":{"line":154,"column":60}},"92":{"start":{"line":155,"column":16},"end":{"line":155,"column":54}},"93":{"start":{"line":156,"column":16},"end":{"line":156,"column":60}},"94":{"start":{"line":159,"column":12},"end":{"line":178,"column":14}},"95":{"start":{"line":160,"column":66},"end":{"line":160,"column":70}},"96":{"start":{"line":162,"column":32},"end":{"line":162,"column":58}},"97":{"start":{"line":164,"column":28},"end":{"line":164,"column":91}},"98":{"start":{"line":166,"column":16},"end":{"line":166,"column":43}},"99":{"start":{"line":168,"column":31},"end":{"line":168,"column":48}},"100":{"start":{"line":170,"column":32},"end":{"line":170,"column":38}},"101":{"start":{"line":172,"column":16},"end":{"line":172,"column":45}},"102":{"start":{"line":174,"column":16},"end":{"line":174,"column":52}},"103":{"start":{"line":175,"column":16},"end":{"line":175,"column":55}},"104":{"start":{"line":176,"column":16},"end":{"line":176,"column":57}},"105":{"start":{"line":177,"column":16},"end":{"line":177,"column":57}},"106":{"start":{"line":180,"column":12},"end":{"line":199,"column":14}},"107":{"start":{"line":181,"column":66},"end":{"line":181,"column":70}},"108":{"start":{"line":183,"column":35},"end":{"line":183,"column":64}},"109":{"start":{"line":185,"column":28},"end":{"line":185,"column":94}},"110":{"start":{"line":187,"column":16},"end":{"line":187,"column":43}},"111":{"start":{"line":189,"column":31},"end":{"line":189,"column":48}},"112":{"start":{"line":191,"column":32},"end":{"line":191,"column":38}},"113":{"start":{"line":193,"column":16},"end":{"line":193,"column":45}},"114":{"start":{"line":195,"column":16},"end":{"line":195,"column":49}},"115":{"start":{"line":196,"column":16},"end":{"line":196,"column":58}},"116":{"start":{"line":197,"column":16},"end":{"line":197,"column":57}},"117":{"start":{"line":198,"column":16},"end":{"line":198,"column":57}},"118":{"start":{"line":203,"column":12},"end":{"line":207,"column":14}},"119":{"start":{"line":204,"column":66},"end":{"line":204,"column":70}},"120":{"start":{"line":206,"column":16},"end":{"line":206,"column":151}},"121":{"start":{"line":206,"column":29},"end":{"line":206,"column":101}},"122":{"start":{"line":211,"column":12},"end":{"line":242,"column":14}},"123":{"start":{"line":214,"column":16},"end":{"line":218,"column":18}},"124":{"start":{"line":215,"column":20},"end":{"line":215,"column":104}},"125":{"start":{"line":217,"column":20},"end":{"line":217,"column":38}},"126":{"start":{"line":220,"column":16},"end":{"line":241,"column":18}},"127":{"start":{"line":221,"column":70},"end":{"line":221,"column":75}},"128":{"start":{"line":223,"column":40},"end":{"line":223,"column":44}},"129":{"start":{"line":225,"column":20},"end":{"line":240,"column":21}},"130":{"start":{"line":226,"column":36},"end":{"line":226,"column":103}},"131":{"start":{"line":228,"column":24},"end":{"line":228,"column":48}},"132":{"start":{"line":230,"column":24},"end":{"line":230,"column":72}},"133":{"start":{"line":232,"column":38},"end":{"line":232,"column":61}},"134":{"start":{"line":234,"column":24},"end":{"line":234,"column":53}},"135":{"start":{"line":236,"column":24},"end":{"line":236,"column":57}},"136":{"start":{"line":237,"column":24},"end":{"line":237,"column":63}},"137":{"start":{"line":238,"column":24},"end":{"line":238,"column":65}},"138":{"start":{"line":239,"column":24},"end":{"line":239,"column":65}},"139":{"start":{"line":248,"column":4},"end":{"line":384,"column":6}},"140":{"start":{"line":250,"column":8},"end":{"line":330,"column":10}},"141":{"start":{"line":251,"column":12},"end":{"line":272,"column":14}},"142":{"start":{"line":252,"column":35},"end":{"line":252,"column":43}},"143":{"start":{"line":253,"column":30},"end":{"line":253,"column":38}},"144":{"start":{"line":254,"column":30},"end":{"line":254,"column":59}},"145":{"start":{"line":255,"column":33},"end":{"line":255,"column":58}},"146":{"start":{"line":256,"column":36},"end":{"line":256,"column":49}},"147":{"start":{"line":257,"column":30},"end":{"line":257,"column":34}},"148":{"start":{"line":258,"column":32},"end":{"line":258,"column":34}},"149":{"start":{"line":259,"column":33},"end":{"line":259,"column":105}},"150":{"start":{"line":260,"column":38},"end":{"line":260,"column":42}},"151":{"start":{"line":261,"column":29},"end":{"line":261,"column":39}},"152":{"start":{"line":263,"column":16},"end":{"line":263,"column":150}},"153":{"start":{"line":264,"column":16},"end":{"line":264,"column":154}},"154":{"start":{"line":265,"column":16},"end":{"line":265,"column":156}},"155":{"start":{"line":266,"column":16},"end":{"line":266,"column":151}},"156":{"start":{"line":268,"column":16},"end":{"line":268,"column":39}},"157":{"start":{"line":269,"column":16},"end":{"line":269,"column":39}},"158":{"start":{"line":270,"column":16},"end":{"line":270,"column":41}},"159":{"start":{"line":271,"column":16},"end":{"line":271,"column":40}},"160":{"start":{"line":275,"column":12},"end":{"line":281,"column":14}},"161":{"start":{"line":276,"column":31},"end":{"line":276,"column":39}},"162":{"start":{"line":277,"column":34},"end":{"line":277,"column":68}},"163":{"start":{"line":279,"column":16},"end":{"line":279,"column":52}},"164":{"start":{"line":283,"column":12},"end":{"line":289,"column":14}},"165":{"start":{"line":284,"column":31},"end":{"line":284,"column":43}},"166":{"start":{"line":285,"column":34},"end":{"line":285,"column":68}},"167":{"start":{"line":287,"column":16},"end":{"line":287,"column":52}},"168":{"start":{"line":291,"column":12},"end":{"line":297,"column":14}},"169":{"start":{"line":292,"column":31},"end":{"line":292,"column":39}},"170":{"start":{"line":293,"column":34},"end":{"line":293,"column":68}},"171":{"start":{"line":295,"column":16},"end":{"line":295,"column":52}},"172":{"start":{"line":299,"column":12},"end":{"line":305,"column":14}},"173":{"start":{"line":300,"column":31},"end":{"line":300,"column":39}},"174":{"start":{"line":301,"column":34},"end":{"line":301,"column":68}},"175":{"start":{"line":303,"column":16},"end":{"line":303,"column":52}},"176":{"start":{"line":307,"column":12},"end":{"line":311,"column":14}},"177":{"start":{"line":308,"column":31},"end":{"line":308,"column":40}},"178":{"start":{"line":310,"column":16},"end":{"line":310,"column":107}},"179":{"start":{"line":310,"column":29},"end":{"line":310,"column":57}},"180":{"start":{"line":313,"column":12},"end":{"line":317,"column":14}},"181":{"start":{"line":314,"column":31},"end":{"line":314,"column":33}},"182":{"start":{"line":316,"column":16},"end":{"line":316,"column":110}},"183":{"start":{"line":316,"column":29},"end":{"line":316,"column":57}},"184":{"start":{"line":319,"column":12},"end":{"line":323,"column":14}},"185":{"start":{"line":320,"column":31},"end":{"line":320,"column":35}},"186":{"start":{"line":322,"column":16},"end":{"line":322,"column":107}},"187":{"start":{"line":322,"column":29},"end":{"line":322,"column":57}},"188":{"start":{"line":325,"column":12},"end":{"line":329,"column":14}},"189":{"start":{"line":326,"column":31},"end":{"line":326,"column":36}},"190":{"start":{"line":328,"column":16},"end":{"line":328,"column":103}},"191":{"start":{"line":328,"column":29},"end":{"line":328,"column":57}},"192":{"start":{"line":332,"column":8},"end":{"line":382,"column":10}},"193":{"start":{"line":333,"column":12},"end":{"line":348,"column":14}},"194":{"start":{"line":334,"column":35},"end":{"line":334,"column":43}},"195":{"start":{"line":335,"column":30},"end":{"line":335,"column":38}},"196":{"start":{"line":336,"column":30},"end":{"line":336,"column":59}},"197":{"start":{"line":337,"column":33},"end":{"line":337,"column":58}},"198":{"start":{"line":338,"column":36},"end":{"line":338,"column":49}},"199":{"start":{"line":339,"column":30},"end":{"line":339,"column":34}},"200":{"start":{"line":340,"column":32},"end":{"line":340,"column":34}},"201":{"start":{"line":341,"column":33},"end":{"line":341,"column":105}},"202":{"start":{"line":342,"column":38},"end":{"line":342,"column":42}},"203":{"start":{"line":343,"column":29},"end":{"line":343,"column":39}},"204":{"start":{"line":345,"column":16},"end":{"line":345,"column":147}},"205":{"start":{"line":347,"column":16},"end":{"line":347,"column":36}},"206":{"start":{"line":350,"column":12},"end":{"line":356,"column":14}},"207":{"start":{"line":351,"column":30},"end":{"line":351,"column":38}},"208":{"start":{"line":352,"column":34},"end":{"line":352,"column":66}},"209":{"start":{"line":354,"column":16},"end":{"line":354,"column":52}},"210":{"start":{"line":358,"column":12},"end":{"line":362,"column":14}},"211":{"start":{"line":359,"column":30},"end":{"line":359,"column":39}},"212":{"start":{"line":361,"column":16},"end":{"line":361,"column":105}},"213":{"start":{"line":361,"column":29},"end":{"line":361,"column":55}},"214":{"start":{"line":364,"column":12},"end":{"line":368,"column":14}},"215":{"start":{"line":365,"column":30},"end":{"line":365,"column":32}},"216":{"start":{"line":367,"column":16},"end":{"line":367,"column":107}},"217":{"start":{"line":367,"column":29},"end":{"line":367,"column":55}},"218":{"start":{"line":370,"column":12},"end":{"line":374,"column":14}},"219":{"start":{"line":371,"column":30},"end":{"line":371,"column":34}},"220":{"start":{"line":373,"column":16},"end":{"line":373,"column":104}},"221":{"start":{"line":373,"column":29},"end":{"line":373,"column":55}},"222":{"start":{"line":376,"column":12},"end":{"line":380,"column":14}},"223":{"start":{"line":377,"column":30},"end":{"line":377,"column":35}},"224":{"start":{"line":379,"column":16},"end":{"line":379,"column":101}},"225":{"start":{"line":379,"column":29},"end":{"line":379,"column":55}},"226":{"start":{"line":388,"column":4},"end":{"line":779,"column":6}},"227":{"start":{"line":391,"column":8},"end":{"line":411,"column":10}},"228":{"start":{"line":392,"column":12},"end":{"line":392,"column":175}},"229":{"start":{"line":394,"column":12},"end":{"line":394,"column":29}},"230":{"start":{"line":396,"column":31},"end":{"line":396,"column":39}},"231":{"start":{"line":397,"column":26},"end":{"line":397,"column":34}},"232":{"start":{"line":398,"column":26},"end":{"line":398,"column":55}},"233":{"start":{"line":399,"column":29},"end":{"line":399,"column":54}},"234":{"start":{"line":400,"column":32},"end":{"line":400,"column":45}},"235":{"start":{"line":401,"column":26},"end":{"line":401,"column":30}},"236":{"start":{"line":402,"column":28},"end":{"line":402,"column":30}},"237":{"start":{"line":403,"column":29},"end":{"line":403,"column":101}},"238":{"start":{"line":404,"column":34},"end":{"line":404,"column":38}},"239":{"start":{"line":405,"column":25},"end":{"line":405,"column":35}},"240":{"start":{"line":407,"column":12},"end":{"line":407,"column":143}},"241":{"start":{"line":409,"column":12},"end":{"line":409,"column":32}},"242":{"start":{"line":412,"column":8},"end":{"line":476,"column":10}},"243":{"start":{"line":415,"column":12},"end":{"line":425,"column":14}},"244":{"start":{"line":416,"column":29},"end":{"line":416,"column":47}},"245":{"start":{"line":417,"column":32},"end":{"line":417,"column":53}},"246":{"start":{"line":419,"column":16},"end":{"line":419,"column":64}},"247":{"start":{"line":421,"column":30},"end":{"line":421,"column":57}},"248":{"start":{"line":423,"column":16},"end":{"line":423,"column":57}},"249":{"start":{"line":427,"column":12},"end":{"line":433,"column":14}},"250":{"start":{"line":429,"column":34},"end":{"line":429,"column":43}},"251":{"start":{"line":430,"column":31},"end":{"line":430,"column":57}},"252":{"start":{"line":432,"column":16},"end":{"line":432,"column":121}},"253":{"start":{"line":432,"column":29},"end":{"line":432,"column":71}},"254":{"start":{"line":435,"column":12},"end":{"line":439,"column":14}},"255":{"start":{"line":436,"column":34},"end":{"line":436,"column":36}},"256":{"start":{"line":437,"column":31},"end":{"line":437,"column":58}},"257":{"start":{"line":438,"column":16},"end":{"line":438,"column":127}},"258":{"start":{"line":438,"column":29},"end":{"line":438,"column":71}},"259":{"start":{"line":441,"column":12},"end":{"line":445,"column":14}},"260":{"start":{"line":442,"column":34},"end":{"line":442,"column":38}},"261":{"start":{"line":443,"column":31},"end":{"line":443,"column":58}},"262":{"start":{"line":444,"column":16},"end":{"line":444,"column":121}},"263":{"start":{"line":444,"column":29},"end":{"line":444,"column":71}},"264":{"start":{"line":447,"column":12},"end":{"line":451,"column":14}},"265":{"start":{"line":448,"column":34},"end":{"line":448,"column":39}},"266":{"start":{"line":449,"column":31},"end":{"line":449,"column":58}},"267":{"start":{"line":450,"column":16},"end":{"line":450,"column":117}},"268":{"start":{"line":450,"column":29},"end":{"line":450,"column":71}},"269":{"start":{"line":453,"column":12},"end":{"line":457,"column":14}},"270":{"start":{"line":454,"column":34},"end":{"line":454,"column":44}},"271":{"start":{"line":455,"column":31},"end":{"line":455,"column":40}},"272":{"start":{"line":456,"column":16},"end":{"line":456,"column":121}},"273":{"start":{"line":456,"column":29},"end":{"line":456,"column":71}},"274":{"start":{"line":459,"column":12},"end":{"line":463,"column":14}},"275":{"start":{"line":460,"column":34},"end":{"line":460,"column":44}},"276":{"start":{"line":461,"column":31},"end":{"line":461,"column":33}},"277":{"start":{"line":462,"column":16},"end":{"line":462,"column":124}},"278":{"start":{"line":462,"column":29},"end":{"line":462,"column":71}},"279":{"start":{"line":465,"column":12},"end":{"line":469,"column":14}},"280":{"start":{"line":466,"column":34},"end":{"line":466,"column":44}},"281":{"start":{"line":467,"column":31},"end":{"line":467,"column":35}},"282":{"start":{"line":468,"column":16},"end":{"line":468,"column":124}},"283":{"start":{"line":468,"column":29},"end":{"line":468,"column":71}},"284":{"start":{"line":471,"column":12},"end":{"line":475,"column":14}},"285":{"start":{"line":472,"column":34},"end":{"line":472,"column":44}},"286":{"start":{"line":473,"column":31},"end":{"line":473,"column":36}},"287":{"start":{"line":474,"column":16},"end":{"line":474,"column":117}},"288":{"start":{"line":474,"column":29},"end":{"line":474,"column":71}},"289":{"start":{"line":478,"column":8},"end":{"line":542,"column":10}},"290":{"start":{"line":480,"column":12},"end":{"line":490,"column":14}},"291":{"start":{"line":481,"column":29},"end":{"line":481,"column":47}},"292":{"start":{"line":482,"column":32},"end":{"line":482,"column":53}},"293":{"start":{"line":484,"column":16},"end":{"line":484,"column":67}},"294":{"start":{"line":486,"column":30},"end":{"line":486,"column":57}},"295":{"start":{"line":488,"column":16},"end":{"line":488,"column":57}},"296":{"start":{"line":492,"column":12},"end":{"line":498,"column":14}},"297":{"start":{"line":494,"column":34},"end":{"line":494,"column":43}},"298":{"start":{"line":495,"column":31},"end":{"line":495,"column":57}},"299":{"start":{"line":497,"column":16},"end":{"line":497,"column":121}},"300":{"start":{"line":497,"column":29},"end":{"line":497,"column":71}},"301":{"start":{"line":500,"column":12},"end":{"line":504,"column":14}},"302":{"start":{"line":501,"column":34},"end":{"line":501,"column":36}},"303":{"start":{"line":502,"column":31},"end":{"line":502,"column":58}},"304":{"start":{"line":503,"column":16},"end":{"line":503,"column":127}},"305":{"start":{"line":503,"column":29},"end":{"line":503,"column":71}},"306":{"start":{"line":506,"column":12},"end":{"line":510,"column":14}},"307":{"start":{"line":507,"column":34},"end":{"line":507,"column":38}},"308":{"start":{"line":508,"column":31},"end":{"line":508,"column":58}},"309":{"start":{"line":509,"column":16},"end":{"line":509,"column":121}},"310":{"start":{"line":509,"column":29},"end":{"line":509,"column":71}},"311":{"start":{"line":512,"column":12},"end":{"line":516,"column":14}},"312":{"start":{"line":513,"column":34},"end":{"line":513,"column":39}},"313":{"start":{"line":514,"column":31},"end":{"line":514,"column":58}},"314":{"start":{"line":515,"column":16},"end":{"line":515,"column":117}},"315":{"start":{"line":515,"column":29},"end":{"line":515,"column":71}},"316":{"start":{"line":518,"column":12},"end":{"line":522,"column":14}},"317":{"start":{"line":519,"column":34},"end":{"line":519,"column":44}},"318":{"start":{"line":520,"column":31},"end":{"line":520,"column":40}},"319":{"start":{"line":521,"column":16},"end":{"line":521,"column":121}},"320":{"start":{"line":521,"column":29},"end":{"line":521,"column":71}},"321":{"start":{"line":524,"column":12},"end":{"line":528,"column":14}},"322":{"start":{"line":525,"column":34},"end":{"line":525,"column":44}},"323":{"start":{"line":526,"column":31},"end":{"line":526,"column":33}},"324":{"start":{"line":527,"column":16},"end":{"line":527,"column":124}},"325":{"start":{"line":527,"column":29},"end":{"line":527,"column":71}},"326":{"start":{"line":530,"column":12},"end":{"line":534,"column":14}},"327":{"start":{"line":531,"column":34},"end":{"line":531,"column":44}},"328":{"start":{"line":532,"column":31},"end":{"line":532,"column":35}},"329":{"start":{"line":533,"column":16},"end":{"line":533,"column":124}},"330":{"start":{"line":533,"column":29},"end":{"line":533,"column":71}},"331":{"start":{"line":536,"column":12},"end":{"line":540,"column":14}},"332":{"start":{"line":537,"column":34},"end":{"line":537,"column":44}},"333":{"start":{"line":538,"column":31},"end":{"line":538,"column":36}},"334":{"start":{"line":539,"column":16},"end":{"line":539,"column":117}},"335":{"start":{"line":539,"column":29},"end":{"line":539,"column":71}},"336":{"start":{"line":544,"column":8},"end":{"line":562,"column":10}},"337":{"start":{"line":546,"column":12},"end":{"line":558,"column":14}},"338":{"start":{"line":547,"column":29},"end":{"line":547,"column":47}},"339":{"start":{"line":548,"column":32},"end":{"line":548,"column":53}},"340":{"start":{"line":550,"column":16},"end":{"line":550,"column":64}},"341":{"start":{"line":552,"column":16},"end":{"line":552,"column":59}},"342":{"start":{"line":554,"column":30},"end":{"line":554,"column":57}},"343":{"start":{"line":556,"column":16},"end":{"line":556,"column":57}},"344":{"start":{"line":564,"column":8},"end":{"line":628,"column":10}},"345":{"start":{"line":567,"column":12},"end":{"line":577,"column":14}},"346":{"start":{"line":568,"column":29},"end":{"line":568,"column":47}},"347":{"start":{"line":569,"column":32},"end":{"line":569,"column":53}},"348":{"start":{"line":571,"column":16},"end":{"line":571,"column":60}},"349":{"start":{"line":573,"column":30},"end":{"line":573,"column":57}},"350":{"start":{"line":575,"column":16},"end":{"line":575,"column":61}},"351":{"start":{"line":579,"column":12},"end":{"line":585,"column":14}},"352":{"start":{"line":581,"column":34},"end":{"line":581,"column":43}},"353":{"start":{"line":582,"column":31},"end":{"line":582,"column":57}},"354":{"start":{"line":584,"column":16},"end":{"line":584,"column":117}},"355":{"start":{"line":584,"column":29},"end":{"line":584,"column":67}},"356":{"start":{"line":587,"column":12},"end":{"line":591,"column":14}},"357":{"start":{"line":588,"column":34},"end":{"line":588,"column":36}},"358":{"start":{"line":589,"column":31},"end":{"line":589,"column":58}},"359":{"start":{"line":590,"column":16},"end":{"line":590,"column":123}},"360":{"start":{"line":590,"column":29},"end":{"line":590,"column":67}},"361":{"start":{"line":593,"column":12},"end":{"line":597,"column":14}},"362":{"start":{"line":594,"column":34},"end":{"line":594,"column":38}},"363":{"start":{"line":595,"column":31},"end":{"line":595,"column":58}},"364":{"start":{"line":596,"column":16},"end":{"line":596,"column":117}},"365":{"start":{"line":596,"column":29},"end":{"line":596,"column":67}},"366":{"start":{"line":599,"column":12},"end":{"line":603,"column":14}},"367":{"start":{"line":600,"column":34},"end":{"line":600,"column":39}},"368":{"start":{"line":601,"column":31},"end":{"line":601,"column":58}},"369":{"start":{"line":602,"column":16},"end":{"line":602,"column":113}},"370":{"start":{"line":602,"column":29},"end":{"line":602,"column":67}},"371":{"start":{"line":605,"column":12},"end":{"line":609,"column":14}},"372":{"start":{"line":606,"column":34},"end":{"line":606,"column":44}},"373":{"start":{"line":607,"column":31},"end":{"line":607,"column":40}},"374":{"start":{"line":608,"column":16},"end":{"line":608,"column":117}},"375":{"start":{"line":608,"column":29},"end":{"line":608,"column":67}},"376":{"start":{"line":611,"column":12},"end":{"line":615,"column":14}},"377":{"start":{"line":612,"column":34},"end":{"line":612,"column":44}},"378":{"start":{"line":613,"column":31},"end":{"line":613,"column":33}},"379":{"start":{"line":614,"column":16},"end":{"line":614,"column":120}},"380":{"start":{"line":614,"column":29},"end":{"line":614,"column":67}},"381":{"start":{"line":617,"column":12},"end":{"line":621,"column":14}},"382":{"start":{"line":618,"column":34},"end":{"line":618,"column":44}},"383":{"start":{"line":619,"column":31},"end":{"line":619,"column":35}},"384":{"start":{"line":620,"column":16},"end":{"line":620,"column":120}},"385":{"start":{"line":620,"column":29},"end":{"line":620,"column":67}},"386":{"start":{"line":623,"column":12},"end":{"line":627,"column":14}},"387":{"start":{"line":624,"column":34},"end":{"line":624,"column":44}},"388":{"start":{"line":625,"column":31},"end":{"line":625,"column":36}},"389":{"start":{"line":626,"column":16},"end":{"line":626,"column":113}},"390":{"start":{"line":626,"column":29},"end":{"line":626,"column":67}},"391":{"start":{"line":630,"column":8},"end":{"line":693,"column":10}},"392":{"start":{"line":631,"column":12},"end":{"line":641,"column":14}},"393":{"start":{"line":632,"column":29},"end":{"line":632,"column":47}},"394":{"start":{"line":633,"column":32},"end":{"line":633,"column":53}},"395":{"start":{"line":635,"column":16},"end":{"line":635,"column":63}},"396":{"start":{"line":637,"column":30},"end":{"line":637,"column":57}},"397":{"start":{"line":639,"column":16},"end":{"line":639,"column":57}},"398":{"start":{"line":643,"column":12},"end":{"line":649,"column":14}},"399":{"start":{"line":645,"column":34},"end":{"line":645,"column":43}},"400":{"start":{"line":646,"column":31},"end":{"line":646,"column":57}},"401":{"start":{"line":648,"column":16},"end":{"line":648,"column":120}},"402":{"start":{"line":648,"column":29},"end":{"line":648,"column":70}},"403":{"start":{"line":651,"column":12},"end":{"line":655,"column":14}},"404":{"start":{"line":652,"column":34},"end":{"line":652,"column":36}},"405":{"start":{"line":653,"column":31},"end":{"line":653,"column":58}},"406":{"start":{"line":654,"column":16},"end":{"line":654,"column":126}},"407":{"start":{"line":654,"column":29},"end":{"line":654,"column":70}},"408":{"start":{"line":657,"column":12},"end":{"line":661,"column":14}},"409":{"start":{"line":658,"column":34},"end":{"line":658,"column":38}},"410":{"start":{"line":659,"column":31},"end":{"line":659,"column":58}},"411":{"start":{"line":660,"column":16},"end":{"line":660,"column":120}},"412":{"start":{"line":660,"column":29},"end":{"line":660,"column":70}},"413":{"start":{"line":663,"column":12},"end":{"line":667,"column":14}},"414":{"start":{"line":664,"column":34},"end":{"line":664,"column":39}},"415":{"start":{"line":665,"column":31},"end":{"line":665,"column":58}},"416":{"start":{"line":666,"column":16},"end":{"line":666,"column":116}},"417":{"start":{"line":666,"column":29},"end":{"line":666,"column":70}},"418":{"start":{"line":669,"column":12},"end":{"line":673,"column":14}},"419":{"start":{"line":670,"column":34},"end":{"line":670,"column":44}},"420":{"start":{"line":671,"column":31},"end":{"line":671,"column":40}},"421":{"start":{"line":672,"column":16},"end":{"line":672,"column":120}},"422":{"start":{"line":672,"column":29},"end":{"line":672,"column":70}},"423":{"start":{"line":675,"column":12},"end":{"line":679,"column":14}},"424":{"start":{"line":676,"column":34},"end":{"line":676,"column":44}},"425":{"start":{"line":677,"column":31},"end":{"line":677,"column":33}},"426":{"start":{"line":678,"column":16},"end":{"line":678,"column":123}},"427":{"start":{"line":678,"column":29},"end":{"line":678,"column":70}},"428":{"start":{"line":681,"column":12},"end":{"line":685,"column":14}},"429":{"start":{"line":682,"column":34},"end":{"line":682,"column":44}},"430":{"start":{"line":683,"column":31},"end":{"line":683,"column":35}},"431":{"start":{"line":684,"column":16},"end":{"line":684,"column":123}},"432":{"start":{"line":684,"column":29},"end":{"line":684,"column":70}},"433":{"start":{"line":687,"column":12},"end":{"line":691,"column":14}},"434":{"start":{"line":688,"column":34},"end":{"line":688,"column":44}},"435":{"start":{"line":689,"column":31},"end":{"line":689,"column":36}},"436":{"start":{"line":690,"column":16},"end":{"line":690,"column":116}},"437":{"start":{"line":690,"column":29},"end":{"line":690,"column":70}},"438":{"start":{"line":695,"column":8},"end":{"line":711,"column":10}},"439":{"start":{"line":697,"column":12},"end":{"line":709,"column":14}},"440":{"start":{"line":698,"column":29},"end":{"line":698,"column":47}},"441":{"start":{"line":699,"column":32},"end":{"line":699,"column":53}},"442":{"start":{"line":701,"column":16},"end":{"line":701,"column":60}},"443":{"start":{"line":703,"column":16},"end":{"line":703,"column":55}},"444":{"start":{"line":705,"column":30},"end":{"line":705,"column":57}},"445":{"start":{"line":707,"column":16},"end":{"line":707,"column":57}},"446":{"start":{"line":713,"column":8},"end":{"line":777,"column":10}},"447":{"start":{"line":716,"column":12},"end":{"line":726,"column":14}},"448":{"start":{"line":717,"column":29},"end":{"line":717,"column":47}},"449":{"start":{"line":718,"column":32},"end":{"line":718,"column":53}},"450":{"start":{"line":720,"column":16},"end":{"line":720,"column":64}},"451":{"start":{"line":722,"column":30},"end":{"line":722,"column":57}},"452":{"start":{"line":724,"column":16},"end":{"line":724,"column":61}},"453":{"start":{"line":728,"column":12},"end":{"line":734,"column":14}},"454":{"start":{"line":730,"column":34},"end":{"line":730,"column":43}},"455":{"start":{"line":731,"column":31},"end":{"line":731,"column":57}},"456":{"start":{"line":733,"column":16},"end":{"line":733,"column":121}},"457":{"start":{"line":733,"column":29},"end":{"line":733,"column":71}},"458":{"start":{"line":736,"column":12},"end":{"line":740,"column":14}},"459":{"start":{"line":737,"column":34},"end":{"line":737,"column":36}},"460":{"start":{"line":738,"column":31},"end":{"line":738,"column":58}},"461":{"start":{"line":739,"column":16},"end":{"line":739,"column":127}},"462":{"start":{"line":739,"column":29},"end":{"line":739,"column":71}},"463":{"start":{"line":742,"column":12},"end":{"line":746,"column":14}},"464":{"start":{"line":743,"column":34},"end":{"line":743,"column":38}},"465":{"start":{"line":744,"column":31},"end":{"line":744,"column":58}},"466":{"start":{"line":745,"column":16},"end":{"line":745,"column":121}},"467":{"start":{"line":745,"column":29},"end":{"line":745,"column":71}},"468":{"start":{"line":748,"column":12},"end":{"line":752,"column":14}},"469":{"start":{"line":749,"column":34},"end":{"line":749,"column":39}},"470":{"start":{"line":750,"column":31},"end":{"line":750,"column":58}},"471":{"start":{"line":751,"column":16},"end":{"line":751,"column":117}},"472":{"start":{"line":751,"column":29},"end":{"line":751,"column":71}},"473":{"start":{"line":754,"column":12},"end":{"line":758,"column":14}},"474":{"start":{"line":755,"column":34},"end":{"line":755,"column":44}},"475":{"start":{"line":756,"column":31},"end":{"line":756,"column":40}},"476":{"start":{"line":757,"column":16},"end":{"line":757,"column":121}},"477":{"start":{"line":757,"column":29},"end":{"line":757,"column":71}},"478":{"start":{"line":760,"column":12},"end":{"line":764,"column":14}},"479":{"start":{"line":761,"column":34},"end":{"line":761,"column":44}},"480":{"start":{"line":762,"column":31},"end":{"line":762,"column":33}},"481":{"start":{"line":763,"column":16},"end":{"line":763,"column":124}},"482":{"start":{"line":763,"column":29},"end":{"line":763,"column":71}},"483":{"start":{"line":766,"column":12},"end":{"line":770,"column":14}},"484":{"start":{"line":767,"column":34},"end":{"line":767,"column":44}},"485":{"start":{"line":768,"column":31},"end":{"line":768,"column":35}},"486":{"start":{"line":769,"column":16},"end":{"line":769,"column":124}},"487":{"start":{"line":769,"column":29},"end":{"line":769,"column":71}},"488":{"start":{"line":772,"column":12},"end":{"line":776,"column":14}},"489":{"start":{"line":773,"column":34},"end":{"line":773,"column":44}},"490":{"start":{"line":774,"column":31},"end":{"line":774,"column":36}},"491":{"start":{"line":775,"column":16},"end":{"line":775,"column":117}},"492":{"start":{"line":775,"column":29},"end":{"line":775,"column":71}},"493":{"start":{"line":781,"column":4},"end":{"line":781,"column":38}},"494":{"start":{"line":781,"column":16},"end":{"line":781,"column":37}}},"fnMap":{"0":{"name":"(anonymous_0)","decl":{"start":{"line":16,"column":18},"end":{"line":16,"column":19}},"loc":{"start":{"line":16,"column":24},"end":{"line":782,"column":1}},"line":16},"1":{"name":"(anonymous_1)","decl":{"start":{"line":17,"column":11},"end":{"line":17,"column":12}},"loc":{"start":{"line":17,"column":17},"end":{"line":17,"column":93}},"line":17},"2":{"name":"(anonymous_2)","decl":{"start":{"line":19,"column":15},"end":{"line":19,"column":16}},"loc":{"start":{"line":19,"column":21},"end":{"line":19,"column":75}},"line":19},"3":{"name":"(anonymous_3)","decl":{"start":{"line":23,"column":29},"end":{"line":23,"column":30}},"loc":{"start":{"line":23,"column":35},"end":{"line":247,"column":5}},"line":23},"4":{"name":"(anonymous_4)","decl":{"start":{"line":24,"column":29},"end":{"line":24,"column":30}},"loc":{"start":{"line":24,"column":35},"end":{"line":67,"column":9}},"line":24},"5":{"name":"(anonymous_5)","decl":{"start":{"line":27,"column":23},"end":{"line":27,"column":24}},"loc":{"start":{"line":27,"column":29},"end":{"line":33,"column":13}},"line":27},"6":{"name":"(anonymous_6)","decl":{"start":{"line":35,"column":49},"end":{"line":35,"column":50}},"loc":{"start":{"line":35,"column":61},"end":{"line":52,"column":13}},"line":35},"7":{"name":"(anonymous_7)","decl":{"start":{"line":54,"column":48},"end":{"line":54,"column":49}},"loc":{"start":{"line":54,"column":54},"end":{"line":56,"column":13}},"line":54},"8":{"name":"(anonymous_8)","decl":{"start":{"line":55,"column":23},"end":{"line":55,"column":24}},"loc":{"start":{"line":55,"column":29},"end":{"line":55,"column":87}},"line":55},"9":{"name":"(anonymous_9)","decl":{"start":{"line":58,"column":44},"end":{"line":58,"column":45}},"loc":{"start":{"line":58,"column":50},"end":{"line":60,"column":13}},"line":58},"10":{"name":"(anonymous_10)","decl":{"start":{"line":59,"column":23},"end":{"line":59,"column":24}},"loc":{"start":{"line":59,"column":29},"end":{"line":59,"column":80}},"line":59},"11":{"name":"(anonymous_11)","decl":{"start":{"line":62,"column":44},"end":{"line":62,"column":45}},"loc":{"start":{"line":62,"column":50},"end":{"line":64,"column":13}},"line":62},"12":{"name":"(anonymous_12)","decl":{"start":{"line":63,"column":23},"end":{"line":63,"column":24}},"loc":{"start":{"line":63,"column":29},"end":{"line":63,"column":87}},"line":63},"13":{"name":"(anonymous_13)","decl":{"start":{"line":69,"column":41},"end":{"line":69,"column":42}},"loc":{"start":{"line":69,"column":47},"end":{"line":94,"column":9}},"line":69},"14":{"name":"(anonymous_14)","decl":{"start":{"line":72,"column":23},"end":{"line":72,"column":24}},"loc":{"start":{"line":72,"column":29},"end":{"line":72,"column":143}},"line":72},"15":{"name":"(anonymous_15)","decl":{"start":{"line":74,"column":61},"end":{"line":74,"column":62}},"loc":{"start":{"line":74,"column":73},"end":{"line":87,"column":13}},"line":74},"16":{"name":"(anonymous_16)","decl":{"start":{"line":89,"column":52},"end":{"line":89,"column":53}},"loc":{"start":{"line":89,"column":58},"end":{"line":91,"column":13}},"line":89},"17":{"name":"(anonymous_17)","decl":{"start":{"line":90,"column":23},"end":{"line":90,"column":24}},"loc":{"start":{"line":90,"column":29},"end":{"line":90,"column":77}},"line":90},"18":{"name":"(anonymous_18)","decl":{"start":{"line":96,"column":37},"end":{"line":96,"column":38}},"loc":{"start":{"line":96,"column":43},"end":{"line":126,"column":9}},"line":96},"19":{"name":"(anonymous_19)","decl":{"start":{"line":99,"column":23},"end":{"line":99,"column":24}},"loc":{"start":{"line":99,"column":35},"end":{"line":103,"column":13}},"line":99},"20":{"name":"(anonymous_20)","decl":{"start":{"line":105,"column":45},"end":{"line":105,"column":46}},"loc":{"start":{"line":105,"column":57},"end":{"line":125,"column":13}},"line":105},"21":{"name":"(anonymous_21)","decl":{"start":{"line":128,"column":36},"end":{"line":128,"column":37}},"loc":{"start":{"line":128,"column":42},"end":{"line":243,"column":9}},"line":128},"22":{"name":"(anonymous_22)","decl":{"start":{"line":131,"column":23},"end":{"line":131,"column":24}},"loc":{"start":{"line":131,"column":29},"end":{"line":131,"column":120}},"line":131},"23":{"name":"(anonymous_23)","decl":{"start":{"line":133,"column":61},"end":{"line":133,"column":62}},"loc":{"start":{"line":133,"column":73},"end":{"line":157,"column":13}},"line":133},"24":{"name":"(anonymous_24)","decl":{"start":{"line":159,"column":85},"end":{"line":159,"column":86}},"loc":{"start":{"line":159,"column":97},"end":{"line":178,"column":13}},"line":159},"25":{"name":"(anonymous_25)","decl":{"start":{"line":180,"column":88},"end":{"line":180,"column":89}},"loc":{"start":{"line":180,"column":100},"end":{"line":199,"column":13}},"line":180},"26":{"name":"(anonymous_26)","decl":{"start":{"line":203,"column":46},"end":{"line":203,"column":47}},"loc":{"start":{"line":203,"column":52},"end":{"line":207,"column":13}},"line":203},"27":{"name":"(anonymous_27)","decl":{"start":{"line":206,"column":23},"end":{"line":206,"column":24}},"loc":{"start":{"line":206,"column":29},"end":{"line":206,"column":101}},"line":206},"28":{"name":"(anonymous_28)","decl":{"start":{"line":211,"column":43},"end":{"line":211,"column":44}},"loc":{"start":{"line":211,"column":49},"end":{"line":242,"column":13}},"line":211},"29":{"name":"(anonymous_29)","decl":{"start":{"line":214,"column":27},"end":{"line":214,"column":28}},"loc":{"start":{"line":214,"column":39},"end":{"line":218,"column":17}},"line":214},"30":{"name":"(anonymous_30)","decl":{"start":{"line":220,"column":65},"end":{"line":220,"column":66}},"loc":{"start":{"line":220,"column":77},"end":{"line":241,"column":17}},"line":220},"31":{"name":"(anonymous_31)","decl":{"start":{"line":248,"column":31},"end":{"line":248,"column":32}},"loc":{"start":{"line":248,"column":37},"end":{"line":384,"column":5}},"line":248},"32":{"name":"(anonymous_32)","decl":{"start":{"line":250,"column":27},"end":{"line":250,"column":28}},"loc":{"start":{"line":250,"column":33},"end":{"line":330,"column":9}},"line":250},"33":{"name":"(anonymous_33)","decl":{"start":{"line":251,"column":23},"end":{"line":251,"column":24}},"loc":{"start":{"line":251,"column":35},"end":{"line":272,"column":13}},"line":251},"34":{"name":"(anonymous_34)","decl":{"start":{"line":275,"column":49},"end":{"line":275,"column":50}},"loc":{"start":{"line":275,"column":61},"end":{"line":281,"column":13}},"line":275},"35":{"name":"(anonymous_35)","decl":{"start":{"line":283,"column":49},"end":{"line":283,"column":50}},"loc":{"start":{"line":283,"column":61},"end":{"line":289,"column":13}},"line":283},"36":{"name":"(anonymous_36)","decl":{"start":{"line":291,"column":49},"end":{"line":291,"column":50}},"loc":{"start":{"line":291,"column":61},"end":{"line":297,"column":13}},"line":291},"37":{"name":"(anonymous_37)","decl":{"start":{"line":299,"column":49},"end":{"line":299,"column":50}},"loc":{"start":{"line":299,"column":61},"end":{"line":305,"column":13}},"line":299},"38":{"name":"(anonymous_38)","decl":{"start":{"line":307,"column":49},"end":{"line":307,"column":50}},"loc":{"start":{"line":307,"column":55},"end":{"line":311,"column":13}},"line":307},"39":{"name":"(anonymous_39)","decl":{"start":{"line":310,"column":23},"end":{"line":310,"column":24}},"loc":{"start":{"line":310,"column":29},"end":{"line":310,"column":57}},"line":310},"40":{"name":"(anonymous_40)","decl":{"start":{"line":313,"column":45},"end":{"line":313,"column":46}},"loc":{"start":{"line":313,"column":51},"end":{"line":317,"column":13}},"line":313},"41":{"name":"(anonymous_41)","decl":{"start":{"line":316,"column":23},"end":{"line":316,"column":24}},"loc":{"start":{"line":316,"column":29},"end":{"line":316,"column":57}},"line":316},"42":{"name":"(anonymous_42)","decl":{"start":{"line":319,"column":45},"end":{"line":319,"column":46}},"loc":{"start":{"line":319,"column":51},"end":{"line":323,"column":13}},"line":319},"43":{"name":"(anonymous_43)","decl":{"start":{"line":322,"column":23},"end":{"line":322,"column":24}},"loc":{"start":{"line":322,"column":29},"end":{"line":322,"column":57}},"line":322},"44":{"name":"(anonymous_44)","decl":{"start":{"line":325,"column":59},"end":{"line":325,"column":60}},"loc":{"start":{"line":325,"column":65},"end":{"line":329,"column":13}},"line":325},"45":{"name":"(anonymous_45)","decl":{"start":{"line":328,"column":23},"end":{"line":328,"column":24}},"loc":{"start":{"line":328,"column":29},"end":{"line":328,"column":57}},"line":328},"46":{"name":"(anonymous_46)","decl":{"start":{"line":332,"column":27},"end":{"line":332,"column":28}},"loc":{"start":{"line":332,"column":33},"end":{"line":382,"column":9}},"line":332},"47":{"name":"(anonymous_47)","decl":{"start":{"line":333,"column":23},"end":{"line":333,"column":24}},"loc":{"start":{"line":333,"column":35},"end":{"line":348,"column":13}},"line":333},"48":{"name":"(anonymous_48)","decl":{"start":{"line":350,"column":49},"end":{"line":350,"column":50}},"loc":{"start":{"line":350,"column":61},"end":{"line":356,"column":13}},"line":350},"49":{"name":"(anonymous_49)","decl":{"start":{"line":358,"column":49},"end":{"line":358,"column":50}},"loc":{"start":{"line":358,"column":55},"end":{"line":362,"column":13}},"line":358},"50":{"name":"(anonymous_50)","decl":{"start":{"line":361,"column":23},"end":{"line":361,"column":24}},"loc":{"start":{"line":361,"column":29},"end":{"line":361,"column":55}},"line":361},"51":{"name":"(anonymous_51)","decl":{"start":{"line":364,"column":45},"end":{"line":364,"column":46}},"loc":{"start":{"line":364,"column":51},"end":{"line":368,"column":13}},"line":364},"52":{"name":"(anonymous_52)","decl":{"start":{"line":367,"column":23},"end":{"line":367,"column":24}},"loc":{"start":{"line":367,"column":29},"end":{"line":367,"column":55}},"line":367},"53":{"name":"(anonymous_53)","decl":{"start":{"line":370,"column":45},"end":{"line":370,"column":46}},"loc":{"start":{"line":370,"column":51},"end":{"line":374,"column":13}},"line":370},"54":{"name":"(anonymous_54)","decl":{"start":{"line":373,"column":23},"end":{"line":373,"column":24}},"loc":{"start":{"line":373,"column":29},"end":{"line":373,"column":55}},"line":373},"55":{"name":"(anonymous_55)","decl":{"start":{"line":376,"column":59},"end":{"line":376,"column":60}},"loc":{"start":{"line":376,"column":65},"end":{"line":380,"column":13}},"line":376},"56":{"name":"(anonymous_56)","decl":{"start":{"line":379,"column":23},"end":{"line":379,"column":24}},"loc":{"start":{"line":379,"column":29},"end":{"line":379,"column":55}},"line":379},"57":{"name":"(anonymous_57)","decl":{"start":{"line":388,"column":28},"end":{"line":388,"column":29}},"loc":{"start":{"line":388,"column":34},"end":{"line":779,"column":5}},"line":388},"58":{"name":"(anonymous_58)","decl":{"start":{"line":391,"column":19},"end":{"line":391,"column":20}},"loc":{"start":{"line":391,"column":31},"end":{"line":411,"column":9}},"line":391},"59":{"name":"(anonymous_59)","decl":{"start":{"line":412,"column":41},"end":{"line":412,"column":42}},"loc":{"start":{"line":412,"column":47},"end":{"line":476,"column":9}},"line":412},"60":{"name":"(anonymous_60)","decl":{"start":{"line":415,"column":49},"end":{"line":415,"column":50}},"loc":{"start":{"line":415,"column":61},"end":{"line":425,"column":13}},"line":415},"61":{"name":"(anonymous_61)","decl":{"start":{"line":427,"column":46},"end":{"line":427,"column":47}},"loc":{"start":{"line":427,"column":52},"end":{"line":433,"column":13}},"line":427},"62":{"name":"(anonymous_62)","decl":{"start":{"line":432,"column":23},"end":{"line":432,"column":24}},"loc":{"start":{"line":432,"column":29},"end":{"line":432,"column":71}},"line":432},"63":{"name":"(anonymous_63)","decl":{"start":{"line":435,"column":42},"end":{"line":435,"column":43}},"loc":{"start":{"line":435,"column":48},"end":{"line":439,"column":13}},"line":435},"64":{"name":"(anonymous_64)","decl":{"start":{"line":438,"column":23},"end":{"line":438,"column":24}},"loc":{"start":{"line":438,"column":29},"end":{"line":438,"column":71}},"line":438},"65":{"name":"(anonymous_65)","decl":{"start":{"line":441,"column":42},"end":{"line":441,"column":43}},"loc":{"start":{"line":441,"column":48},"end":{"line":445,"column":13}},"line":441},"66":{"name":"(anonymous_66)","decl":{"start":{"line":444,"column":23},"end":{"line":444,"column":24}},"loc":{"start":{"line":444,"column":29},"end":{"line":444,"column":71}},"line":444},"67":{"name":"(anonymous_67)","decl":{"start":{"line":447,"column":56},"end":{"line":447,"column":57}},"loc":{"start":{"line":447,"column":62},"end":{"line":451,"column":13}},"line":447},"68":{"name":"(anonymous_68)","decl":{"start":{"line":450,"column":23},"end":{"line":450,"column":24}},"loc":{"start":{"line":450,"column":29},"end":{"line":450,"column":71}},"line":450},"69":{"name":"(anonymous_69)","decl":{"start":{"line":453,"column":50},"end":{"line":453,"column":51}},"loc":{"start":{"line":453,"column":56},"end":{"line":457,"column":13}},"line":453},"70":{"name":"(anonymous_70)","decl":{"start":{"line":456,"column":23},"end":{"line":456,"column":24}},"loc":{"start":{"line":456,"column":29},"end":{"line":456,"column":71}},"line":456},"71":{"name":"(anonymous_71)","decl":{"start":{"line":459,"column":46},"end":{"line":459,"column":47}},"loc":{"start":{"line":459,"column":52},"end":{"line":463,"column":13}},"line":459},"72":{"name":"(anonymous_72)","decl":{"start":{"line":462,"column":23},"end":{"line":462,"column":24}},"loc":{"start":{"line":462,"column":29},"end":{"line":462,"column":71}},"line":462},"73":{"name":"(anonymous_73)","decl":{"start":{"line":465,"column":46},"end":{"line":465,"column":47}},"loc":{"start":{"line":465,"column":52},"end":{"line":469,"column":13}},"line":465},"74":{"name":"(anonymous_74)","decl":{"start":{"line":468,"column":23},"end":{"line":468,"column":24}},"loc":{"start":{"line":468,"column":29},"end":{"line":468,"column":71}},"line":468},"75":{"name":"(anonymous_75)","decl":{"start":{"line":471,"column":60},"end":{"line":471,"column":61}},"loc":{"start":{"line":471,"column":66},"end":{"line":475,"column":13}},"line":471},"76":{"name":"(anonymous_76)","decl":{"start":{"line":474,"column":23},"end":{"line":474,"column":24}},"loc":{"start":{"line":474,"column":29},"end":{"line":474,"column":71}},"line":474},"77":{"name":"(anonymous_77)","decl":{"start":{"line":478,"column":44},"end":{"line":478,"column":45}},"loc":{"start":{"line":478,"column":50},"end":{"line":542,"column":9}},"line":478},"78":{"name":"(anonymous_78)","decl":{"start":{"line":480,"column":49},"end":{"line":480,"column":50}},"loc":{"start":{"line":480,"column":61},"end":{"line":490,"column":13}},"line":480},"79":{"name":"(anonymous_79)","decl":{"start":{"line":492,"column":46},"end":{"line":492,"column":47}},"loc":{"start":{"line":492,"column":52},"end":{"line":498,"column":13}},"line":492},"80":{"name":"(anonymous_80)","decl":{"start":{"line":497,"column":23},"end":{"line":497,"column":24}},"loc":{"start":{"line":497,"column":29},"end":{"line":497,"column":71}},"line":497},"81":{"name":"(anonymous_81)","decl":{"start":{"line":500,"column":42},"end":{"line":500,"column":43}},"loc":{"start":{"line":500,"column":48},"end":{"line":504,"column":13}},"line":500},"82":{"name":"(anonymous_82)","decl":{"start":{"line":503,"column":23},"end":{"line":503,"column":24}},"loc":{"start":{"line":503,"column":29},"end":{"line":503,"column":71}},"line":503},"83":{"name":"(anonymous_83)","decl":{"start":{"line":506,"column":42},"end":{"line":506,"column":43}},"loc":{"start":{"line":506,"column":48},"end":{"line":510,"column":13}},"line":506},"84":{"name":"(anonymous_84)","decl":{"start":{"line":509,"column":23},"end":{"line":509,"column":24}},"loc":{"start":{"line":509,"column":29},"end":{"line":509,"column":71}},"line":509},"85":{"name":"(anonymous_85)","decl":{"start":{"line":512,"column":56},"end":{"line":512,"column":57}},"loc":{"start":{"line":512,"column":62},"end":{"line":516,"column":13}},"line":512},"86":{"name":"(anonymous_86)","decl":{"start":{"line":515,"column":23},"end":{"line":515,"column":24}},"loc":{"start":{"line":515,"column":29},"end":{"line":515,"column":71}},"line":515},"87":{"name":"(anonymous_87)","decl":{"start":{"line":518,"column":50},"end":{"line":518,"column":51}},"loc":{"start":{"line":518,"column":56},"end":{"line":522,"column":13}},"line":518},"88":{"name":"(anonymous_88)","decl":{"start":{"line":521,"column":23},"end":{"line":521,"column":24}},"loc":{"start":{"line":521,"column":29},"end":{"line":521,"column":71}},"line":521},"89":{"name":"(anonymous_89)","decl":{"start":{"line":524,"column":46},"end":{"line":524,"column":47}},"loc":{"start":{"line":524,"column":52},"end":{"line":528,"column":13}},"line":524},"90":{"name":"(anonymous_90)","decl":{"start":{"line":527,"column":23},"end":{"line":527,"column":24}},"loc":{"start":{"line":527,"column":29},"end":{"line":527,"column":71}},"line":527},"91":{"name":"(anonymous_91)","decl":{"start":{"line":530,"column":46},"end":{"line":530,"column":47}},"loc":{"start":{"line":530,"column":52},"end":{"line":534,"column":13}},"line":530},"92":{"name":"(anonymous_92)","decl":{"start":{"line":533,"column":23},"end":{"line":533,"column":24}},"loc":{"start":{"line":533,"column":29},"end":{"line":533,"column":71}},"line":533},"93":{"name":"(anonymous_93)","decl":{"start":{"line":536,"column":60},"end":{"line":536,"column":61}},"loc":{"start":{"line":536,"column":66},"end":{"line":540,"column":13}},"line":536},"94":{"name":"(anonymous_94)","decl":{"start":{"line":539,"column":23},"end":{"line":539,"column":24}},"loc":{"start":{"line":539,"column":29},"end":{"line":539,"column":71}},"line":539},"95":{"name":"(anonymous_95)","decl":{"start":{"line":544,"column":34},"end":{"line":544,"column":35}},"loc":{"start":{"line":544,"column":40},"end":{"line":562,"column":9}},"line":544},"96":{"name":"(anonymous_96)","decl":{"start":{"line":546,"column":49},"end":{"line":546,"column":50}},"loc":{"start":{"line":546,"column":61},"end":{"line":558,"column":13}},"line":546},"97":{"name":"(anonymous_97)","decl":{"start":{"line":564,"column":46},"end":{"line":564,"column":47}},"loc":{"start":{"line":564,"column":52},"end":{"line":628,"column":9}},"line":564},"98":{"name":"(anonymous_98)","decl":{"start":{"line":567,"column":49},"end":{"line":567,"column":50}},"loc":{"start":{"line":567,"column":61},"end":{"line":577,"column":13}},"line":567},"99":{"name":"(anonymous_99)","decl":{"start":{"line":579,"column":46},"end":{"line":579,"column":47}},"loc":{"start":{"line":579,"column":52},"end":{"line":585,"column":13}},"line":579},"100":{"name":"(anonymous_100)","decl":{"start":{"line":584,"column":23},"end":{"line":584,"column":24}},"loc":{"start":{"line":584,"column":29},"end":{"line":584,"column":67}},"line":584},"101":{"name":"(anonymous_101)","decl":{"start":{"line":587,"column":42},"end":{"line":587,"column":43}},"loc":{"start":{"line":587,"column":48},"end":{"line":591,"column":13}},"line":587},"102":{"name":"(anonymous_102)","decl":{"start":{"line":590,"column":23},"end":{"line":590,"column":24}},"loc":{"start":{"line":590,"column":29},"end":{"line":590,"column":67}},"line":590},"103":{"name":"(anonymous_103)","decl":{"start":{"line":593,"column":42},"end":{"line":593,"column":43}},"loc":{"start":{"line":593,"column":48},"end":{"line":597,"column":13}},"line":593},"104":{"name":"(anonymous_104)","decl":{"start":{"line":596,"column":23},"end":{"line":596,"column":24}},"loc":{"start":{"line":596,"column":29},"end":{"line":596,"column":67}},"line":596},"105":{"name":"(anonymous_105)","decl":{"start":{"line":599,"column":56},"end":{"line":599,"column":57}},"loc":{"start":{"line":599,"column":62},"end":{"line":603,"column":13}},"line":599},"106":{"name":"(anonymous_106)","decl":{"start":{"line":602,"column":23},"end":{"line":602,"column":24}},"loc":{"start":{"line":602,"column":29},"end":{"line":602,"column":67}},"line":602},"107":{"name":"(anonymous_107)","decl":{"start":{"line":605,"column":50},"end":{"line":605,"column":51}},"loc":{"start":{"line":605,"column":56},"end":{"line":609,"column":13}},"line":605},"108":{"name":"(anonymous_108)","decl":{"start":{"line":608,"column":23},"end":{"line":608,"column":24}},"loc":{"start":{"line":608,"column":29},"end":{"line":608,"column":67}},"line":608},"109":{"name":"(anonymous_109)","decl":{"start":{"line":611,"column":46},"end":{"line":611,"column":47}},"loc":{"start":{"line":611,"column":52},"end":{"line":615,"column":13}},"line":611},"110":{"name":"(anonymous_110)","decl":{"start":{"line":614,"column":23},"end":{"line":614,"column":24}},"loc":{"start":{"line":614,"column":29},"end":{"line":614,"column":67}},"line":614},"111":{"name":"(anonymous_111)","decl":{"start":{"line":617,"column":46},"end":{"line":617,"column":47}},"loc":{"start":{"line":617,"column":52},"end":{"line":621,"column":13}},"line":617},"112":{"name":"(anonymous_112)","decl":{"start":{"line":620,"column":23},"end":{"line":620,"column":24}},"loc":{"start":{"line":620,"column":29},"end":{"line":620,"column":67}},"line":620},"113":{"name":"(anonymous_113)","decl":{"start":{"line":623,"column":60},"end":{"line":623,"column":61}},"loc":{"start":{"line":623,"column":66},"end":{"line":627,"column":13}},"line":623},"114":{"name":"(anonymous_114)","decl":{"start":{"line":626,"column":23},"end":{"line":626,"column":24}},"loc":{"start":{"line":626,"column":29},"end":{"line":626,"column":67}},"line":626},"115":{"name":"(anonymous_115)","decl":{"start":{"line":630,"column":49},"end":{"line":630,"column":50}},"loc":{"start":{"line":630,"column":55},"end":{"line":693,"column":9}},"line":630},"116":{"name":"(anonymous_116)","decl":{"start":{"line":631,"column":49},"end":{"line":631,"column":50}},"loc":{"start":{"line":631,"column":61},"end":{"line":641,"column":13}},"line":631},"117":{"name":"(anonymous_117)","decl":{"start":{"line":643,"column":46},"end":{"line":643,"column":47}},"loc":{"start":{"line":643,"column":52},"end":{"line":649,"column":13}},"line":643},"118":{"name":"(anonymous_118)","decl":{"start":{"line":648,"column":23},"end":{"line":648,"column":24}},"loc":{"start":{"line":648,"column":29},"end":{"line":648,"column":70}},"line":648},"119":{"name":"(anonymous_119)","decl":{"start":{"line":651,"column":42},"end":{"line":651,"column":43}},"loc":{"start":{"line":651,"column":48},"end":{"line":655,"column":13}},"line":651},"120":{"name":"(anonymous_120)","decl":{"start":{"line":654,"column":23},"end":{"line":654,"column":24}},"loc":{"start":{"line":654,"column":29},"end":{"line":654,"column":70}},"line":654},"121":{"name":"(anonymous_121)","decl":{"start":{"line":657,"column":42},"end":{"line":657,"column":43}},"loc":{"start":{"line":657,"column":48},"end":{"line":661,"column":13}},"line":657},"122":{"name":"(anonymous_122)","decl":{"start":{"line":660,"column":23},"end":{"line":660,"column":24}},"loc":{"start":{"line":660,"column":29},"end":{"line":660,"column":70}},"line":660},"123":{"name":"(anonymous_123)","decl":{"start":{"line":663,"column":56},"end":{"line":663,"column":57}},"loc":{"start":{"line":663,"column":62},"end":{"line":667,"column":13}},"line":663},"124":{"name":"(anonymous_124)","decl":{"start":{"line":666,"column":23},"end":{"line":666,"column":24}},"loc":{"start":{"line":666,"column":29},"end":{"line":666,"column":70}},"line":666},"125":{"name":"(anonymous_125)","decl":{"start":{"line":669,"column":50},"end":{"line":669,"column":51}},"loc":{"start":{"line":669,"column":56},"end":{"line":673,"column":13}},"line":669},"126":{"name":"(anonymous_126)","decl":{"start":{"line":672,"column":23},"end":{"line":672,"column":24}},"loc":{"start":{"line":672,"column":29},"end":{"line":672,"column":70}},"line":672},"127":{"name":"(anonymous_127)","decl":{"start":{"line":675,"column":46},"end":{"line":675,"column":47}},"loc":{"start":{"line":675,"column":52},"end":{"line":679,"column":13}},"line":675},"128":{"name":"(anonymous_128)","decl":{"start":{"line":678,"column":23},"end":{"line":678,"column":24}},"loc":{"start":{"line":678,"column":29},"end":{"line":678,"column":70}},"line":678},"129":{"name":"(anonymous_129)","decl":{"start":{"line":681,"column":46},"end":{"line":681,"column":47}},"loc":{"start":{"line":681,"column":52},"end":{"line":685,"column":13}},"line":681},"130":{"name":"(anonymous_130)","decl":{"start":{"line":684,"column":23},"end":{"line":684,"column":24}},"loc":{"start":{"line":684,"column":29},"end":{"line":684,"column":70}},"line":684},"131":{"name":"(anonymous_131)","decl":{"start":{"line":687,"column":60},"end":{"line":687,"column":61}},"loc":{"start":{"line":687,"column":66},"end":{"line":691,"column":13}},"line":687},"132":{"name":"(anonymous_132)","decl":{"start":{"line":690,"column":23},"end":{"line":690,"column":24}},"loc":{"start":{"line":690,"column":29},"end":{"line":690,"column":70}},"line":690},"133":{"name":"(anonymous_133)","decl":{"start":{"line":695,"column":39},"end":{"line":695,"column":40}},"loc":{"start":{"line":695,"column":45},"end":{"line":711,"column":9}},"line":695},"134":{"name":"(anonymous_134)","decl":{"start":{"line":697,"column":49},"end":{"line":697,"column":50}},"loc":{"start":{"line":697,"column":61},"end":{"line":709,"column":13}},"line":697},"135":{"name":"(anonymous_135)","decl":{"start":{"line":713,"column":46},"end":{"line":713,"column":47}},"loc":{"start":{"line":713,"column":52},"end":{"line":777,"column":9}},"line":713},"136":{"name":"(anonymous_136)","decl":{"start":{"line":716,"column":49},"end":{"line":716,"column":50}},"loc":{"start":{"line":716,"column":61},"end":{"line":726,"column":13}},"line":716},"137":{"name":"(anonymous_137)","decl":{"start":{"line":728,"column":46},"end":{"line":728,"column":47}},"loc":{"start":{"line":728,"column":52},"end":{"line":734,"column":13}},"line":728},"138":{"name":"(anonymous_138)","decl":{"start":{"line":733,"column":23},"end":{"line":733,"column":24}},"loc":{"start":{"line":733,"column":29},"end":{"line":733,"column":71}},"line":733},"139":{"name":"(anonymous_139)","decl":{"start":{"line":736,"column":42},"end":{"line":736,"column":43}},"loc":{"start":{"line":736,"column":48},"end":{"line":740,"column":13}},"line":736},"140":{"name":"(anonymous_140)","decl":{"start":{"line":739,"column":23},"end":{"line":739,"column":24}},"loc":{"start":{"line":739,"column":29},"end":{"line":739,"column":71}},"line":739},"141":{"name":"(anonymous_141)","decl":{"start":{"line":742,"column":42},"end":{"line":742,"column":43}},"loc":{"start":{"line":742,"column":48},"end":{"line":746,"column":13}},"line":742},"142":{"name":"(anonymous_142)","decl":{"start":{"line":745,"column":23},"end":{"line":745,"column":24}},"loc":{"start":{"line":745,"column":29},"end":{"line":745,"column":71}},"line":745},"143":{"name":"(anonymous_143)","decl":{"start":{"line":748,"column":56},"end":{"line":748,"column":57}},"loc":{"start":{"line":748,"column":62},"end":{"line":752,"column":13}},"line":748},"144":{"name":"(anonymous_144)","decl":{"start":{"line":751,"column":23},"end":{"line":751,"column":24}},"loc":{"start":{"line":751,"column":29},"end":{"line":751,"column":71}},"line":751},"145":{"name":"(anonymous_145)","decl":{"start":{"line":754,"column":50},"end":{"line":754,"column":51}},"loc":{"start":{"line":754,"column":56},"end":{"line":758,"column":13}},"line":754},"146":{"name":"(anonymous_146)","decl":{"start":{"line":757,"column":23},"end":{"line":757,"column":24}},"loc":{"start":{"line":757,"column":29},"end":{"line":757,"column":71}},"line":757},"147":{"name":"(anonymous_147)","decl":{"start":{"line":760,"column":46},"end":{"line":760,"column":47}},"loc":{"start":{"line":760,"column":52},"end":{"line":764,"column":13}},"line":760},"148":{"name":"(anonymous_148)","decl":{"start":{"line":763,"column":23},"end":{"line":763,"column":24}},"loc":{"start":{"line":763,"column":29},"end":{"line":763,"column":71}},"line":763},"149":{"name":"(anonymous_149)","decl":{"start":{"line":766,"column":46},"end":{"line":766,"column":47}},"loc":{"start":{"line":766,"column":52},"end":{"line":770,"column":13}},"line":766},"150":{"name":"(anonymous_150)","decl":{"start":{"line":769,"column":23},"end":{"line":769,"column":24}},"loc":{"start":{"line":769,"column":29},"end":{"line":769,"column":71}},"line":769},"151":{"name":"(anonymous_151)","decl":{"start":{"line":772,"column":60},"end":{"line":772,"column":61}},"loc":{"start":{"line":772,"column":66},"end":{"line":776,"column":13}},"line":772},"152":{"name":"(anonymous_152)","decl":{"start":{"line":775,"column":23},"end":{"line":775,"column":24}},"loc":{"start":{"line":775,"column":29},"end":{"line":775,"column":71}},"line":775},"153":{"name":"(anonymous_153)","decl":{"start":{"line":781,"column":10},"end":{"line":781,"column":11}},"loc":{"start":{"line":781,"column":16},"end":{"line":781,"column":37}},"line":781}},"branchMap":{"0":{"loc":{"start":{"line":23,"column":4},"end":{"line":247,"column":6}},"type":"binary-expr","locations":[{"start":{"line":23,"column":4},"end":{"line":23,"column":8}},{"start":{"line":23,"column":12},"end":{"line":247,"column":6}}],"line":23},"1":{"loc":{"start":{"line":69,"column":8},"end":{"line":94,"column":10}},"type":"binary-expr","locations":[{"start":{"line":69,"column":8},"end":{"line":69,"column":12}},{"start":{"line":69,"column":16},"end":{"line":94,"column":10}}],"line":69},"2":{"loc":{"start":{"line":96,"column":8},"end":{"line":126,"column":10}},"type":"binary-expr","locations":[{"start":{"line":96,"column":8},"end":{"line":96,"column":12}},{"start":{"line":96,"column":16},"end":{"line":126,"column":10}}],"line":96},"3":{"loc":{"start":{"line":128,"column":8},"end":{"line":243,"column":10}},"type":"binary-expr","locations":[{"start":{"line":128,"column":8},"end":{"line":128,"column":13}},{"start":{"line":128,"column":17},"end":{"line":243,"column":10}}],"line":128}},"s":{"0":1,"1":1,"2":1,"3":1,"4":1,"5":1,"6":1,"7":1,"8":1,"9":1,"10":67,"11":1,"12":1,"13":1,"14":4,"15":4,"16":4,"17":4,"18":4,"19":1,"20":1,"21":1,"22":1,"23":1,"24":1,"25":1,"26":1,"27":1,"28":1,"29":1,"30":1,"31":1,"32":1,"33":1,"34":1,"35":1,"36":1,"37":1,"38":1,"39":1,"40":1,"41":1,"42":2,"43":1,"44":1,"45":1,"46":1,"47":1,"48":1,"49":1,"50":1,"51":1,"52":1,"53":1,"54":1,"55":1,"56":1,"57":1,"58":1,"59":1,"60":1,"61":1,"62":1,"63":1,"64":1,"65":1,"66":1,"67":1,"68":1,"69":1,"70":1,"71":1,"72":1,"73":1,"74":1,"75":0,"76":0,"77":0,"78":0,"79":0,"80":0,"81":0,"82":0,"83":0,"84":0,"85":0,"86":0,"87":0,"88":0,"89":0,"90":0,"91":0,"92":0,"93":0,"94":0,"95":0,"96":0,"97":0,"98":0,"99":0,"100":0,"101":0,"102":0,"103":0,"104":0,"105":0,"106":0,"107":0,"108":0,"109":0,"110":0,"111":0,"112":0,"113":0,"114":0,"115":0,"116":0,"117":0,"118":0,"119":0,"120":0,"121":0,"122":0,"123":0,"124":0,"125":0,"126":0,"127":0,"128":0,"129":0,"130":0,"131":0,"132":0,"133":0,"134":0,"135":0,"136":0,"137":0,"138":0,"139":1,"140":1,"141":1,"142":8,"143":8,"144":8,"145":8,"146":8,"147":8,"148":8,"149":8,"150":8,"151":8,"152":8,"153":8,"154":8,"155":8,"156":8,"157":8,"158":8,"159":8,"160":1,"161":1,"162":1,"163":1,"164":1,"165":1,"166":1,"167":1,"168":1,"169":1,"170":1,"171":1,"172":1,"173":1,"174":1,"175":1,"176":1,"177":1,"178":1,"179":1,"180":1,"181":1,"182":1,"183":1,"184":1,"185":1,"186":1,"187":1,"188":1,"189":1,"190":1,"191":1,"192":1,"193":1,"194":5,"195":5,"196":5,"197":5,"198":5,"199":5,"200":5,"201":5,"202":5,"203":5,"204":5,"205":5,"206":1,"207":1,"208":1,"209":1,"210":1,"211":1,"212":1,"213":1,"214":1,"215":1,"216":1,"217":1,"218":1,"219":1,"220":1,"221":1,"222":1,"223":1,"224":1,"225":1,"226":1,"227":1,"228":47,"229":47,"230":47,"231":47,"232":47,"233":47,"234":47,"235":47,"236":47,"237":47,"238":47,"239":47,"240":47,"241":47,"242":1,"243":1,"244":1,"245":1,"246":1,"247":1,"248":1,"249":1,"250":1,"251":1,"252":1,"253":1,"254":1,"255":1,"256":1,"257":1,"258":1,"259":1,"260":1,"261":1,"262":1,"263":1,"264":1,"265":1,"266":1,"267":1,"268":1,"269":1,"270":1,"271":1,"272":1,"273":1,"274":1,"275":1,"276":1,"277":1,"278":1,"279":1,"280":1,"281":1,"282":1,"283":1,"284":1,"285":1,"286":1,"287":1,"288":1,"289":1,"290":1,"291":1,"292":1,"293":1,"294":1,"295":1,"296":1,"297":1,"298":1,"299":1,"300":1,"301":1,"302":1,"303":1,"304":1,"305":1,"306":1,"307":1,"308":1,"309":1,"310":1,"311":1,"312":1,"313":1,"314":1,"315":1,"316":1,"317":1,"318":1,"319":1,"320":1,"321":1,"322":1,"323":1,"324":1,"325":1,"326":1,"327":1,"328":1,"329":1,"330":1,"331":1,"332":1,"333":1,"334":1,"335":1,"336":1,"337":1,"338":1,"339":1,"340":1,"341":1,"342":1,"343":1,"344":1,"345":1,"346":1,"347":1,"348":1,"349":1,"350":1,"351":1,"352":1,"353":1,"354":1,"355":1,"356":1,"357":1,"358":1,"359":1,"360":1,"361":1,"362":1,"363":1,"364":1,"365":1,"366":1,"367":1,"368":1,"369":1,"370":1,"371":1,"372":1,"373":1,"374":1,"375":1,"376":1,"377":1,"378":1,"379":1,"380":1,"381":1,"382":1,"383":1,"384":1,"385":1,"386":1,"387":1,"388":1,"389":1,"390":1,"391":1,"392":1,"393":1,"394":1,"395":1,"396":1,"397":1,"398":1,"399":1,"400":1,"401":1,"402":1,"403":1,"404":1,"405":1,"406":1,"407":1,"408":1,"409":1,"410":1,"411":1,"412":1,"413":1,"414":1,"415":1,"416":1,"417":1,"418":1,"419":1,"420":1,"421":1,"422":1,"423":1,"424":1,"425":1,"426":1,"427":1,"428":1,"429":1,"430":1,"431":1,"432":1,"433":1,"434":1,"435":1,"436":1,"437":1,"438":1,"439":1,"440":1,"441":1,"442":1,"443":1,"444":1,"445":1,"446":1,"447":1,"448":1,"449":1,"450":1,"451":1,"452":1,"453":1,"454":1,"455":1,"456":1,"457":1,"458":1,"459":1,"460":1,"461":1,"462":1,"463":1,"464":1,"465":1,"466":1,"467":1,"468":1,"469":1,"470":1,"471":1,"472":1,"473":1,"474":1,"475":1,"476":1,"477":1,"478":1,"479":1,"480":1,"481":1,"482":1,"483":1,"484":1,"485":1,"486":1,"487":1,"488":1,"489":1,"490":1,"491":1,"492":1,"493":1,"494":1},"f":{"0":1,"1":1,"2":67,"3":1,"4":1,"5":4,"6":1,"7":1,"8":1,"9":1,"10":1,"11":1,"12":1,"13":1,"14":2,"15":1,"16":1,"17":1,"18":1,"19":1,"20":1,"21":0,"22":0,"23":0,"24":0,"25":0,"26":0,"27":0,"28":0,"29":0,"30":0,"31":1,"32":1,"33":8,"34":1,"35":1,"36":1,"37":1,"38":1,"39":1,"40":1,"41":1,"42":1,"43":1,"44":1,"45":1,"46":1,"47":5,"48":1,"49":1,"50":1,"51":1,"52":1,"53":1,"54":1,"55":1,"56":1,"57":1,"58":47,"59":1,"60":1,"61":1,"62":1,"63":1,"64":1,"65":1,"66":1,"67":1,"68":1,"69":1,"70":1,"71":1,"72":1,"73":1,"74":1,"75":1,"76":1,"77":1,"78":1,"79":1,"80":1,"81":1,"82":1,"83":1,"84":1,"85":1,"86":1,"87":1,"88":1,"89":1,"90":1,"91":1,"92":1,"93":1,"94":1,"95":1,"96":1,"97":1,"98":1,"99":1,"100":1,"101":1,"102":1,"103":1,"104":1,"105":1,"106":1,"107":1,"108":1,"109":1,"110":1,"111":1,"112":1,"113":1,"114":1,"115":1,"116":1,"117":1,"118":1,"119":1,"120":1,"121":1,"122":1,"123":1,"124":1,"125":1,"126":1,"127":1,"128":1,"129":1,"130":1,"131":1,"132":1,"133":1,"134":1,"135":1,"136":1,"137":1,"138":1,"139":1,"140":1,"141":1,"142":1,"143":1,"144":1,"145":1,"146":1,"147":1,"148":1,"149":1,"150":1,"151":1,"152":1,"153":1},"b":{"0":[1,1],"1":[1,1],"2":[1,1],"3":[1,0]},"_coverageSchema":"43e27e138ebf9cfc5966b082cf9a028302ed4184","hash":"7ff8ec41c2016ae98cd6409b1bae68949c19274a","contentHash":"200853899d23e4ab3bc3c65fa4194a2f"},"C:\\Users\\calvi\\Desktop\\new-bootcamp\\skylab-bootcamp-201809\\staff\\tomas-sancheznavarro\\mzkpoint\\mzkpoint-api\\data\\index.js":{"path":"C:\\Users\\calvi\\Desktop\\new-bootcamp\\skylab-bootcamp-201809\\staff\\tomas-sancheznavarro\\mzkpoint\\mzkpoint-api\\data\\index.js","statementMap":{"0":{"start":{"line":1,"column":17},"end":{"line":1,"column":36}},"1":{"start":{"line":3,"column":33},"end":{"line":3,"column":53}},"2":{"start":{"line":5,"column":0},"end":{"line":9,"column":1}}},"fnMap":{},"branchMap":{},"s":{"0":1,"1":1,"2":1},"f":{},"b":{},"_coverageSchema":"43e27e138ebf9cfc5966b082cf9a028302ed4184","hash":"34c6e2eb2c535628913862e21a59f7d1ebb3604b","contentHash":"5a2c98827433a4c273917f07a2f7af00"},"C:\\Users\\calvi\\Desktop\\new-bootcamp\\skylab-bootcamp-201809\\staff\\tomas-sancheznavarro\\mzkpoint\\mzkpoint-api\\data\\schemas.js":{"path":"C:\\Users\\calvi\\Desktop\\new-bootcamp\\skylab-bootcamp-201809\\staff\\tomas-sancheznavarro\\mzkpoint\\mzkpoint-api\\data\\schemas.js","statementMap":{"0":{"start":{"line":1,"column":46},"end":{"line":1,"column":65}},"1":{"start":{"line":3,"column":16},"end":{"line":56,"column":2}},"2":{"start":{"line":58,"column":14},"end":{"line":78,"column":2}},"3":{"start":{"line":80,"column":13},"end":{"line":123,"column":2}},"4":{"start":{"line":125,"column":0},"end":{"line":129,"column":1}}},"fnMap":{},"branchMap":{},"s":{"0":1,"1":1,"2":1,"3":1,"4":1},"f":{},"b":{},"_coverageSchema":"43e27e138ebf9cfc5966b082cf9a028302ed4184","hash":"81e1e25a116347249094f7bd45923ea6bde9010a","contentHash":"b9b17e94e5d09cfd5d32bba6dae11bd0"},"C:\\Users\\calvi\\Desktop\\new-bootcamp\\skylab-bootcamp-201809\\staff\\tomas-sancheznavarro\\mzkpoint\\mzkpoint-api\\logic\\index.js":{"path":"C:\\Users\\calvi\\Desktop\\new-bootcamp\\skylab-bootcamp-201809\\staff\\tomas-sancheznavarro\\mzkpoint\\mzkpoint-api\\logic\\index.js","statementMap":{"0":{"start":{"line":1,"column":33},"end":{"line":1,"column":51}},"1":{"start":{"line":2,"column":86},"end":{"line":2,"column":106}},"2":{"start":{"line":3,"column":17},"end":{"line":3,"column":45}},"3":{"start":{"line":5,"column":14},"end":{"line":437,"column":1}},"4":{"start":{"line":7,"column":8},"end":{"line":11,"column":60}},"5":{"start":{"line":13,"column":8},"end":{"line":21,"column":12}},"6":{"start":{"line":14,"column":23},"end":{"line":14,"column":55}},"7":{"start":{"line":16,"column":12},"end":{"line":16,"column":93}},"8":{"start":{"line":16,"column":22},"end":{"line":16,"column":93}},"9":{"start":{"line":18,"column":12},"end":{"line":18,"column":73}},"10":{"start":{"line":20,"column":12},"end":{"line":20,"column":29}},"11":{"start":{"line":25,"column":8},"end":{"line":26,"column":60}},"12":{"start":{"line":28,"column":8},"end":{"line":34,"column":12}},"13":{"start":{"line":29,"column":25},"end":{"line":29,"column":57}},"14":{"start":{"line":31,"column":12},"end":{"line":31,"column":104}},"15":{"start":{"line":31,"column":53},"end":{"line":31,"column":104}},"16":{"start":{"line":33,"column":12},"end":{"line":33,"column":26}},"17":{"start":{"line":38,"column":8},"end":{"line":38,"column":58}},"18":{"start":{"line":40,"column":8},"end":{"line":48,"column":12}},"19":{"start":{"line":41,"column":25},"end":{"line":41,"column":90}},"20":{"start":{"line":42,"column":12},"end":{"line":42,"column":20}},"21":{"start":{"line":43,"column":12},"end":{"line":43,"column":78}},"22":{"start":{"line":43,"column":23},"end":{"line":43,"column":78}},"23":{"start":{"line":45,"column":12},"end":{"line":45,"column":24}},"24":{"start":{"line":47,"column":12},"end":{"line":47,"column":23}},"25":{"start":{"line":52,"column":8},"end":{"line":59,"column":10}},"26":{"start":{"line":61,"column":8},"end":{"line":89,"column":12}},"27":{"start":{"line":62,"column":25},"end":{"line":62,"column":48}},"28":{"start":{"line":64,"column":12},"end":{"line":64,"column":78}},"29":{"start":{"line":64,"column":23},"end":{"line":64,"column":78}},"30":{"start":{"line":66,"column":12},"end":{"line":66,"column":83}},"31":{"start":{"line":66,"column":44},"end":{"line":66,"column":83}},"32":{"start":{"line":68,"column":12},"end":{"line":88,"column":13}},"33":{"start":{"line":70,"column":16},"end":{"line":74,"column":17}},"34":{"start":{"line":71,"column":34},"end":{"line":71,"column":66}},"35":{"start":{"line":73,"column":20},"end":{"line":73,"column":98}},"36":{"start":{"line":73,"column":31},"end":{"line":73,"column":98}},"37":{"start":{"line":76,"column":16},"end":{"line":76,"column":50}},"38":{"start":{"line":77,"column":16},"end":{"line":77,"column":59}},"39":{"start":{"line":78,"column":16},"end":{"line":78,"column":40}},"40":{"start":{"line":79,"column":16},"end":{"line":79,"column":68}},"41":{"start":{"line":81,"column":16},"end":{"line":81,"column":33}},"42":{"start":{"line":83,"column":16},"end":{"line":83,"column":50}},"43":{"start":{"line":84,"column":16},"end":{"line":84,"column":59}},"44":{"start":{"line":85,"column":16},"end":{"line":85,"column":68}},"45":{"start":{"line":87,"column":16},"end":{"line":87,"column":33}},"46":{"start":{"line":97,"column":8},"end":{"line":97,"column":66}},"47":{"start":{"line":99,"column":8},"end":{"line":123,"column":12}},"48":{"start":{"line":101,"column":12},"end":{"line":101,"column":104}},"49":{"start":{"line":101,"column":41},"end":{"line":101,"column":104}},"50":{"start":{"line":103,"column":29},"end":{"line":114,"column":20}},"51":{"start":{"line":111,"column":20},"end":{"line":111,"column":39}},"52":{"start":{"line":111,"column":29},"end":{"line":111,"column":39}},"53":{"start":{"line":112,"column":20},"end":{"line":112,"column":31}},"54":{"start":{"line":116,"column":12},"end":{"line":116,"column":74}},"55":{"start":{"line":116,"column":34},"end":{"line":116,"column":74}},"56":{"start":{"line":118,"column":12},"end":{"line":121,"column":14}},"57":{"start":{"line":119,"column":16},"end":{"line":119,"column":41}},"58":{"start":{"line":120,"column":16},"end":{"line":120,"column":31}},"59":{"start":{"line":122,"column":12},"end":{"line":122,"column":27}},"60":{"start":{"line":130,"column":8},"end":{"line":132,"column":10}},"61":{"start":{"line":134,"column":8},"end":{"line":158,"column":12}},"62":{"start":{"line":136,"column":29},"end":{"line":150,"column":20}},"63":{"start":{"line":146,"column":20},"end":{"line":146,"column":35}},"64":{"start":{"line":146,"column":29},"end":{"line":146,"column":35}},"65":{"start":{"line":148,"column":20},"end":{"line":148,"column":31}},"66":{"start":{"line":152,"column":12},"end":{"line":152,"column":74}},"67":{"start":{"line":152,"column":34},"end":{"line":152,"column":74}},"68":{"start":{"line":153,"column":12},"end":{"line":156,"column":14}},"69":{"start":{"line":154,"column":16},"end":{"line":154,"column":41}},"70":{"start":{"line":155,"column":16},"end":{"line":155,"column":31}},"71":{"start":{"line":157,"column":12},"end":{"line":157,"column":27}},"72":{"start":{"line":165,"column":8},"end":{"line":168,"column":10}},"73":{"start":{"line":169,"column":8},"end":{"line":182,"column":12}},"74":{"start":{"line":171,"column":23},"end":{"line":171,"column":50}},"75":{"start":{"line":173,"column":12},"end":{"line":177,"column":14}},"76":{"start":{"line":175,"column":16},"end":{"line":175,"column":85}},"77":{"start":{"line":175,"column":39},"end":{"line":175,"column":85}},"78":{"start":{"line":179,"column":12},"end":{"line":179,"column":41}},"79":{"start":{"line":181,"column":12},"end":{"line":181,"column":29}},"80":{"start":{"line":187,"column":8},"end":{"line":189,"column":10}},"81":{"start":{"line":191,"column":8},"end":{"line":215,"column":12}},"82":{"start":{"line":193,"column":25},"end":{"line":193,"column":59}},"83":{"start":{"line":195,"column":12},"end":{"line":195,"column":85}},"84":{"start":{"line":195,"column":23},"end":{"line":195,"column":85}},"85":{"start":{"line":197,"column":27},"end":{"line":197,"column":40}},"86":{"start":{"line":199,"column":29},"end":{"line":203,"column":21}},"87":{"start":{"line":202,"column":16},"end":{"line":202,"column":28}},"88":{"start":{"line":206,"column":12},"end":{"line":209,"column":14}},"89":{"start":{"line":207,"column":16},"end":{"line":207,"column":41}},"90":{"start":{"line":208,"column":16},"end":{"line":208,"column":31}},"91":{"start":{"line":213,"column":12},"end":{"line":213,"column":27}},"92":{"start":{"line":220,"column":8},"end":{"line":223,"column":10}},"93":{"start":{"line":225,"column":8},"end":{"line":240,"column":12}},"94":{"start":{"line":227,"column":25},"end":{"line":227,"column":52}},"95":{"start":{"line":229,"column":12},"end":{"line":229,"column":82}},"96":{"start":{"line":229,"column":23},"end":{"line":229,"column":82}},"97":{"start":{"line":231,"column":27},"end":{"line":231,"column":40}},"98":{"start":{"line":233,"column":24},"end":{"line":233,"column":66}},"99":{"start":{"line":233,"column":48},"end":{"line":233,"column":65}},"100":{"start":{"line":235,"column":12},"end":{"line":235,"column":33}},"101":{"start":{"line":238,"column":12},"end":{"line":238,"column":29}},"102":{"start":{"line":246,"column":8},"end":{"line":249,"column":10}},"103":{"start":{"line":251,"column":8},"end":{"line":259,"column":12}},"104":{"start":{"line":253,"column":23},"end":{"line":253,"column":50}},"105":{"star
[...]
"10":{"loc":{"start":{"line":77,"column":16},"end":{"line":77,"column":59}},"type":"binary-expr","locations":[{"start":{"line":77,"column":16},"end":{"line":77,"column":31}},{"start":{"line":77,"column":36},"end":{"line":77,"column":58}}],"line":77},"11":{"loc":{"start":{"line":79,"column":16},"end":{"line":79,"column":68}},"type":"binary-expr","locations":[{"start":{"line":79,"column":16},"end":{"line":79,"column":35}},{"start":{"line":79,"column":40},"end":{"line":79,"column":67}}],"line":79},"12":{"loc":{"start":{"line":83,"column":16},"end":{"line":83,"column":50}},"type":"binary-expr","locations":[{"start":{"line":83,"column":16},"end":{"line":83,"column":28}},{"start":{"line":83,"column":33},"end":{"line":83,"column":49}}],"line":83},"13":{"loc":{"start":{"line":84,"column":16},"end":{"line":84,"column":59}},"type":"binary-expr","locations":[{"start":{"line":84,"column":16},"end":{"line":84,"column":31}},{"start":{"line":84,"column":36},"end":{"line":84,"column":58}}],"line":84},"14":{"loc":{"start":{"line":85,"column":16},"end":{"line":85,"column":68}},"type":"binary-expr","locations":[{"start":{"line":85,"column":16},"end":{"line":85,"column":35}},{"start":{"line":85,"column":40},"end":{"line":85,"column":67}}],"line":85},"15":{"loc":{"start":{"line":101,"column":12},"end":{"line":101,"column":104}},"type":"if","locations":[{"start":{"line":101,"column":12},"end":{"line":101,"column":104}},{"start":{"line":101,"column":12},"end":{"line":101,"column":104}}],"line":101},"16":{"loc":{"start":{"line":111,"column":20},"end":{"line":111,"column":39}},"type":"if","locations":[{"start":{"line":111,"column":20},"end":{"line":111,"column":39}},{"start":{"line":111,"column":20},"end":{"line":111,"column":39}}],"line":111},"17":{"loc":{"start":{"line":116,"column":12},"end":{"line":116,"column":74}},"type":"if","locations":[{"start":{"line":116,"column":12},"end":{"line":116,"column":74}},{"start":{"line":116,"column":12},"end":{"line":116,"column":74}}],"line":116},"18":{"loc":{"start":{"line":146,"column":20},"end":{"line":146,"column":35}},"type":"if","locations":[{"start":{"line":146,"column":20},"end":{"line":146,"column":35}},{"start":{"line":146,"column":20},"end":{"line":146,"column":35}}],"line":146},"19":{"loc":{"start":{"line":152,"column":12},"end":{"line":152,"column":74}},"type":"if","locations":[{"start":{"line":152,"column":12},"end":{"line":152,"column":74}},{"start":{"line":152,"column":12},"end":{"line":152,"column":74}}],"line":152},"20":{"loc":{"start":{"line":175,"column":16},"end":{"line":175,"column":85}},"type":"if","locations":[{"start":{"line":175,"column":16},"end":{"line":175,"column":85}},{"start":{"line":175,"column":16},"end":{"line":175,"column":85}}],"line":175},"21":{"loc":{"start":{"line":195,"column":12},"end":{"line":195,"column":85}},"type":"if","locations":[{"start":{"line":195,"column":12},"end":{"line":195,"column":85}},{"start":{"line":195,"column":12},"end":{"line":195,"column":85}}],"line":195},"22":{"loc":{"start":{"line":229,"column":12},"end":{"line":229,"column":82}},"type":"if","locations":[{"start":{"line":229,"column":12},"end":{"line":229,"column":82}},{"start":{"line":229,"column":12},"end":{"line":229,"column":82}}],"line":229},"23":{"loc":{"start":{"line":272,"column":12},"end":{"line":272,"column":85}},"type":"if","locations":[{"start":{"line":272,"column":12},"end":{"line":272,"column":85}},{"start":{"line":272,"column":12},"end":{"line":272,"column":85}}],"line":272},"24":{"loc":{"start":{"line":301,"column":12},"end":{"line":301,"column":82}},"type":"if","locations":[{"start":{"line":301,"column":12},"end":{"line":301,"column":82}},{"start":{"line":301,"column":12},"end":{"line":301,"column":82}}],"line":301},"25":{"loc":{"start":{"line":342,"column":12},"end":{"line":342,"column":85}},"type":"if","locations":[{"start":{"line":342,"column":12},"end":{"line":342,"column":85}},{"start":{"line":342,"column":12},"end":{"line":342,"column":85}}],"line":342},"26":{"loc":{"start":{"line":371,"column":12},"end":{"line":371,"column":82}},"type":"if","locations":[{"start":{"line":371,"column":12},"end":{"line":371,"column":82}},{"start":{"line":371,"column":12},"end":{"line":371,"column":82}}],"line":371},"27":{"loc":{"start":{"line":423,"column":12},"end":{"line":423,"column":64}},"type":"if","locations":[{"start":{"line":423,"column":12},"end":{"line":423,"column":64}},{"start":{"line":423,"column":12},"end":{"line":423,"column":64}}],"line":423}},"s":{"0":1,"1":1,"2":1,"3":1,"4":4,"5":1,"6":1,"7":1,"8":0,"9":1,"10":1,"11":2,"12":1,"13":1,"14":1,"15":0,"16":1,"17":1,"18":1,"19":1,"20":1,"21":1,"22":0,"23":1,"24":1,"25":0,"26":0,"27":0,"28":0,"29":0,"30":0,"31":0,"32":0,"33":0,"34":0,"35":0,"36":0,"37":0,"38":0,"39":0,"40":0,"41":0,"42":0,"43":0,"44":0,"45":0,"46":8,"47":4,"48":4,"49":0,"50":4,"51":4,"52":0,"53":4,"54":4,"55":0,"56":4,"57":14,"58":14,"59":4,"60":5,"61":1,"62":1,"63":1,"64":0,"65":1,"66":1,"67":0,"68":1,"69":1,"70":1,"71":1,"72":18,"73":2,"74":2,"75":2,"76":0,"77":0,"78":2,"79":2,"80":1,"81":1,"82":1,"83":1,"84":0,"85":1,"86":1,"87":1,"88":1,"89":1,"90":1,"91":1,"92":1,"93":1,"94":1,"95":1,"96":0,"97":1,"98":1,"99":0,"100":1,"101":1,"102":10,"103":2,"104":2,"105":2,"106":2,"107":1,"108":1,"109":1,"110":1,"111":0,"112":1,"113":1,"114":1,"115":1,"116":1,"117":1,"118":1,"119":9,"120":1,"121":1,"122":1,"123":0,"124":1,"125":1,"126":0,"127":1,"128":1,"129":9,"130":1,"131":1,"132":1,"133":1,"134":0,"135":0,"136":0,"137":0,"138":0,"139":0,"140":0,"141":0,"142":0,"143":0,"144":0,"145":0,"146":0,"147":0,"148":0,"149":0,"150":0,"151":0,"152":0,"153":0,"154":0,"155":0,"156":0,"157":0,"158":0,"159":0,"160":0,"161":0,"162":0,"163":0,"164":0,"165":0,"166":0,"167":0,"168":0,"169":0,"170":0,"171":0,"172":0,"173":0,"174":0,"175":0,"176":1},"f":{"0":4,"1":1,"2":2,"3":1,"4":1,"5":1,"6":0,"7":0,"8":8,"9":4,"10":4,"11":14,"12":5,"13":1,"14":1,"15":1,"16":18,"17":2,"18":0,"19":1,"20":1,"21":1,"22":1,"23":1,"24":1,"25":0,"26":10,"27":2,"28":1,"29":1,"30":1,"31":1,"32":9,"33":1,"34":0,"35":9,"36":1,"37":0,"38":0,"39":0,"40":0,"41":0,"42":0,"43":0,"44":0,"45":0,"46":0,"47":0,"48":0,"49":0},"b":{"0":[0,1],"1":[0,1],"2":[1,1],"3":[0,1],"4":[0,0],"5":[0,0],"6":[0,0],"7":[0,0],"8":[0,0],"9":[0,0],"10":[0,0],"11":[0,0],"12":[0,0],"13":[0,0],"14":[0,0],"15":[0,4],"16":[0,4],"17":[0,4],"18":[0,1],"19":[0,1],"20":[0,0],"21":[0,1],"22":[0,1],"23":[0,1],"24":[0,1],"25":[0,0],"26":[0,0],"27":[0,0]},"_coverageSchema":"43e27e138ebf9cfc5966b082cf9a028302ed4184","hash":"8c5bf4a478722dbf741d7a857fe4e213e60eef3f","contentHash":"571969dfcafd59e56c8c7a045a137f46"},"C:\\Users\\calvi\\Desktop\\new-bootcamp\\skylab-bootcamp-201809\\staff\\tomas-sancheznavarro\\mzkpoint\\mzkpoint-api\\errors\\index.js":{"path":"C:\\Users\\calvi\\Desktop\\new-bootcamp\\skylab-bootcamp-201809\\staff\\tomas-sancheznavarro\\mzkpoint\\mzkpoint-api\\errors\\index.js","statementMap":{"0":{"start":{"line":1,"column":27},"end":{"line":1,"column":60}},"1":{"start":{"line":2,"column":18},"end":{"line":2,"column":41}},"2":{"start":{"line":3,"column":24},"end":{"line":3,"column":54}},"3":{"start":{"line":4,"column":22},"end":{"line":4,"column":50}},"4":{"start":{"line":5,"column":19},"end":{"line":5,"column":43}},"5":{"start":{"line":7,"column":0},"end":{"line":13,"column":1}}},"fnMap":{},"branchMap":{},"s":{"0":1,"1":1,"2":1,"3":1,"4":1,"5":1},"f":{},"b":{},"_coverageSchema":"43e27e138ebf9cfc5966b082cf9a028302ed4184","hash":"8e8536176d38e9ec482844d68d65a9dda93f1789","contentHash":"b41e586322f1ac93e36ec7f3b79dc08b"},"C:\\Users\\calvi\\Desktop\\new-bootcamp\\skylab-bootcamp-201809\\staff\\tomas-sancheznavarro\\mzkpoint\\mzkpoint-api\\errors\\already-exists-error.js":{"path":"C:\\Users\\calvi\\Desktop\\new-bootcamp\\skylab-bootcamp-201809\\staff\\tomas-sancheznavarro\\mzkpoint\\mzkpoint-api\\errors\\already-exists-error.js","statementMap":{"0":{"start":{"line":3,"column":8},"end":{"line":3,"column":15}},"1":{"start":{"line":5,"column":8},"end":{"line":5,"column":55}},"2":{"start":{"line":7,"column":8},"end":{"line":7,"column":40}},"3":{"start":{"line":8,"column":8},"end":{"line":8,"column":30}},"4":{"start":{"line":10,"column":8},"end":{"line":10,"column":37}},"5":{"start":{"line":10,"column":19},"end":{"line":10,"column":37}},"6":{"start":{"line":14,"column":0},"end":{"line":14,"column":35}}},"fnMap":{"0":{"name":"(anonymous_0)","decl":{"start":{"line":2,"column":4},"end":{"line":2,"column":5}},"loc":{"start":{"line":2,"column":32},"end":{"line":11,"column":5}},"line":2}},"branchMap":{"0":{"loc":{"start":{"line":10,"column":8},"end":{"line":10,"column":37}},"type":"if","locations":[{"start":{"line":10,"column":8},"end":{"line":10,"column":37}},{"start":{"line":10,"column":8},"end":{"line":10,"column":37}}],"line":10}},"s":{"0":0,"1":0,"2":0,"3":0,"4":0,"5":0,"6":1},"f":{"0":0},"b":{"0":[0,0]},"_coverageSchema":"43e27e138ebf9cfc5966b082cf9a028302ed4184","hash":"a2d53702b42866933e67c538d31f9dac80c71505","contentHash":"e6d9fe927d46ee401f04dec94fc51160"},"C:\\Users\\calvi\\Desktop\\new-bootcamp\\skylab-bootcamp-201809\\staff\\tomas-sancheznavarro\\mzkpoint\\mzkpoint-api\\errors\\auth-error.js":{"path":"C:\\Users\\calvi\\Desktop\\new-bootcamp\\skylab-bootcamp-201809\\staff\\tomas-sancheznavarro\\mzkpoint\\mzkpoint-api\\errors\\auth-error.js","statementMap":{"0":{"start":{"line":3,"column":8},"end":{"line":3,"column":15}},"1":{"start":{"line":5,"column":8},"end":{"line":5,"column":55}},"2":{"start":{"line":7,"column":8},"end":{"line":7,"column":31}},"3":{"start":{"line":8,"column":8},"end":{"line":8,"column":30}},"4":{"start":{"line":10,"column":8},"end":{"line":10,"column":37}},"5":{"start":{"line":10,"column":19},"end":{"line":10,"column":37}},"6":{"start":{"line":14,"column":0},"end":{"line":14,"column":26}}},"fnMap":{"0":{"name":"(anonymous_0)","decl":{"start":{"line":2,"column":4},"end":{"line":2,"column":5}},"loc":{"start":{"line":2,"column":32},"end":{"line":11,"column":5}},"line":2}},"branchMap":{"0":{"loc":{"start":{"line":10,"column":8},"end":{"line":10,"column":37}},"type":"if","locations":[{"start":{"line":10,"column":8},"end":{"line":10,"column":37}},{"start":{"line":10,"column":8},"end":{"line":10,"column":37}}],"line":10}},"s":{"0":0,"1":0,"2":0,"3":0,"4":0,"5":0,"6":1},"f":{"0":0},"b":{"0":[0,0]},"_coverageSchema":"43e27e138ebf9cfc5966b082cf9a028302ed4184","hash":"ef4e5f57236ae0e3573b3e4fa8ef75e578e216ab","contentHash":"384624cc02fbbe348c379a08c1bd425a"},"C:\\Users\\calvi\\Desktop\\new-bootcamp\\skylab-bootcamp-201809\\staff\\tomas-sancheznavarro\\mzkpoint\\mzkpoint-api\\errors\\not-allowed-error.js":{"path":"C:\\Users\\calvi\\Desktop\\new-bootcamp\\skylab-bootcamp-201809\\staff\\tomas-sancheznavarro\\mzkpoint\\mzkpoint-api\\errors\\not-allowed-error.js","statementMap":{"0":{"start":{"line":3,"column":8},"end":{"line":3,"column":15}},"1":{"start":{"line":5,"column":8},"end":{"line":5,"column":55}},"2":{"start":{"line":7,"column":8},"end":{"line":7,"column":37}},"3":{"start":{"line":8,"column":8},"end":{"line":8,"column":30}},"4":{"start":{"line":10,"column":8},"end":{"line":10,"column":37}},"5":{"start":{"line":10,"column":19},"end":{"line":10,"column":37}},"6":{"start":{"line":14,"column":0},"end":{"line":14,"column":32}}},"fnMap":{"0":{"name":"(anonymous_0)","decl":{"start":{"line":2,"column":4},"end":{"line":2,"column":5}},"loc":{"start":{"line":2,"column":32},"end":{"line":11,"column":5}},"line":2}},"branchMap":{"0":{"loc":{"start":{"line":10,"column":8},"end":{"line":10,"column":37}},"type":"if","locations":[{"start":{"line":10,"column":8},"end":{"line":10,"column":37}},{"start":{"line":10,"column":8},"end":{"line":10,"column":37}}],"line":10}},"s":{"0":0,"1":0,"2":0,"3":0,"4":0,"5":0,"6":1},"f":{"0":0},"b":{"0":[0,0]},"_coverageSchema":"43e27e138ebf9cfc5966b082cf9a028302ed4184","hash":"4951c17d9a04eeaee65b2f9b534f67a56e0ea8c9","contentHash":"0afe41afb7d60a3c3f3dc63f8d6b3de8"},"C:\\Users\\calvi\\Desktop\\new-bootcamp\\skylab-bootcamp-201809\\staff\\tomas-sancheznavarro\\mzkpoint\\mzkpoint-api\\errors\\not-found-error.js":{"path":"C:\\Users\\calvi\\Desktop\\new-bootcamp\\skylab-bootcamp-201809\\staff\\tomas-sancheznavarro\\mzkpoint\\mzkpoint-api\\errors\\not-found-error.js","statementMap":{"0":{"start":{"line":3,"column":8},"end":{"line":3,"column":15}},"1":{"start":{"line":5,"column":8},"end":{"line":5,"column":55}},"2":{"start":{"line":7,"column":8},"end":{"line":7,"column":35}},"3":{"start":{"line":8,"column":8},"end":{"line":8,"column":30}},"4":{"start":{"line":10,"column":8},"end":{"line":10,"column":37}},"5":{"start":{"line":10,"column":19},"end":{"line":10,"column":37}},"6":{"start":{"line":14,"column":0},"end":{"line":14,"column":30}}},"fnMap":{"0":{"name":"(anonymous_0)","decl":{"start":{"line":2,"column":4},"end":{"line":2,"column":5}},"loc":{"start":{"line":2,"column":32},"end":{"line":11,"column":5}},"line":2}},"branchMap":{"0":{"loc":{"start":{"line":10,"column":8},"end":{"line":10,"column":37}},"type":"if","locations":[{"start":{"line":10,"column":8},"end":{"line":10,"column":37}},{"start":{"line":10,"column":8},"end":{"line":10,"column":37}}],"line":10}},"s":{"0":0,"1":0,"2":0,"3":0,"4":0,"5":0,"6":1},"f":{"0":0},"b":{"0":[0,0]},"_coverageSchema":"43e27e138ebf9cfc5966b082cf9a028302ed4184","hash":"41873d4f0ea243f9426fbf92684b0e9497cbf0f3","contentHash":"b68b6f2603afde37f4b840f21c4c6c2e"},"C:\\Users\\calvi\\Desktop\\new-bootcamp\\skylab-bootcamp-201809\\staff\\tomas-sancheznavarro\\mzkpoint\\mzkpoint-api\\errors\\value-error.js":{"path":"C:\\Users\\calvi\\Desktop\\new-bootcamp\\skylab-bootcamp-201809\\staff\\tomas-sancheznavarro\\mzkpoint\\mzkpoint-api\\errors\\value-error.js","statementMap":{"0":{"start":{"line":3,"column":8},"end":{"line":3,"column":15}},"1":{"start":{"line":5,"column":8},"end":{"line":5,"column":55}},"2":{"start":{"line":7,"column":8},"end":{"line":7,"column":32}},"3":{"start":{"line":8,"column":8},"end":{"line":8,"column":30}},"4":{"start":{"line":10,"column":8},"end":{"line":10,"column":37}},"5":{"start":{"line":10,"column":19},"end":{"line":10,"column":37}},"6":{"start":{"line":14,"column":0},"end":{"line":14,"column":27}}},"fnMap":{"0":{"name":"(anonymous_0)","decl":{"start":{"line":2,"column":4},"end":{"line":2,"column":5}},"loc":{"start":{"line":2,"column":32},"end":{"line":11,"column":5}},"line":2}},"branchMap":{"0":{"loc":{"start":{"line":10,"column":8},"end":{"line":10,"column":37}},"type":"if","locations":[{"start":{"line":10,"column":8},"end":{"line":10,"column":37}},{"start":{"line":10,"column":8},"end":{"line":10,"column":37}}],"line":10}},"s":{"0":26,"1":26,"2":26,"3":26,"4":26,"5":0,"6":1},"f":{"0":26},"b":{"0":[0,26]},"_coverageSchema":"43e27e138ebf9cfc5966b082cf9a028302ed4184","hash":"588633449b9870d8ec32e4c2a8a4d2571da73c2f","contentHash":"944421cbb0af8db7594b2aa21a37b8bb"},"C:\\Users\\calvi\\Desktop\\new-bootcamp\\skylab-bootcamp-201809\\staff\\tomas-sancheznavarro\\mzkpoint\\mzkpoint-api\\utils\\validate.js":{"path":"C:\\Users\\calvi\\Desktop\\new-bootcamp\\skylab-bootcamp-201809\\staff\\tomas-sancheznavarro\\mzkpoint\\mzkpoint-api\\utils\\validate.js","statementMap":{"0":{"start":{"line":1,"column":23},"end":{"line":1,"column":43}},"1":{"start":{"line":4,"column":4},"end":{"line":25,"column":6}},"2":{"start":{"line":5,"column":8},"end":{"line":24,"column":9}},"3":{"start":{"line":7,"column":16},"end":{"line":7,"column":53}},"4":{"start":{"line":7,"column":48},"end":{"line":7,"column":53}},"5":{"start":{"line":9,"column":16},"end":{"line":9,"column":90}},"6":{"start":{"line":9,"column":47},"end":{"line":9,"column":90}},"7":{"start":{"line":11,"column":16},"end":{"line":11,"column":90}},"8":{"start":{"line":11,"column":42},"end":{"line":11,"column":90}},"9":{"start":{"line":13,"column":16},"end":{"line":13,"column":21}},"10":{"start":{"line":15,"column":16},"end":{"line":15,"column":53}},"11":{"start":{"line":15,"column":48},"end":{"line":15,"column":53}},"12":{"start":{"line":17,"column":16},"end":{"line":17,"column":92}},"13":{"start":{"line":17,"column":48},"end":{"line":17,"column":92}},"14":{"start":{"line":19,"column":16},"end":{"line":19,"column":21}},"15":{"start":{"line":21,"column":16},"end":{"line":21,"column":53}},"16":{"start":{"line":21,"column":48},"end":{"line":21,"column":53}},"17":{"start":{"line":23,"column":16},"end":{"line":23,"column":90}},"18":{"start":{"line":23,"column":47},"end":{"line":23,"column":90}},"19":{"start":{"line":28,"column":0},"end":{"line":28,"column":25}}},"fnMap":{"0":{"name":"validate","decl":{"start":{"line":3,"column":9},"end":{"line":3,"column":17}},"loc":{"start":{"line":3,"column":26},"end":{"line":26,"column":1}},"line":3},"1":{"name":"(anonymous_1)","decl":{"start":{"line":4,"column":19},"end":{"line":4,"column":20}},"loc":{"start":{"line":4,"column":55},"end":{"line":25,"column":5}},"line":4}},"branchMap":{"0":{"loc":{"start":{"line":5,"column":8},"end":{"line":24,"column":9}},"type":"switch","locations":[{"start":{"line":6,"column":12},"end":{"line":13,"column":21}},{"start":{"line":14,"column":12},"end":{"line":19,"column":21}},{"start":{"line":20,"column":12},"end":{"line":23,"column":90}}],"line":5},"1":{"loc":{"start":{"line":7,"column":16},"end":{"line":7,"column":53}},"type":"if","locations":[{"start":{"line":7,"column":16},"end":{"line":7,"column":53}},{"start":{"line":7,"column":16},"end":{"line":7,"column":53}}],"line":7},"2":{"loc":{"start":{"line":7,"column":20},"end":{"line":7,"column":46}},"type":"binary-expr","locations":[{"start":{"line":7,"column":20},"end":{"line":7,"column":28}},{"start":{"line":7,"column":32},"end":{"line":7,"column":46}}],"line":7},"3":{"loc":{"start":{"line":9,"column":16},"end":{"line":9,"column":90}},"type":"if","locations":[{"start":{"line":9,"column":16},"end":{"line":9,"column":90}},{"start":{"line":9,"column":16},"end":{"line":9,"column":90}}],"line":9},"4":{"loc":{"start":{"line":11,"column":16},"end":{"line":11,"column":90}},"type":"if","locations":[{"start":{"line":11,"column":16},"end":{"line":11,"column":90}},{"start":{"line":11,"column":16},"end":{"line":11,"column":90}}],"line":11},"5":{"loc":{"start":{"line":15,"column":16},"end":{"line":15,"column":53}},"type":"if","locations":[{"start":{"line":15,"column":16},"end":{"line":15,"column":53}},{"start":{"line":15,"column":16},"end":{"line":15,"column":53}}],"line":15},"6":{"loc":{"start":{"line":15,"column":20},"end":{"line":15,"column":46}},"type":"binary-expr","locations":[{"start":{"line":15,"column":20},"end":{"line":15,"column":28}},{"start":{"line":15,"column":32},"end":{"line":15,"column":46}}],"line":15},"7":{"loc":{"start":{"line":17,"column":16},"end":{"line":17,"column":92}},"type":"if","locations":[{"start":{"line":17,"column":16},"end":{"line":17,"column":92}},{"start":{"line":17,"column":16},"end":{"line":17,"column":92}}],"line":17},"8":{"loc":{"start":{"line":21,"column":16},"end":{"line":21,"column":53}},"type":"if","locations":[{"start":{"line":21,"column":16},"end":{"line":21,"column":53}},{"start":{"line":21,"column":16},"end":{"line":21,"column":53}}],"line":21},"9":{"loc":{"start":{"line":21,"column":20},"end":{"line":21,"column":46}},"type":"binary-expr","locations":[{"start":{"line":21,"column":20},"end":{"line":21,"column":28}},{"start":{"line":21,"column":32},"end":{"line":21,"column":46}}],"line":21},"10":{"loc":{"start":{"line":23,"column":16},"end":{"line":23,"column":90}},"type":"if","locations":[{"start":{"line":23,"column":16},"end":{"line":23,"column":90}},{"start":{"line":23,"column":16},"end":{"line":23,"column":90}}],"line":23}},"s":{"0":1,"1":69,"2":101,"3":101,"4":0,"5":101,"6":26,"7":75,"8":26,"9":49,"10":0,"11":0,"12":0,"13":0,"14":0,"15":0,"16":0,"17":0,"18":0,"19":1},"f":{"0":69,"1":101},"b":{"0":[101,0,0],"1":[0,101],"2":[101,0],"3":[26,75],"4":[26,49],"5":[0,0],"6":[0,0],"7":[0,0],"8":[0,0],"9":[0,0],"10":[0,0]},"_coverageSchema":"43e27e138ebf9cfc5966b082cf9a028302ed4184","hash":"0441557adc4a33636f3f508dcdccb1dea2cc76f2","contentHash":"437ef04275eeb5d63e08dfb09f36fd12"}}