{"C:\\Users\\calvi\\Desktop\\new-bootcamp\\skylab-bootcamp-201809\\staff\\tomas-sancheznavarro\\mzkpoint\\mzkpoint-api\\logic\\index.spec.js":{"path":"C:\\Users\\calvi\\Desktop\\new-bootcamp\\skylab-bootcamp-201809\\staff\\tomas-sancheznavarro\\mzkpoint\\mzkpoint-api\\logic\\index.spec.js","statementMap":{"0":{"start":{"line":1,"column":17},"end":{"line":1,"column":36}},"1":{"start":{"line":2,"column":33},"end":{"line":2,"column":51}},"2":{"start":{"line":3,"column":14},"end":{"line":3,"column":26}},"3":{"start":{"line":4,"column":43},"end":{"line":4,"column":63}},"4":{"start":{"line":7,"column":19},"end":{"line":7,"column":34}},"5":{"start":{"line":9,"column":18},"end":{"line":9,"column":59}},"6":{"start":{"line":15,"column":0},"end":{"line":874,"column":2}},"7":{"start":{"line":16,"column":4},"end":{"line":16,"column":94}},"8":{"start":{"line":16,"column":17},"end":{"line":16,"column":93}},"9":{"start":{"line":18,"column":4},"end":{"line":18,"column":96}},"10":{"start":{"line":18,"column":21},"end":{"line":18,"column":95}},"11":{"start":{"line":20,"column":4},"end":{"line":244,"column":6}},"12":{"start":{"line":21,"column":8},"end":{"line":64,"column":10}},"13":{"start":{"line":24,"column":12},"end":{"line":30,"column":14}},"14":{"start":{"line":25,"column":16},"end":{"line":25,"column":46}},"15":{"start":{"line":26,"column":16},"end":{"line":26,"column":52}},"16":{"start":{"line":27,"column":16},"end":{"line":27,"column":54}},"17":{"start":{"line":28,"column":16},"end":{"line":28,"column":52}},"18":{"start":{"line":29,"column":16},"end":{"line":29,"column":54}},"19":{"start":{"line":32,"column":12},"end":{"line":49,"column":14}},"20":{"start":{"line":33,"column":28},"end":{"line":33,"column":94}},"21":{"start":{"line":35,"column":16},"end":{"line":35,"column":43}},"22":{"start":{"line":37,"column":30},"end":{"line":37,"column":47}},"23":{"start":{"line":39,"column":16},"end":{"line":39,"column":48}},"24":{"start":{"line":41,"column":31},"end":{"line":41,"column":36}},"25":{"start":{"line":43,"column":16},"end":{"line":43,"column":49}},"26":{"start":{"line":44,"column":16},"end":{"line":44,"column":48}},"27":{"start":{"line":45,"column":16},"end":{"line":45,"column":54}},"28":{"start":{"line":46,"column":16},"end":{"line":46,"column":56}},"29":{"start":{"line":47,"column":16},"end":{"line":47,"column":50}},"30":{"start":{"line":48,"column":16},"end":{"line":48,"column":56}},"31":{"start":{"line":51,"column":12},"end":{"line":53,"column":14}},"32":{"start":{"line":52,"column":16},"end":{"line":52,"column":137}},"33":{"start":{"line":52,"column":29},"end":{"line":52,"column":87}},"34":{"start":{"line":55,"column":12},"end":{"line":57,"column":14}},"35":{"start":{"line":56,"column":16},"end":{"line":56,"column":128}},"36":{"start":{"line":56,"column":29},"end":{"line":56,"column":80}},"37":{"start":{"line":59,"column":12},"end":{"line":61,"column":14}},"38":{"start":{"line":60,"column":16},"end":{"line":60,"column":135}},"39":{"start":{"line":60,"column":29},"end":{"line":60,"column":87}},"40":{"start":{"line":66,"column":8},"end":{"line":91,"column":10}},"41":{"start":{"line":69,"column":12},"end":{"line":69,"column":144}},"42":{"start":{"line":69,"column":29},"end":{"line":69,"column":143}},"43":{"start":{"line":71,"column":12},"end":{"line":84,"column":14}},"44":{"start":{"line":72,"column":47},"end":{"line":72,"column":51}},"45":{"start":{"line":74,"column":27},"end":{"line":74,"column":75}},"46":{"start":{"line":76,"column":16},"end":{"line":76,"column":35}},"47":{"start":{"line":77,"column":16},"end":{"line":77,"column":44}},"48":{"start":{"line":79,"column":30},"end":{"line":79,"column":47}},"49":{"start":{"line":81,"column":32},"end":{"line":81,"column":37}},"50":{"start":{"line":83,"column":16},"end":{"line":83,"column":45}},"51":{"start":{"line":86,"column":12},"end":{"line":88,"column":14}},"52":{"start":{"line":87,"column":16},"end":{"line":87,"column":127}},"53":{"start":{"line":87,"column":29},"end":{"line":87,"column":77}},"54":{"start":{"line":93,"column":8},"end":{"line":123,"column":10}},"55":{"start":{"line":96,"column":12},"end":{"line":100,"column":14}},"56":{"start":{"line":97,"column":16},"end":{"line":97,"column":179}},"57":{"start":{"line":99,"column":16},"end":{"line":99,"column":33}},"58":{"start":{"line":102,"column":12},"end":{"line":122,"column":14}},"59":{"start":{"line":103,"column":30},"end":{"line":103,"column":63}},"60":{"start":{"line":105,"column":16},"end":{"line":105,"column":56}},"61":{"start":{"line":107,"column":115},"end":{"line":107,"column":120}},"62":{"start":{"line":109,"column":16},"end":{"line":109,"column":35}},"63":{"start":{"line":110,"column":16},"end":{"line":110,"column":44}},"64":{"start":{"line":111,"column":16},"end":{"line":111,"column":44}},"65":{"start":{"line":112,"column":16},"end":{"line":112,"column":48}},"66":{"start":{"line":113,"column":16},"end":{"line":113,"column":54}},"67":{"start":{"line":114,"column":16},"end":{"line":114,"column":56}},"68":{"start":{"line":115,"column":16},"end":{"line":115,"column":50}},"69":{"start":{"line":116,"column":16},"end":{"line":116,"column":48}},"70":{"start":{"line":117,"column":16},"end":{"line":117,"column":51}},"71":{"start":{"line":118,"column":16},"end":{"line":118,"column":55}},"72":{"start":{"line":119,"column":16},"end":{"line":119,"column":51}},"73":{"start":{"line":120,"column":16},"end":{"line":120,"column":49}},"74":{"start":{"line":125,"column":8},"end":{"line":243,"column":10}},"75":{"start":{"line":128,"column":12},"end":{"line":128,"column":144}},"76":{"start":{"line":128,"column":29},"end":{"line":128,"column":143}},"77":{"start":{"line":130,"column":12},"end":{"line":154,"column":14}},"78":{"start":{"line":131,"column":73},"end":{"line":131,"column":77}},"79":{"start":{"line":133,"column":32},"end":{"line":133,"column":58}},"80":{"start":{"line":134,"column":35},"end":{"line":134,"column":64}},"81":{"start":{"line":135,"column":36},"end":{"line":135,"column":66}},"82":{"start":{"line":136,"column":33},"end":{"line":136,"column":60}},"83":{"start":{"line":137,"column":36},"end":{"line":137,"column":66}},"84":{"start":{"line":139,"column":28},"end":{"line":139,"column":121}},"85":{"start":{"line":141,"column":16},"end":{"line":141,"column":43}},"86":{"start":{"line":143,"column":31},"end":{"line":143,"column":48}},"87":{"start":{"line":145,"column":32},"end":{"line":145,"column":38}},"88":{"start":{"line":147,"column":16},"end":{"line":147,"column":45}},"89":{"start":{"line":149,"column":16},"end":{"line":149,"column":52}},"90":{"start":{"line":150,"column":16},"end":{"line":150,"column":58}},"91":{"start":{"line":151,"column":16},"end":{"line":151,"column":60}},"92":{"start":{"line":152,"column":16},"end":{"line":152,"column":54}},"93":{"start":{"line":153,"column":16},"end":{"line":153,"column":60}},"94":{"start":{"line":156,"column":12},"end":{"line":176,"column":14}},"95":{"start":{"line":157,"column":73},"end":{"line":157,"column":77}},"96":{"start":{"line":159,"column":32},"end":{"line":159,"column":58}},"97":{"start":{"line":161,"column":28},"end":{"line":161,"column":97}},"98":{"start":{"line":163,"column":16},"end":{"line":163,"column":43}},"99":{"start":{"line":165,"column":31},"end":{"line":165,"column":48}},"100":{"start":{"line":167,"column":32},"end":{"line":167,"column":38}},"101":{"start":{"line":169,"column":16},"end":{"line":169,"column":45}},"102":{"start":{"line":171,"column":16},"end":{"line":171,"column":52}},"103":{"start":{"line":172,"column":16},"end":{"line":172,"column":55}},"104":{"start":{"line":173,"column":16},"end":{"line":173,"column":57}},"105":{"start":{"line":174,"column":16},"end":{"line":174,"column":51}},"106":{"start":{"line":175,"column":16},"end":{"line":175,"column":57}},"107":{"start":{"line":178,"column":12},"end":{"line":198,"column":14}},"108":{"start":{"line":179,"column":73},"end":{"line":179,"column":77}},"109":{"start":{"line":181,"column":35},"end":{"line":181,"column":64}},"110":{"start":{"line":183,"column":28},"end":{"line":183,"column":100}},"111":{"start":{"line":185,"column":16},"end":{"line":185,"column":43}},"112":{"start":{"line":187,"column":31},"end":{"line":187,"column":48}},"113":{"start":{"line":189,"column":32},"end":{"line":189,"column":38}},"114":{"start":{"line":191,"column":16},"end":{"line":191,"column":45}},"115":{"start":{"line":193,"column":16},"end":{"line":193,"column":49}},"116":{"start":{"line":194,"column":16},"end":{"line":194,"column":58}},"117":{"start":{"line":195,"column":16},"end":{"line":195,"column":57}},"118":{"start":{"line":196,"column":16},"end":{"line":196,"column":51}},"119":{"start":{"line":197,"column":16},"end":{"line":197,"column":57}},"120":{"start":{"line":202,"column":12},"end":{"line":206,"column":14}},"121":{"start":{"line":203,"column":73},"end":{"line":203,"column":77}},"122":{"start":{"line":205,"column":16},"end":{"line":205,"column":148}},"123":{"start":{"line":205,"column":29},"end":{"line":205,"column":98}},"124":{"start":{"line":210,"column":12},"end":{"line":242,"column":14}},"125":{"start":{"line":213,"column":16},"end":{"line":217,"column":18}},"126":{"start":{"line":214,"column":20},"end":{"line":214,"column":128}},"127":{"start":{"line":216,"column":20},"end":{"line":216,"column":38}},"128":{"start":{"line":219,"column":16},"end":{"line":241,"column":18}},"129":{"start":{"line":220,"column":77},"end":{"line":220,"column":82}},"130":{"start":{"line":222,"column":40},"end":{"line":222,"column":44}},"131":{"start":{"line":224,"column":20},"end":{"line":240,"column":21}},"132":{"start":{"line":225,"column":36},"end":{"line":225,"column":109}},"133":{"start":{"line":227,"column":24},"end":{"line":227,"column":48}},"134":{"start":{"line":229,"column":24},"end":{"line":229,"column":72}},"135":{"start":{"line":231,"column":38},"end":{"line":231,"column":61}},"136":{"start":{"line":233,"column":24},"end":{"line":233,"column":53}},"137":{"start":{"line":235,"column":24},"end":{"line":235,"column":57}},"138":{"start":{"line":236,"column":24},"end":{"line":236,"column":63}},"139":{"start":{"line":237,"column":24},"end":{"line":237,"column":65}},"140":{"start":{"line":238,"column":24},"end":{"line":238,"column":59}},"141":{"start":{"line":239,"column":24},"end":{"line":239,"column":65}},"142":{"start":{"line":246,"column":4},"end":{"line":382,"column":6}},"143":{"start":{"line":248,"column":8},"end":{"line":328,"column":10}},"144":{"start":{"line":249,"column":12},"end":{"line":270,"column":14}},"145":{"start":{"line":250,"column":35},"end":{"line":250,"column":43}},"146":{"start":{"line":251,"column":30},"end":{"line":251,"column":38}},"147":{"start":{"line":252,"column":30},"end":{"line":252,"column":59}},"148":{"start":{"line":253,"column":33},"end":{"line":253,"column":58}},"149":{"start":{"line":254,"column":36},"end":{"line":254,"column":49}},"150":{"start":{"line":255,"column":30},"end":{"line":255,"column":34}},"151":{"start":{"line":256,"column":32},"end":{"line":256,"column":34}},"152":{"start":{"line":257,"column":33},"end":{"line":257,"column":105}},"153":{"start":{"line":258,"column":38},"end":{"line":258,"column":42}},"154":{"start":{"line":259,"column":29},"end":{"line":259,"column":39}},"155":{"start":{"line":261,"column":16},"end":{"line":261,"column":150}},"156":{"start":{"line":262,"column":16},"end":{"line":262,"column":154}},"157":{"start":{"line":263,"column":16},"end":{"line":263,"column":156}},"158":{"start":{"line":264,"column":16},"end":{"line":264,"column":151}},"159":{"start":{"line":266,"column":16},"end":{"line":266,"column":39}},"160":{"start":{"line":267,"column":16},"end":{"line":267,"column":39}},"161":{"start":{"line":268,"column":16},"end":{"line":268,"column":41}},"162":{"start":{"line":269,"column":16},"end":{"line":269,"column":40}},"163":{"start":{"line":273,"column":12},"end":{"line":279,"column":14}},"164":{"start":{"line":274,"column":31},"end":{"line":274,"column":39}},"165":{"start":{"line":275,"column":34},"end":{"line":275,"column":68}},"166":{"start":{"line":277,"column":16},"end":{"line":277,"column":52}},"167":{"start":{"line":281,"column":12},"end":{"line":287,"column":14}},"168":{"start":{"line":282,"column":31},"end":{"line":282,"column":43}},"169":{"start":{"line":283,"column":34},"end":{"line":283,"column":68}},"170":{"start":{"line":285,"column":16},"end":{"line":285,"column":52}},"171":{"start":{"line":289,"column":12},"end":{"line":295,"column":14}},"172":{"start":{"line":290,"column":31},"end":{"line":290,"column":39}},"173":{"start":{"line":291,"column":34},"end":{"line":291,"column":68}},"174":{"start":{"line":293,"column":16},"end":{"line":293,"column":52}},"175":{"start":{"line":297,"column":12},"end":{"line":303,"column":14}},"176":{"start":{"line":298,"column":31},"end":{"line":298,"column":39}},"177":{"start":{"line":299,"column":34},"end":{"line":299,"column":68}},"178":{"start":{"line":301,"column":16},"end":{"line":301,"column":52}},"179":{"start":{"line":305,"column":12},"end":{"line":309,"column":14}},"180":{"start":{"line":306,"column":31},"end":{"line":306,"column":40}},"181":{"start":{"line":308,"column":16},"end":{"line":308,"column":107}},"182":{"start":{"line":308,"column":29},"end":{"line":308,"column":57}},"183":{"start":{"line":311,"column":12},"end":{"line":315,"column":14}},"184":{"start":{"line":312,"column":31},"end":{"line":312,"column":33}},"185":{"start":{"line":314,"column":16},"end":{"line":314,"column":110}},"186":{"start":{"line":314,"column":29},"end":{"line":314,"column":57}},"187":{"start":{"line":317,"column":12},"end":{"line":321,"column":14}},"188":{"start":{"line":318,"column":31},"end":{"line":318,"column":35}},"189":{"start":{"line":320,"column":16},"end":{"line":320,"column":107}},"190":{"start":{"line":320,"column":29},"end":{"line":320,"column":57}},"191":{"start":{"line":323,"column":12},"end":{"line":327,"column":14}},"192":{"start":{"line":324,"column":31},"end":{"line":324,"column":36}},"193":{"start":{"line":326,"column":16},"end":{"line":326,"column":103}},"194":{"start":{"line":326,"column":29},"end":{"line":326,"column":57}},"195":{"start":{"line":330,"column":8},"end":{"line":380,"column":10}},"196":{"start":{"line":331,"column":12},"end":{"line":346,"column":14}},"197":{"start":{"line":332,"column":35},"end":{"line":332,"column":43}},"198":{"start":{"line":333,"column":30},"end":{"line":333,"column":38}},"199":{"start":{"line":334,"column":30},"end":{"line":334,"column":59}},"200":{"start":{"line":335,"column":33},"end":{"line":335,"column":58}},"201":{"start":{"line":336,"column":36},"end":{"line":336,"column":49}},"202":{"start":{"line":337,"column":30},"end":{"line":337,"column":34}},"203":{"start":{"line":338,"column":32},"end":{"line":338,"column":34}},"204":{"start":{"line":339,"column":33},"end":{"line":339,"column":105}},"205":{"start":{"line":340,"column":38},"end":{"line":340,"column":42}},"206":{"start":{"line":341,"column":29},"end":{"line":341,"column":39}},"207":{"start":{"line":343,"column":16},"end":{"line":343,"column":147}},"208":{"start":{"line":345,"column":16},"end":{"line":345,"column":36}},"209":{"start":{"line":348,"column":12},"end":{"line":354,"column":14}},"210":{"start":{"line":349,"column":30},"end":{"line":349,"column":38}},"211":{"start":{"line":350,"column":34},"end":{"line":350,"column":66}},"212":{"start":{"line":352,"column":16},"end":{"line":352,"column":52}},"213":{"start":{"line":356,"column":12},"end":{"line":360,"column":14}},"214":{"start":{"line":357,"column":30},"end":{"line":357,"column":39}},"215":{"start":{"line":359,"column":16},"end":{"line":359,"column":105}},"216":{"start":{"line":359,"column":29},"end":{"line":359,"column":55}},"217":{"start":{"line":362,"column":12},"end":{"line":366,"column":14}},"218":{"start":{"line":363,"column":30},"end":{"line":363,"column":32}},"219":{"start":{"line":365,"column":16},"end":{"line":365,"column":107}},"220":{"start":{"line":365,"column":29},"end":{"line":365,"column":55}},"221":{"start":{"line":368,"column":12},"end":{"line":372,"column":14}},"222":{"start":{"line":369,"column":30},"end":{"line":369,"column":34}},"223":{"start":{"line":371,"column":16},"end":{"line":371,"column":104}},"224":{"start":{"line":371,"column":29},"end":{"line":371,"column":55}},"225":{"start":{"line":374,"column":12},"end":{"line":378,"column":14}},"226":{"start":{"line":375,"column":30},"end":{"line":375,"column":35}},"227":{"start":{"line":377,"column":16},"end":{"line":377,"column":101}},"228":{"start":{"line":377,"column":29},"end":{"line":377,"column":55}},"229":{"start":{"line":384,"column":4},"end":{"line":871,"column":6}},"230":{"start":{"line":387,"column":8},"end":{"line":407,"column":10}},"231":{"start":{"line":388,"column":12},"end":{"line":388,"column":175}},"232":{"start":{"line":390,"column":12},"end":{"line":390,"column":29}},"233":{"start":{"line":392,"column":31},"end":{"line":392,"column":39}},"234":{"start":{"line":393,"column":26},"end":{"line":393,"column":34}},"235":{"start":{"line":394,"column":26},"end":{"line":394,"column":55}},"236":{"start":{"line":395,"column":29},"end":{"line":395,"column":54}},"237":{"start":{"line":396,"column":32},"end":{"line":396,"column":45}},"238":{"start":{"line":397,"column":26},"end":{"line":397,"column":30}},"239":{"start":{"line":398,"column":28},"end":{"line":398,"column":30}},"240":{"start":{"line":399,"column":29},"end":{"line":399,"column":101}},"241":{"start":{"line":400,"column":34},"end":{"line":400,"column":38}},"242":{"start":{"line":401,"column":25},"end":{"line":401,"column":35}},"243":{"start":{"line":403,"column":12},"end":{"line":403,"column":133}},"244":{"start":{"line":405,"column":12},"end":{"line":405,"column":32}},"245":{"start":{"line":409,"column":8},"end":{"line":473,"column":10}},"246":{"start":{"line":412,"column":12},"end":{"line":422,"column":14}},"247":{"start":{"line":413,"column":29},"end":{"line":413,"column":47}},"248":{"start":{"line":414,"column":32},"end":{"line":414,"column":53}},"249":{"start":{"line":416,"column":16},"end":{"line":416,"column":64}},"250":{"start":{"line":418,"column":30},"end":{"line":418,"column":57}},"251":{"start":{"line":420,"column":16},"end":{"line":420,"column":57}},"252":{"start":{"line":424,"column":12},"end":{"line":430,"column":14}},"253":{"start":{"line":426,"column":34},"end":{"line":426,"column":43}},"254":{"start":{"line":427,"column":31},"end":{"line":427,"column":57}},"255":{"start":{"line":429,"column":16},"end":{"line":429,"column":121}},"256":{"start":{"line":429,"column":29},"end":{"line":429,"column":71}},"257":{"start":{"line":432,"column":12},"end":{"line":436,"column":14}},"258":{"start":{"line":433,"column":34},"end":{"line":433,"column":36}},"259":{"start":{"line":434,"column":31},"end":{"line":434,"column":58}},"260":{"start":{"line":435,"column":16},"end":{"line":435,"column":127}},"261":{"start":{"line":435,"column":29},"end":{"line":435,"column":71}},"262":{"start":{"line":438,"column":12},"end":{"line":442,"column":14}},"263":{"start":{"line":439,"column":34},"end":{"line":439,"column":38}},"264":{"start":{"line":440,"column":31},"end":{"line":440,"column":58}},"265":{"start":{"line":441,"column":16},"end":{"line":441,"column":121}},"266":{"start":{"line":441,"column":29},"end":{"line":441,"column":71}},"267":{"start":{"line":444,"column":12},"end":{"line":448,"column":14}},"268":{"start":{"line":445,"column":34},"end":{"line":445,"column":39}},"269":{"start":{"line":446,"column":31},"end":{"line":446,"column":58}},"270":{"start":{"line":447,"column":16},"end":{"line":447,"column":117}},"271":{"start":{"line":447,"column":29},"end":{"line":447,"column":71}},"272":{"start":{"line":450,"column":12},"end":{"line":454,"column":14}},"273":{"start":{"line":451,"column":34},"end":{"line":451,"column":44}},"274":{"start":{"line":452,"column":31},"end":{"line":452,"column":40}},"275":{"start":{"line":453,"column":16},"end":{"line":453,"column":121}},"276":{"start":{"line":453,"column":29},"end":{"line":453,"column":71}},"277":{"start":{"line":456,"column":12},"end":{"line":460,"column":14}},"278":{"start":{"line":457,"column":34},"end":{"line":457,"column":44}},"279":{"start":{"line":458,"column":31},"end":{"line":458,"column":33}},"280":{"start":{"line":459,"column":16},"end":{"line":459,"column":124}},"281":{"start":{"line":459,"column":29},"end":{"line":459,"column":71}},"282":{"start":{"line":462,"column":12},"end":{"line":466,"column":14}},"283":{"start":{"line":463,"column":34},"end":{"line":463,"column":44}},"284":{"start":{"line":464,"column":31},"end":{"line":464,"column":35}},"285":{"start":{"line":465,"column":16},"end":{"line":465,"column":124}},"286":{"start":{"line":465,"column":29},"end":{"line":465,"column":71}},"287":{"start":{"line":468,"column":12},"end":{"line":472,"column":14}},"288":{"start":{"line":469,"column":34},"end":{"line":469,"column":44}},"289":{"start":{"line":470,"column":31},"end":{"line":470,"column":36}},"290":{"start":{"line":471,"column":16},"end":{"line":471,"column":117}},"291":{"start":{"line":471,"column":29},"end":{"line":471,"column":71}},"292":{"start":{"line":475,"column":8},"end":{"line":539,"column":10}},"293":{"start":{"line":477,"column":12},"end":{"line":487,"column":14}},"294":{"start":{"line":478,"column":29},"end":{"line":478,"column":47}},"295":{"start":{"line":479,"column":32},"end":{"line":479,"column":53}},"296":{"start":{"line":481,"column":16},"end":{"line":481,"column":67}},"297":{"start":{"line":483,"column":30},"end":{"line":483,"column":57}},"298":{"start":{"line":485,"column":16},"end":{"line":485,"column":57}},"299":{"start":{"line":489,"column":12},"end":{"line":495,"column":14}},"300":{"start":{"line":491,"column":34},"end":{"line":491,"column":43}},"301":{"start":{"line":492,"column":31},"end":{"line":492,"column":57}},"302":{"start":{"line":494,"column":16},"end":{"line":494,"column":121}},"303":{"start":{"line":494,"column":29},"end":{"line":494,"column":71}},"304":{"start":{"line":497,"column":12},"end":{"line":501,"column":14}},"305":{"start":{"line":498,"column":34},"end":{"line":498,"column":36}},"306":{"start":{"line":499,"column":31},"end":{"line":499,"column":58}},"307":{"start":{"line":500,"column":16},"end":{"line":500,"column":127}},"308":{"start":{"line":500,"column":29},"end":{"line":500,"column":71}},"309":{"start":{"line":503,"column":12},"end":{"line":507,"column":14}},"310":{"start":{"line":504,"column":34},"end":{"line":504,"column":38}},"311":{"start":{"line":505,"column":31},"end":{"line":505,"column":58}},"312":{"start":{"line":506,"column":16},"end":{"line":506,"column":121}},"313":{"start":{"line":506,"column":29},"end":{"line":506,"column":71}},"314":{"start":{"line":509,"column":12},"end":{"line":513,"column":14}},"315":{"start":{"line":510,"column":34},"end":{"line":510,"column":39}},"316":{"start":{"line":511,"column":31},"end":{"line":511,"column":58}},"317":{"start":{"line":512,"column":16},"end":{"line":512,"column":117}},"318":{"start":{"line":512,"column":29},"end":{"line":512,"column":71}},"319":{"start":{"line":515,"column":12},"end":{"line":519,"column":14}},"320":{"start":{"line":516,"column":34},"end":{"line":516,"column":44}},"321":{"start":{"line":517,"column":31},"end":{"line":517,"column":40}},"322":{"start":{"line":518,"column":16},"end":{"line":518,"column":121}},"323":{"start":{"line":518,"column":29},"end":{"line":518,"column":71}},"324":{"start":{"line":521,"column":12},"end":{"line":525,"column":14}},"325":{"start":{"line":522,"column":34},"end":{"line":522,"column":44}},"326":{"start":{"line":523,"column":31},"end":{"line":523,"column":33}},"327":{"start":{"line":524,"column":16},"end":{"line":524,"column":124}},"328":{"start":{"line":524,"column":29},"end":{"line":524,"column":71}},"329":{"start":{"line":527,"column":12},"end":{"line":531,"column":14}},"330":{"start":{"line":528,"column":34},"end":{"line":528,"column":44}},"331":{"start":{"line":529,"column":31},"end":{"line":529,"column":35}},"332":{"start":{"line":530,"column":16},"end":{"line":530,"column":124}},"333":{"start":{"line":530,"column":29},"end":{"line":530,"column":71}},"334":{"start":{"line":533,"column":12},"end":{"line":537,"column":14}},"335":{"start":{"line":534,"column":34},"end":{"line":534,"column":44}},"336":{"start":{"line":535,"column":31},"end":{"line":535,"column":36}},"337":{"start":{"line":536,"column":16},"end":{"line":536,"column":117}},"338":{"start":{"line":536,"column":29},"end":{"line":536,"column":71}},"339":{"start":{"line":541,"column":8},"end":{"line":556,"column":10}},"340":{"start":{"line":543,"column":12},"end":{"line":555,"column":14}},"341":{"start":{"line":544,"column":29},"end":{"line":544,"column":47}},"342":{"start":{"line":545,"column":32},"end":{"line":545,"column":53}},"343":{"start":{"line":547,"column":16},"end":{"line":547,"column":64}},"344":{"start":{"line":549,"column":16},"end":{"line":549,"column":59}},"345":{"start":{"line":551,"column":30},"end":{"line":551,"column":57}},"346":{"start":{"line":553,"column":16},"end":{"line":553,"column":57}},"347":{"start":{"line":558,"column":8},"end":{"line":622,"column":10}},"348":{"start":{"line":561,"column":12},"end":{"line":571,"column":14}},"349":{"start":{"line":562,"column":29},"end":{"line":562,"column":47}},"350":{"start":{"line":563,"column":32},"end":{"line":563,"column":53}},"351":{"start":{"line":565,"column":16},"end":{"line":565,"column":60}},"352":{"start":{"line":567,"column":30},"end":{"line":567,"column":57}},"353":{"start":{"line":569,"column":16},"end":{"line":569,"column":61}},"354":{"start":{"line":573,"column":12},"end":{"line":579,"column":14}},"355":{"start":{"line":575,"column":34},"end":{"line":575,"column":43}},"356":{"start":{"line":576,"column":31},"end":{"line":576,"column":57}},"357":{"start":{"line":578,"column":16},"end":{"line":578,"column":117}},"358":{"start":{"line":578,"column":29},"end":{"line":578,"column":67}},"359":{"start":{"line":581,"column":12},"end":{"line":585,"column":14}},"360":{"start":{"line":582,"column":34},"end":{"line":582,"column":36}},"361":{"start":{"line":583,"column":31},"end":{"line":583,"column":58}},"362":{"start":{"line":584,"column":16},"end":{"line":584,"column":123}},"363":{"start":{"line":584,"column":29},"end":{"line":584,"column":67}},"364":{"start":{"line":587,"column":12},"end":{"line":591,"column":14}},"365":{"start":{"line":588,"column":34},"end":{"line":588,"column":38}},"366":{"start":{"line":589,"column":31},"end":{"line":589,"column":58}},"367":{"start":{"line":590,"column":16},"end":{"line":590,"column":117}},"368":{"start":{"line":590,"column":29},"end":{"line":590,"column":67}},"369":{"start":{"line":593,"column":12},"end":{"line":597,"column":14}},"370":{"start":{"line":594,"column":34},"end":{"line":594,"column":39}},"371":{"start":{"line":595,"column":31},"end":{"line":595,"column":58}},"372":{"start":{"line":596,"column":16},"end":{"line":596,"column":113}},"373":{"start":{"line":596,"column":29},"end":{"line":596,"column":67}},"374":{"start":{"line":599,"column":12},"end":{"line":603,"column":14}},"375":{"start":{"line":600,"column":34},"end":{"line":600,"column":44}},"376":{"start":{"line":601,"column":31},"end":{"line":601,"column":40}},"377":{"start":{"line":602,"column":16},"end":{"line":602,"column":117}},"378":{"start":{"line":602,"column":29},"end":{"line":602,"column":67}},"379":{"start":{"line":605,"column":12},"end":{"line":609,"column":14}},"380":{"start":{"line":606,"column":34},"end":{"line":606,"column":44}},"381":{"start":{"line":607,"column":31},"end":{"line":607,"column":33}},"382":{"start":{"line":608,"column":16},"end":{"line":608,"column":120}},"383":{"start":{"line":608,"column":29},"end":{"line":608,"column":67}},"384":{"start":{"line":611,"column":12},"end":{"line":615,"column":14}},"385":{"start":{"line":612,"column":34},"end":{"line":612,"column":44}},"386":{"start":{"line":613,"column":31},"end":{"line":613,"column":35}},"387":{"start":{"line":614,"column":16},"end":{"line":614,"column":120}},"388":{"start":{"line":614,"column":29},"end":{"line":614,"column":67}},"389":{"start":{"line":617,"column":12},"end":{"line":621,"column":14}},"390":{"start":{"line":618,"column":34},"end":{"line":618,"column":44}},"391":{"start":{"line":619,"column":31},"end":{"line":619,"column":36}},"392":{"start":{"line":620,"column":16},"end":{"line":620,"column":113}},"393":{"start":{"line":620,"column":29},"end":{"line":620,"column":67}},"394":{"start":{"line":624,"column":8},"end":{"line":687,"column":10}},"395":{"start":{"line":625,"column":12},"end":{"line":635,"column":14}},"396":{"start":{"line":626,"column":29},"end":{"line":626,"column":47}},"397":{"start":{"line":627,"column":32},"end":{"line":627,"column":53}},"398":{"start":{"line":629,"column":16},"end":{"line":629,"column":63}},"399":{"start":{"line":631,"column":30},"end":{"line":631,"column":57}},"400":{"start":{"line":633,"column":16},"end":{"line":633,"column":57}},"401":{"start":{"line":637,"column":12},"end":{"line":643,"column":14}},"402":{"start":{"line":639,"column":34},"end":{"line":639,"column":43}},"403":{"start":{"line":640,"column":31},"end":{"line":640,"column":57}},"404":{"start":{"line":642,"column":16},"end":{"line":642,"column":120}},"405":{"start":{"line":642,"column":29},"end":{"line":642,"column":70}},"406":{"start":{"line":645,"column":12},"end":{"line":649,"column":14}},"407":{"start":{"line":646,"column":34},"end":{"line":646,"column":36}},"408":{"start":{"line":647,"column":31},"end":{"line":647,"column":58}},"409":{"start":{"line":648,"column":16},"end":{"line":648,"column":126}},"410":{"start":{"line":648,"column":29},"end":{"line":648,"column":70}},"411":{"start":{"line":651,"column":12},"end":{"line":655,"column":14}},"412":{"start":{"line":652,"column":34},"end":{"line":652,"column":38}},"413":{"start":{"line":653,"column":31},"end":{"line":653,"column":58}},"414":{"start":{"line":654,"column":16},"end":{"line":654,"column":120}},"415":{"start":{"line":654,"column":29},"end":{"line":654,"column":70}},"416":{"start":{"line":657,"column":12},"end":{"line":661,"column":14}},"417":{"start":{"line":658,"column":34},"end":{"line":658,"column":39}},"418":{"start":{"line":659,"column":31},"end":{"line":659,"column":58}},"419":{"start":{"line":660,"column":16},"end":{"line":660,"column":116}},"420":{"start":{"line":660,"column":29},"end":{"line":660,"column":70}},"421":{"start":{"line":663,"column":12},"end":{"line":667,"column":14}},"422":{"start":{"line":664,"column":34},"end":{"line":664,"column":44}},"423":{"start":{"line":665,"column":31},"end":{"line":665,"column":40}},"424":{"start":{"line":666,"column":16},"end":{"line":666,"column":120}},"425":{"start":{"line":666,"column":29},"end":{"line":666,"column":70}},"426":{"start":{"line":669,"column":12},"end":{"line":673,"column":14}},"427":{"start":{"line":670,"column":34},"end":{"line":670,"column":44}},"428":{"start":{"line":671,"column":31},"end":{"line":671,"column":33}},"429":{"start":{"line":672,"column":16},"end":{"line":672,"column":123}},"430":{"start":{"line":672,"column":29},"end":{"line":672,"column":70}},"431":{"start":{"line":675,"column":12},"end":{"line":679,"column":14}},"432":{"start":{"line":676,"column":34},"end":{"line":676,"column":44}},"433":{"start":{"line":677,"column":31},"end":{"line":677,"column":35}},"434":{"start":{"line":678,"column":16},"end":{"line":678,"column":123}},"435":{"start":{"line":678,"column":29},"end":{"line":678,"column":70}},"436":{"start":{"line":681,"column":12},"end":{"line":685,"column":14}},"437":{"start":{"line":682,"column":34},"end":{"line":682,"column":44}},"438":{"start":{"line":683,"column":31},"end":{"line":683,"column":36}},"439":{"start":{"line":684,"column":16},"end":{"line":684,"column":116}},"440":{"start":{"line":684,"column":29},"end":{"line":684,"column":70}},"441":{"start":{"line":689,"column":8},"end":{"line":705,"column":10}},"442":{"start":{"line":691,"column":12},"end":{"line":703,"column":14}},"443":{"start":{"line":692,"column":29},"end":{"line":692,"column":47}},"444":{"start":{"line":693,"column":32},"end":{"line":693,"column":53}},"445":{"start":{"line":695,"column":16},"end":{"line":695,"column":60}},"446":{"start":{"line":697,"column":16},"end":{"line":697,"column":55}},"447":{"start":{"line":699,"column":30},"end":{"line":699,"column":57}},"448":{"start":{"line":701,"column":16},"end":{"line":701,"column":61}},"449":{"start":{"line":707,"column":8},"end":{"line":771,"column":10}},"450":{"start":{"line":710,"column":12},"end":{"line":720,"column":14}},"451":{"start":{"line":711,"column":29},"end":{"line":711,"column":47}},"452":{"start":{"line":712,"column":32},"end":{"line":712,"column":53}},"453":{"start":{"line":714,"column":16},"end":{"line":714,"column":64}},"454":{"start":{"line":716,"column":30},"end":{"line":716,"column":57}},"455":{"start":{"line":718,"column":16},"end":{"line":718,"column":57}},"456":{"start":{"line":722,"column":12},"end":{"line":728,"column":14}},"457":{"start":{"line":724,"column":34},"end":{"line":724,"column":43}},"458":{"start":{"line":725,"column":31},"end":{"line":725,"column":57}},"459":{"start":{"line":727,"column":16},"end":{"line":727,"column":121}},"460":{"start":{"line":727,"column":29},"end":{"line":727,"column":71}},"461":{"start":{"line":730,"column":12},"end":{"line":734,"column":14}},"462":{"start":{"line":731,"column":34},"end":{"line":731,"column":36}},"463":{"start":{"line":732,"column":31},"end":{"line":732,"column":58}},"464":{"start":{"line":733,"column":16},"end":{"line":733,"column":127}},"465":{"start":{"line":733,"column":29},"end":{"line":733,"column":71}},"466":{"start":{"line":736,"column":12},"end":{"line":740,"column":14}},"467":{"start":{"line":737,"column":34},"end":{"line":737,"column":38}},"468":{"start":{"line":738,"column":31},"end":{"line":738,"column":58}},"469":{"start":{"line":739,"column":16},"end":{"line":739,"column":121}},"470":{"start":{"line":739,"column":29},"end":{"line":739,"column":71}},"471":{"start":{"line":742,"column":12},"end":{"line":746,"column":14}},"472":{"start":{"line":743,"column":34},"end":{"line":743,"column":39}},"473":{"start":{"line":744,"column":31},"end":{"line":744,"column":58}},"474":{"start":{"line":745,"column":16},"end":{"line":745,"column":117}},"475":{"start":{"line":745,"column":29},"end":{"line":745,"column":71}},"476":{"start":{"line":748,"column":12},"end":{"line":752,"column":14}},"477":{"start":{"line":749,"column":34},"end":{"line":749,"column":44}},"478":{"start":{"line":750,"column":31},"end":{"line":750,"column":40}},"479":{"start":{"line":751,"column":16},"end":{"line":751,"column":121}},"480":{"start":{"line":751,"column":29},"end":{"line":751,"column":71}},"481":{"start":{"line":754,"column":12},"end":{"line":758,"column":14}},"482":{"start":{"line":755,"column":34},"end":{"line":755,"column":44}},"483":{"start":{"line":756,"column":31},"end":{"line":756,"column":33}},"484":{"start":{"line":757,"column":16},"end":{"line":757,"column":124}},"485":{"start":{"line":757,"column":29},"end":{"line":757,"column":71}},"486":{"start":{"line":760,"column":12},"end":{"line":764,"column":14}},"487":{"start":{"line":761,"column":34},"end":{"line":761,"column":44}},"488":{"start":{"line":762,"column":31},"end":{"line":762,"column":35}},"489":{"start":{"line":763,"column":16},"end":{"line":763,"column":124}},"490":{"start":{"line":763,"column":29},"end":{"line":763,"column":71}},"491":{"start":{"line":766,"column":12},"end":{"line":770,"column":14}},"492":{"start":{"line":767,"column":34},"end":{"line":767,"column":44}},"493":{"start":{"line":768,"column":31},"end":{"line":768,"column":36}},"494":{"start":{"line":769,"column":16},"end":{"line":769,"column":117}},"495":{"start":{"line":769,"column":29},"end":{"line":769,"column":71}},"496":{"start":{"line":773,"column":8},"end":{"line":836,"column":10}},"497":{"start":{"line":774,"column":12},"end":{"line":784,"column":14}},"498":{"start":{"line":775,"column":29},"end":{"line":775,"column":47}},"499":{"start":{"line":776,"column":32},"end":{"line":776,"column":53}},"500":{"start":{"line":778,"column":16},"end":{"line":778,"column":67}},"501":{"start":{"line":780,"column":30},"end":{"line":780,"column":57}},"502":{"start":{"line":782,"column":16},"end":{"line":782,"column":61}},"503":{"start":{"line":786,"column":12},"end":{"line":792,"column":14}},"504":{"start":{"line":788,"column":34},"end":{"line":788,"column":43}},"505":{"start":{"line":789,"column":31},"end":{"line":789,"column":57}},"506":{"start":{"line":791,"column":16},"end":{"line":791,"column":124}},"507":{"start":{"line":791,"column":29},"end":{"line":791,"column":74}},"508":{"start":{"line":794,"column":12},"end":{"line":798,"column":14}},"509":{"start":{"line":795,"column":34},"end":{"line":795,"column":36}},"510":{"start":{"line":796,"column":31},"end":{"line":796,"column":58}},"511":{"start":{"line":797,"column":16},"end":{"line":797,"column":130}},"512":{"start":{"line":797,"column":29},"end":{"line":797,"column":74}},"513":{"start":{"line":800,"column":12},"end":{"line":804,"column":14}},"514":{"start":{"line":801,"column":34},"end":{"line":801,"column":38}},"515":{"start":{"line":802,"column":31},"end":{"line":802,"column":58}},"516":{"start":{"line":803,"column":16},"end":{"line":803,"column":124}},"517":{"start":{"line":803,"column":29},"end":{"line":803,"column":74}},"518":{"start":{"line":806,"column":12},"end":{"line":810,"column":14}},"519":{"start":{"line":807,"column":34},"end":{"line":807,"column":39}},"520":{"start":{"line":808,"column":31},"end":{"line":808,"column":58}},"521":{"start":{"line":809,"column":16},"end":{"line":809,"column":120}},"522":{"start":{"line":809,"column":29},"end":{"line":809,"column":74}},"523":{"start":{"line":812,"column":12},"end":{"line":816,"column":14}},"524":{"start":{"line":813,"column":34},"end":{"line":813,"column":44}},"525":{"start":{"line":814,"column":31},"end":{"line":814,"column":40}},"526":{"start":{"line":815,"column":16},"end":{"line":815,"column":124}},"527":{"start":{"line":815,"column":29},"end":{"line":815,"column":74}},"528":{"start":{"line":818,"column":12},"end":{"line":822,"column":14}},"529":{"start":{"line":819,"column":34},"end":{"line":819,"column":44}},"530":{"start":{"line":820,"column":31},"end":{"line":820,"column":33}},"531":{"start":{"line":821,"column":16},"end":{"line":821,"column":127}},"532":{"start":{"line":821,"column":29},"end":{"line":821,"column":74}},"533":{"start":{"line":824,"column":12},"end":{"line":828,"column":14}},"534":{"start":{"line":825,"column":34},"end":{"line":825,"column":44}},"535":{"start":{"line":826,"column":31},"end":{"line":826,"column":35}},"536":{"start":{"line":827,"column":16},"end":{"line":827,"column":127}},"537":{"start":{"line":827,"column":29},"end":{"line":827,"column":74}},"538":{"start":{"line":830,"column":12},"end":{"line":834,"column":14}},"539":{"start":{"line":831,"column":34},"end":{"line":831,"column":44}},"540":{"start":{"line":832,"column":31},"end":{"line":832,"column":36}},"541":{"start":{"line":833,"column":16},"end":{"line":833,"column":120}},"542":{"start":{"line":833,"column":29},"end":{"line":833,"column":74}},"543":{"start":{"line":838,"column":8},"end":{"line":854,"column":10}},"544":{"start":{"line":840,"column":12},"end":{"line":852,"column":14}},"545":{"start":{"line":841,"column":29},"end":{"line":841,"column":47}},"546":{"start":{"line":842,"column":32},"end":{"line":842,"column":53}},"547":{"start":{"line":844,"column":16},"end":{"line":844,"column":64}},"548":{"start":{"line":846,"column":16},"end":{"line":846,"column":59}},"549":{"start":{"line":848,"column":30},"end":{"line":848,"column":57}},"550":{"start":{"line":850,"column":16},"end":{"line":850,"column":57}},"551":{"start":{"line":856,"column":8},"end":{"line":870,"column":10}},"552":{"start":{"line":858,"column":12},"end":{"line":869,"column":14}},"553":{"start":{"line":859,"column":33},"end":{"line":859,"column":45}},"554":{"start":{"line":861,"column":30},"end":{"line":861,"column":37}},"555":{"start":{"line":863,"column":30},"end":{"line":863,"column":70}},"556":{"start":{"line":865,"column":16},"end":{"line":865,"column":41}},"557":{"start":{"line":867,"column":16},"end":{"line":867,"column":64}},"558":{"start":{"line":873,"column":4},"end":{"line":873,"column":38}},"559":{"start":{"line":873,"column":16},"end":{"line":873,"column":37}}},"fnMap":{"0":{"name":"(anonymous_0)","decl":{"start":{"line":15,"column":18},"end":{"line":15,"column":19}},"loc":{"start":{"line":15,"column":24},"end":{"line":874,"column":1}},"line":15},"1":{"name":"(anonymous_1)","decl":{"start":{"line":16,"column":11},"end":{"line":16,"column":12}},"loc":{"start":{"line":16,"column":17},"end":{"line":16,"column":93}},"line":16},"2":{"name":"(anonymous_2)","decl":{"start":{"line":18,"column":15},"end":{"line":18,"column":16}},"loc":{"start":{"line":18,"column":21},"end":{"line":18,"column":95}},"line":18},"3":{"name":"(anonymous_3)","decl":{"start":{"line":20,"column":29},"end":{"line":20,"column":30}},"loc":{"start":{"line":20,"column":35},"end":{"line":244,"column":5}},"line":20},"4":{"name":"(anonymous_4)","decl":{"start":{"line":21,"column":37},"end":{"line":21,"column":38}},"loc":{"start":{"line":21,"column":43},"end":{"line":64,"column":9}},"line":21},"5":{"name":"(anonymous_5)","decl":{"start":{"line":24,"column":23},"end":{"line":24,"column":24}},"loc":{"start":{"line":24,"column":29},"end":{"line":30,"column":13}},"line":24},"6":{"name":"(anonymous_6)","decl":{"start":{"line":32,"column":49},"end":{"line":32,"column":50}},"loc":{"start":{"line":32,"column":61},"end":{"line":49,"column":13}},"line":32},"7":{"name":"(anonymous_7)","decl":{"start":{"line":51,"column":48},"end":{"line":51,"column":49}},"loc":{"start":{"line":51,"column":54},"end":{"line":53,"column":13}},"line":51},"8":{"name":"(anonymous_8)","decl":{"start":{"line":52,"column":23},"end":{"line":52,"column":24}},"loc":{"start":{"line":52,"column":29},"end":{"line":52,"column":87}},"line":52},"9":{"name":"(anonymous_9)","decl":{"start":{"line":55,"column":44},"end":{"line":55,"column":45}},"loc":{"start":{"line":55,"column":50},"end":{"line":57,"column":13}},"line":55},"10":{"name":"(anonymous_10)","decl":{"start":{"line":56,"column":23},"end":{"line":56,"column":24}},"loc":{"start":{"line":56,"column":29},"end":{"line":56,"column":80}},"line":56},"11":{"name":"(anonymous_11)","decl":{"start":{"line":59,"column":44},"end":{"line":59,"column":45}},"loc":{"start":{"line":59,"column":50},"end":{"line":61,"column":13}},"line":59},"12":{"name":"(anonymous_12)","decl":{"start":{"line":60,"column":23},"end":{"line":60,"column":24}},"loc":{"start":{"line":60,"column":29},"end":{"line":60,"column":87}},"line":60},"13":{"name":"(anonymous_13)","decl":{"start":{"line":66,"column":41},"end":{"line":66,"column":42}},"loc":{"start":{"line":66,"column":47},"end":{"line":91,"column":9}},"line":66},"14":{"name":"(anonymous_14)","decl":{"start":{"line":69,"column":23},"end":{"line":69,"column":24}},"loc":{"start":{"line":69,"column":29},"end":{"line":69,"column":143}},"line":69},"15":{"name":"(anonymous_15)","decl":{"start":{"line":71,"column":61},"end":{"line":71,"column":62}},"loc":{"start":{"line":71,"column":73},"end":{"line":84,"column":13}},"line":71},"16":{"name":"(anonymous_16)","decl":{"start":{"line":86,"column":52},"end":{"line":86,"column":53}},"loc":{"start":{"line":86,"column":58},"end":{"line":88,"column":13}},"line":86},"17":{"name":"(anonymous_17)","decl":{"start":{"line":87,"column":23},"end":{"line":87,"column":24}},"loc":{"start":{"line":87,"column":29},"end":{"line":87,"column":77}},"line":87},"18":{"name":"(anonymous_18)","decl":{"start":{"line":93,"column":37},"end":{"line":93,"column":38}},"loc":{"start":{"line":93,"column":43},"end":{"line":123,"column":9}},"line":93},"19":{"name":"(anonymous_19)","decl":{"start":{"line":96,"column":23},"end":{"line":96,"column":24}},"loc":{"start":{"line":96,"column":35},"end":{"line":100,"column":13}},"line":96},"20":{"name":"(anonymous_20)","decl":{"start":{"line":102,"column":45},"end":{"line":102,"column":46}},"loc":{"start":{"line":102,"column":57},"end":{"line":122,"column":13}},"line":102},"21":{"name":"(anonymous_21)","decl":{"start":{"line":125,"column":36},"end":{"line":125,"column":37}},"loc":{"start":{"line":125,"column":42},"end":{"line":243,"column":9}},"line":125},"22":{"name":"(anonymous_22)","decl":{"start":{"line":128,"column":23},"end":{"line":128,"column":24}},"loc":{"start":{"line":128,"column":29},"end":{"line":128,"column":143}},"line":128},"23":{"name":"(anonymous_23)","decl":{"start":{"line":130,"column":61},"end":{"line":130,"column":62}},"loc":{"start":{"line":130,"column":73},"end":{"line":154,"column":13}},"line":130},"24":{"name":"(anonymous_24)","decl":{"start":{"line":156,"column":85},"end":{"line":156,"column":86}},"loc":{"start":{"line":156,"column":97},"end":{"line":176,"column":13}},"line":156},"25":{"name":"(anonymous_25)","decl":{"start":{"line":178,"column":88},"end":{"line":178,"column":89}},"loc":{"start":{"line":178,"column":100},"end":{"line":198,"column":13}},"line":178},"26":{"name":"(anonymous_26)","decl":{"start":{"line":202,"column":46},"end":{"line":202,"column":47}},"loc":{"start":{"line":202,"column":52},"end":{"line":206,"column":13}},"line":202},"27":{"name":"(anonymous_27)","decl":{"start":{"line":205,"column":23},"end":{"line":205,"column":24}},"loc":{"start":{"line":205,"column":29},"end":{"line":205,"column":98}},"line":205},"28":{"name":"(anonymous_28)","decl":{"start":{"line":210,"column":43},"end":{"line":210,"column":44}},"loc":{"start":{"line":210,"column":49},"end":{"line":242,"column":13}},"line":210},"29":{"name":"(anonymous_29)","decl":{"start":{"line":213,"column":27},"end":{"line":213,"column":28}},"loc":{"start":{"line":213,"column":39},"end":{"line":217,"column":17}},"line":213},"30":{"name":"(anonymous_30)","decl":{"start":{"line":219,"column":65},"end":{"line":219,"column":66}},"loc":{"start":{"line":219,"column":77},"end":{"line":241,"column":17}},"line":219},"31":{"name":"(anonymous_31)","decl":{"start":{"line":246,"column":39},"end":{"line":246,"column":40}},"loc":{"start":{"line":246,"column":45},"end":{"line":382,"column":5}},"line":246},"32":{"name":"(anonymous_32)","decl":{"start":{"line":248,"column":27},"end":{"line":248,"column":28}},"loc":{"start":{"line":248,"column":33},"end":{"line":328,"column":9}},"line":248},"33":{"name":"(anonymous_33)","decl":{"start":{"line":249,"column":23},"end":{"line":249,"column":24}},"loc":{"start":{"line":249,"column":35},"end":{"line":270,"column":13}},"line":249},"34":{"name":"(anonymous_34)","decl":{"start":{"line":273,"column":49},"end":{"line":273,"column":50}},"loc":{"start":{"line":273,"column":61},"end":{"line":279,"column":13}},"line":273},"35":{"name":"(anonymous_35)","decl":{"start":{"line":281,"column":49},"end":{"line":281,"column":50}},"loc":{"start":{"line":281,"column":61},"end":{"line":287,"column":13}},"line":281},"36":{"name":"(anonymous_36)","decl":{"start":{"line":289,"column":49},"end":{"line":289,"column":50}},"loc":{"start":{"line":289,"column":61},"end":{"line":295,"column":13}},"line":289},"37":{"name":"(anonymous_37)","decl":{"start":{"line":297,"column":49},"end":{"line":297,"column":50}},"loc":{"start":{"line":297,"column":61},"end":{"line":303,"column":13}},"line":297},"38":{"name":"(anonymous_38)","decl":{"start":{"line":305,"column":49},"end":{"line":305,"column":50}},"loc":{"start":{"line":305,"column":55},"end":{"line":309,"column":13}},"line":305},"39":{"name":"(anonymous_39)","decl":{"start":{"line":308,"column":23},"end":{"line":308,"column":24}},"loc":{"start":{"line":308,"column":29},"end":{"line":308,"column":57}},"line":308},"40":{"name":"(anonymous_40)","decl":{"start":{"line":311,"column":45},"end":{"line":311,"column":46}},"loc":{"start":{"line":311,"column":51},"end":{"line":315,"column":13}},"line":311},"41":{"name":"(anonymous_41)","decl":{"start":{"line":314,"column":23},"end":{"line":314,"column":24}},"loc":{"start":{"line":314,"column":29},"end":{"line":314,"column":57}},"line":314},"42":{"name":"(anonymous_42)","decl":{"start":{"line":317,"column":45},"end":{"line":317,"column":46}},"loc":{"start":{"line":317,"column":51},"end":{"line":321,"column":13}},"line":317},"43":{"name":"(anonymous_43)","decl":{"start":{"line":320,"column":23},"end":{"line":320,"column":24}},"loc":{"start":{"line":320,"column":29},"end":{"line":320,"column":57}},"line":320},"44":{"name":"(anonymous_44)","decl":{"start":{"line":323,"column":59},"end":{"line":323,"column":60}},"loc":{"start":{"line":323,"column":65},"end":{"line":327,"column":13}},"line":323},"45":{"name":"(anonymous_45)","decl":{"start":{"line":326,"column":23},"end":{"line":326,"column":24}},"loc":{"start":{"line":326,"column":29},"end":{"line":326,"column":57}},"line":326},"46":{"name":"(anonymous_46)","decl":{"start":{"line":330,"column":27},"end":{"line":330,"column":28}},"loc":{"start":{"line":330,"column":33},"end":{"line":380,"column":9}},"line":330},"47":{"name":"(anonymous_47)","decl":{"start":{"line":331,"column":23},"end":{"line":331,"column":24}},"loc":{"start":{"line":331,"column":35},"end":{"line":346,"column":13}},"line":331},"48":{"name":"(anonymous_48)","decl":{"start":{"line":348,"column":49},"end":{"line":348,"column":50}},"loc":{"start":{"line":348,"column":61},"end":{"line":354,"column":13}},"line":348},"49":{"name":"(anonymous_49)","decl":{"start":{"line":356,"column":49},"end":{"line":356,"column":50}},"loc":{"start":{"line":356,"column":55},"end":{"line":360,"column":13}},"line":356},"50":{"name":"(anonymous_50)","decl":{"start":{"line":359,"column":23},"end":{"line":359,"column":24}},"loc":{"start":{"line":359,"column":29},"end":{"line":359,"column":55}},"line":359},"51":{"name":"(anonymous_51)","decl":{"start":{"line":362,"column":45},"end":{"line":362,"column":46}},"loc":{"start":{"line":362,"column":51},"end":{"line":366,"column":13}},"line":362},"52":{"name":"(anonymous_52)","decl":{"start":{"line":365,"column":23},"end":{"line":365,"column":24}},"loc":{"start":{"line":365,"column":29},"end":{"line":365,"column":55}},"line":365},"53":{"name":"(anonymous_53)","decl":{"start":{"line":368,"column":45},"end":{"line":368,"column":46}},"loc":{"start":{"line":368,"column":51},"end":{"line":372,"column":13}},"line":368},"54":{"name":"(anonymous_54)","decl":{"start":{"line":371,"column":23},"end":{"line":371,"column":24}},"loc":{"start":{"line":371,"column":29},"end":{"line":371,"column":55}},"line":371},"55":{"name":"(anonymous_55)","decl":{"start":{"line":374,"column":59},"end":{"line":374,"column":60}},"loc":{"start":{"line":374,"column":65},"end":{"line":378,"column":13}},"line":374},"56":{"name":"(anonymous_56)","decl":{"start":{"line":377,"column":23},"end":{"line":377,"column":24}},"loc":{"start":{"line":377,"column":29},"end":{"line":377,"column":55}},"line":377},"57":{"name":"(anonymous_57)","decl":{"start":{"line":384,"column":36},"end":{"line":384,"column":37}},"loc":{"start":{"line":384,"column":42},"end":{"line":871,"column":5}},"line":384},"58":{"name":"(anonymous_58)","decl":{"start":{"line":387,"column":19},"end":{"line":387,"column":20}},"loc":{"start":{"line":387,"column":31},"end":{"line":407,"column":9}},"line":387},"59":{"name":"(anonymous_59)","decl":{"start":{"line":409,"column":41},"end":{"line":409,"column":42}},"loc":{"start":{"line":409,"column":47},"end":{"line":473,"column":9}},"line":409},"60":{"name":"(anonymous_60)","decl":{"start":{"line":412,"column":49},"end":{"line":412,"column":50}},"loc":{"start":{"line":412,"column":61},"end":{"line":422,"column":13}},"line":412},"61":{"name":"(anonymous_61)","decl":{"start":{"line":424,"column":46},"end":{"line":424,"column":47}},"loc":{"start":{"line":424,"column":52},"end":{"line":430,"column":13}},"line":424},"62":{"name":"(anonymous_62)","decl":{"start":{"line":429,"column":23},"end":{"line":429,"column":24}},"loc":{"start":{"line":429,"column":29},"end":{"line":429,"column":71}},"line":429},"63":{"name":"(anonymous_63)","decl":{"start":{"line":432,"column":42},"end":{"line":432,"column":43}},"loc":{"start":{"line":432,"column":48},"end":{"line":436,"column":13}},"line":432},"64":{"name":"(anonymous_64)","decl":{"start":{"line":435,"column":23},"end":{"line":435,"column":24}},"loc":{"start":{"line":435,"column":29},"end":{"line":435,"column":71}},"line":435},"65":{"name":"(anonymous_65)","decl":{"start":{"line":438,"column":42},"end":{"line":438,"column":43}},"loc":{"start":{"line":438,"column":48},"end":{"line":442,"column":13}},"line":438},"66":{"name":"(anonymous_66)","decl":{"start":{"line":441,"column":23},"end":{"line":441,"column":24}},"loc":{"start":{"line":441,"column":29},"end":{"line":441,"column":71}},"line":441},"67":{"name":"(anonymous_67)","decl":{"start":{"line":444,"column":56},"end":{"line":444,"column":57}},"loc":{"start":{"line":444,"column":62},"end":{"line":448,"column":13}},"line":444},"68":{"name":"(anonymous_68)","decl":{"start":{"line":447,"column":23},"end":{"line":447,"column":24}},"loc":{"start":{"line":447,"column":29},"end":{"line":447,"column":71}},"line":447},"69":{"name":"(anonymous_69)","decl":{"start":{"line":450,"column":50},"end":{"line":450,"column":51}},"loc":{"start":{"line":450,"column":56},"end":{"line":454,"column":13}},"line":450},"70":{"name":"(anonymous_70)","decl":{"start":{"line":453,"column":23},"end":{"line":453,"column":24}},"loc":{"start":{"line":453,"column":29},"end":{"line":453,"column":71}},"line":453},"71":{"name":"(anonymous_71)","decl":{"start":{"line":456,"column":46},"end":{"line":456,"column":47}},"loc":{"start":{"line":456,"column":52},"end":{"line":460,"column":13}},"line":456},"72":{"name":"(anonymous_72)","decl":{"start":{"line":459,"column":23},"end":{"line":459,"column":24}},"loc":{"start":{"line":459,"column":29},"end":{"line":459,"column":71}},"line":459},"73":{"name":"(anonymous_73)","decl":{"start":{"line":462,"column":46},"end":{"line":462,"column":47}},"loc":{"start":{"line":462,"column":52},"end":{"line":466,"column":13}},"line":462},"74":{"name":"(anonymous_74)","decl":{"start":{"line":465,"column":23},"end":{"line":465,"column":24}},"loc":{"start":{"line":465,"column":29},"end":{"line":465,"column":71}},"line":465},"75":{"name":"(anonymous_75)","decl":{"start":{"line":468,"column":60},"end":{"line":468,"column":61}},"loc":{"start":{"line":468,"column":66},"end":{"line":472,"column":13}},"line":468},"76":{"name":"(anonymous_76)","decl":{"start":{"line":471,"column":23},"end":{"line":471,"column":24}},"loc":{"start":{"line":471,"column":29},"end":{"line":471,"column":71}},"line":471},"77":{"name":"(anonymous_77)","decl":{"start":{"line":475,"column":44},"end":{"line":475,"column":45}},"loc":{"start":{"line":475,"column":50},"end":{"line":539,"column":9}},"line":475},"78":{"name":"(anonymous_78)","decl":{"start":{"line":477,"column":49},"end":{"line":477,"column":50}},"loc":{"start":{"line":477,"column":61},"end":{"line":487,"column":13}},"line":477},"79":{"name":"(anonymous_79)","decl":{"start":{"line":489,"column":46},"end":{"line":489,"column":47}},"loc":{"start":{"line":489,"column":52},"end":{"line":495,"column":13}},"line":489},"80":{"name":"(anonymous_80)","decl":{"start":{"line":494,"column":23},"end":{"line":494,"column":24}},"loc":{"start":{"line":494,"column":29},"end":{"line":494,"column":71}},"line":494},"81":{"name":"(anonymous_81)","decl":{"start":{"line":497,"column":42},"end":{"line":497,"column":43}},"loc":{"start":{"line":497,"column":48},"end":{"line":501,"column":13}},"line":497},"82":{"name":"(anonymous_82)","decl":{"start":{"line":500,"column":23},"end":{"line":500,"column":24}},"loc":{"start":{"line":500,"column":29},"end":{"line":500,"column":71}},"line":500},"83":{"name":"(anonymous_83)","decl":{"start":{"line":503,"column":42},"end":{"line":503,"column":43}},"loc":{"start":{"line":503,"column":48},"end":{"line":507,"column":13}},"line":503},"84":{"name":"(anonymous_84)","decl":{"start":{"line":506,"column":23},"end":{"line":506,"column":24}},"loc":{"start":{"line":506,"column":29},"end":{"line":506,"column":71}},"line":506},"85":{"name":"(anonymous_85)","decl":{"start":{"line":509,"column":56},"end":{"line":509,"column":57}},"loc":{"start":{"line":509,"column":62},"end":{"line":513,"column":13}},"line":509},"86":{"name":"(anonymous_86)","decl":{"start":{"line":512,"column":23},"end":{"line":512,"column":24}},"loc":{"start":{"line":512,"column":29},"end":{"line":512,"column":71}},"line":512},"87":{"name":"(anonymous_87)","decl":{"start":{"line":515,"column":50},"end":{"line":515,"column":51}},"loc":{"start":{"line":515,"column":56},"end":{"line":519,"column":13}},"line":515},"88":{"name":"(anonymous_88)","decl":{"start":{"line":518,"column":23},"end":{"line":518,"column":24}},"loc":{"start":{"line":518,"column":29},"end":{"line":518,"column":71}},"line":518},"89":{"name":"(anonymous_89)","decl":{"start":{"line":521,"column":46},"end":{"line":521,"column":47}},"loc":{"start":{"line":521,"column":52},"end":{"line":525,"column":13}},"line":521},"90":{"name":"(anonymous_90)","decl":{"start":{"line":524,"column":23},"end":{"line":524,"column":24}},"loc":{"start":{"line":524,"column":29},"end":{"line":524,"column":71}},"line":524},"91":{"name":"(anonymous_91)","decl":{"start":{"line":527,"column":46},"end":{"line":527,"column":47}},"loc":{"start":{"line":527,"column":52},"end":{"line":531,"column":13}},"line":527},"92":{"name":"(anonymous_92)","decl":{"start":{"line":530,"column":23},"end":{"line":530,"column":24}},"loc":{"start":{"line":530,"column":29},"end":{"line":530,"column":71}},"line":530},"93":{"name":"(anonymous_93)","decl":{"start":{"line":533,"column":60},"end":{"line":533,"column":61}},"loc":{"start":{"line":533,"column":66},"end":{"line":537,"column":13}},"line":533},"94":{"name":"(anonymous_94)","decl":{"start":{"line":536,"column":23},"end":{"line":536,"column":24}},"loc":{"start":{"line":536,"column":29},"end":{"line":536,"column":71}},"line":536},"95":{"name":"(anonymous_95)","decl":{"start":{"line":541,"column":34},"end":{"line":541,"column":35}},"loc":{"start":{"line":541,"column":40},"end":{"line":556,"column":9}},"line":541},"96":{"name":"(anonymous_96)","decl":{"start":{"line":543,"column":49},"end":{"line":543,"column":50}},"loc":{"start":{"line":543,"column":61},"end":{"line":555,"column":13}},"line":543},"97":{"name":"(anonymous_97)","decl":{"start":{"line":558,"column":46},"end":{"line":558,"column":47}},"loc":{"start":{"line":558,"column":52},"end":{"line":622,"column":9}},"line":558},"98":{"name":"(anonymous_98)","decl":{"start":{"line":561,"column":49},"end":{"line":561,"column":50}},"loc":{"start":{"line":561,"column":61},"end":{"line":571,"column":13}},"line":561},"99":{"name":"(anonymous_99)","decl":{"start":{"line":573,"column":46},"end":{"line":573,"column":47}},"loc":{"start":{"line":573,"column":52},"end":{"line":579,"column":13}},"line":573},"100":{"name":"(anonymous_100)","decl":{"start":{"line":578,"column":23},"end":{"line":578,"column":24}},"loc":{"start":{"line":578,"column":29},"end":{"line":578,"column":67}},"line":578},"101":{"name":"(anonymous_101)","decl":{"start":{"line":581,"column":42},"end":{"line":581,"column":43}},"loc":{"start":{"line":581,"column":48},"end":{"line":585,"column":13}},"line":581},"102":{"name":"(anonymous_102)","decl":{"start":{"line":584,"column":23},"end":{"line":584,"column":24}},"loc":{"start":{"line":584,"column":29},"end":{"line":584,"column":67}},"line":584},"103":{"name":"(anonymous_103)","decl":{"start":{"line":587,"column":42},"end":{"line":587,"column":43}},"loc":{"start":{"line":587,"column":48},"end":{"line":591,"column":13}},"line":587},"104":{"name":"(anonymous_104)","decl":{"start":{"line":590,"column":23},"end":{"line":590,"column":24}},"loc":{"start":{"line":590,"column":29},"end":{"line":590,"column":67}},"line":590},"105":{"name":"(anonymous_105)","decl":{"start":{"line":593,"column":56},"end":{"line":593,"column":57}},"loc":{"start":{"line":593,"column":62},"end":{"line":597,"column":13}},"line":593},"106":{"name":"(anonymous_106)","decl":{"start":{"line":596,"column":23},"end":{"line":596,"column":24}},"loc":{"start":{"line":596,"column":29},"end":{"line":596,"column":67}},"line":596},"107":{"name":"(anonymous_107)","decl":{"start":{"line":599,"column":50},"end":{"line":599,"column":51}},"loc":{"start":{"line":599,"column":56},"end":{"line":603,"column":13}},"line":599},"108":{"name":"(anonymous_108)","decl":{"start":{"line":602,"column":23},"end":{"line":602,"column":24}},"loc":{"start":{"line":602,"column":29},"end":{"line":602,"column":67}},"line":602},"109":{"name":"(anonymous_109)","decl":{"start":{"line":605,"column":46},"end":{"line":605,"column":47}},"loc":{"start":{"line":605,"column":52},"end":{"line":609,"column":13}},"line":605},"110":{"name":"(anonymous_110)","decl":{"start":{"line":608,"column":23},"end":{"line":608,"column":24}},"loc":{"start":{"line":608,"column":29},"end":{"line":608,"column":67}},"line":608},"111":{"name":"(anonymous_111)","decl":{"start":{"line":611,"column":46},"end":{"line":611,"column":47}},"loc":{"start":{"line":611,"column":52},"end":{"line":615,"column":13}},"line":611},"112":{"name":"(anonymous_112)","decl":{"start":{"line":614,"column":23},"end":{"line":614,"column":24}},"loc":{"start":{"line":614,"column":29},"end":{"line":614,"column":67}},"line":614},"113":{"name":"(anonymous_113)","decl":{"start":{"line":617,"column":60},"end":{"line":617,"column":61}},"loc":{"start":{"line":617,"column":66},"end":{"line":621,"column":13}},"line":617},"114":{"name":"(anonymous_114)","decl":{"start":{"line":620,"column":23},"end":{"line":620,"column":24}},"loc":{"start":{"line":620,"column":29},"end":{"line":620,"column":67}},"line":620},"115":{"name":"(anonymous_115)","decl":{"start":{"line":624,"column":49},"end":{"line":624,"column":50}},"loc":{"start":{"line":624,"column":55},"end":{"line":687,"column":9}},"line":624},"116":{"name":"(anonymous_116)","decl":{"start":{"line":625,"column":49},"end":{"line":625,"column":50}},"loc":{"start":{"line":625,"column":61},"end":{"line":635,"column":13}},"line":625},"117":{"name":"(anonymous_117)","decl":{"start":{"line":637,"column":46},"end":{"line":637,"column":47}},"loc":{"start":{"line":637,"column":52},"end":{"line":643,"column":13}},"line":637},"118":{"name":"(anonymous_118)","decl":{"start":{"line":642,"column":23},"end":{"line":642,"column":24}},"loc":{"start":{"line":642,"column":29},"end":{"line":642,"column":70}},"line":642},"119":{"name":"(anonymous_119)","decl":{"start":{"line":645,"column":42},"end":{"line":645,"column":43}},"loc":{"start":{"line":645,"column":48},"end":{"line":649,"column":13}},"line":645},"120":{"name":"(anonymous_120)","decl":{"start":{"line":648,"column":23},"end":{"line":648,"column":24}},"loc":{"start":{"line":648,"column":29},"end":{"line":648,"column":70}},"line":648},"121":{"name":"(anonymous_121)","decl":{"start":{"line":651,"column":42},"end":{"line":651,"column":43}},"loc":{"start":{"line":651,"column":48},"end":{"line":655,"column":13}},"line":651},"122":{"name":"(anonymous_122)","decl":{"start":{"line":654,"column":23},"end":{"line":654,"column":24}},"loc":{"start":{"line":654,"column":29},"end":{"line":654,"column":70}},"line":654},"123":{"name":"(anonymous_123)","decl":{"start":{"line":657,"column":56},"end":{"line":657,"column":57}},"loc":{"start":{"line":657,"column":62},"end":{"line":661,"column":13}},"line":657},"124":{"name":"(anonymous_124)","decl":{"start":{"line":660,"column":23},"end":{"line":660,"column":24}},"loc":{"start":{"line":660,"column":29},"end":{"line":660,"column":70}},"line":660},"125":{"name":"(anonymous_125)","decl":{"start":{"line":663,"column":50},"end":{"line":663,"column":51}},"loc":{"start":{"line":663,"column":56},"end":{"line":667,"column":13}},"line":663},"126":{"name":"(anonymous_126)","decl":{"start":{"line":666,"column":23},"end":{"line":666,"column":24}},"loc":{"start":{"line":666,"column":29},"end":{"line":666,"column":70}},"line":666},"127":{"name":"(anonymous_127)","decl":{"start":{"line":669,"column":46},"end":{"line":669,"column":47}},"loc":{"start":{"line":669,"column":52},"end":{"line":673,"column":13}},"line":669},"128":{"name":"(anonymous_128)","decl":{"start":{"line":672,"column":23},"end":{"line":672,"column":24}},"loc":{"start":{"line":672,"column":29},"end":{"line":672,"column":70}},"line":672},"129":{"name":"(anonymous_129)","decl":{"start":{"line":675,"column":46},"end":{"line":675,"column":47}},"loc":{"start":{"line":675,"column":52},"end":{"line":679,"column":13}},"line":675},"130":{"name":"(anonymous_130)","decl":{"start":{"line":678,"column":23},"end":{"line":678,"column":24}},"loc":{"start":{"line":678,"column":29},"end":{"line":678,"column":70}},"line":678},"131":{"name":"(anonymous_131)","decl":{"start":{"line":681,"column":60},"end":{"line":681,"column":61}},"loc":{"start":{"line":681,"column":66},"end":{"line":685,"column":13}},"line":681},"132":{"name":"(anonymous_132)","decl":{"start":{"line":684,"column":23},"end":{"line":684,"column":24}},"loc":{"start":{"line":684,"column":29},"end":{"line":684,"column":70}},"line":684},"133":{"name":"(anonymous_133)","decl":{"start":{"line":689,"column":39},"end":{"line":689,"column":40}},"loc":{"start":{"line":689,"column":45},"end":{"line":705,"column":9}},"line":689},"134":{"name":"(anonymous_134)","decl":{"start":{"line":691,"column":49},"end":{"line":691,"column":50}},"loc":{"start":{"line":691,"column":61},"end":{"line":703,"column":13}},"line":691},"135":{"name":"(anonymous_135)","decl":{"start":{"line":707,"column":46},"end":{"line":707,"column":47}},"loc":{"start":{"line":707,"column":52},"end":{"line":771,"column":9}},"line":707},"136":{"name":"(anonymous_136)","decl":{"start":{"line":710,"column":49},"end":{"line":710,"column":50}},"loc":{"start":{"line":710,"column":61},"end":{"line":720,"column":13}},"line":710},"137":{"name":"(anonymous_137)","decl":{"start":{"line":722,"column":46},"end":{"line":722,"column":47}},"loc":{"start":{"line":722,"column":52},"end":{"line":728,"column":13}},"line":722},"138":{"name":"(anonymous_138)","decl":{"start":{"line":727,"column":23},"end":{"line":727,"column":24}},"loc":{"start":{"line":727,"column":29},"end":{"line":727,"column":71}},"line":727},"139":{"name":"(anonymous_139)","decl":{"start":{"line":730,"column":42},"end":{"line":730,"column":43}},"loc":{"start":{"line":730,"column":48},"end":{"line":734,"column":13}},"line":730},"140":{"name":"(anonymous_140)","decl":{"start":{"line":733,"column":23},"end":{"line":733,"column":24}},"loc":{"start":{"line":733,"column":29},"end":{"line":733,"column":71}},"line":733},"141":{"name":"(anonymous_141)","decl":{"start":{"line":736,"column":42},"end":{"line":736,"column":43}},"loc":{"start":{"line":736,"column":48},"end":{"line":740,"column":13}},"line":736},"142":{"name":"(anonymous_142)","decl":{"start":{"line":739,"column":23},"end":{"line":739,"column":24}},"loc":{"start":{"line":739,"column":29},"end":{"line":739,"column":71}},"line":739},"143":{"name":"(anonymous_143)","decl":{"start":{"line":742,"column":56},"end":{"line":742,"column":57}},"loc":{"start":{"line":742,"column":62},"end":{"line":746,"column":13}},"line":742},"144":{"name":"(anonymous_144)","decl":{"start":{"line":745,"column":23},"end":{"line":745,"column":24}},"loc":{"start":{"line":745,"column":29},"end":{"line":745,"column":71}},"line":745},"145":{"name":"(anonymous_145)","decl":{"start":{"line":748,"column":50},"end":{"line":748,"column":51}},"loc":{"start":{"line":748,"column":56},"end":{"line":752,"column":13}},"line":748},"146":{"name":"(anonymous_146)","decl":{"start":{"line":751,"column":23},"end":{"line":751,"column":24}},"loc":{"start":{"line":751,"column":29},"end":{"line":751,"column":71}},"line":751},"147":{"name":"(anonymous_147)","decl":{"start":{"line":754,"column":46},"end":{"line":754,"column":47}},"loc":{"start":{"line":754,"column":52},"end":{"line":758,"column":13}},"line":754},"148":{"name":"(anonymous_148)","decl":{"start":{"line":757,"column":23},"end":{"line":757,"column":24}},"loc":{"start":{"line":757,"column":29},"end":{"line":757,"column":71}},"line":757},"149":{"name":"(anonymous_149)","decl":{"start":{"line":760,"column":46},"end":{"line":760,"column":47}},"loc":{"start":{"line":760,"column":52},"end":{"line":764,"column":13}},"line":760},"150":{"name":"(anonymous_150)","decl":{"start":{"line":763,"column":23},"end":{"line":763,"column":24}},"loc":{"start":{"line":763,"column":29},"end":{"line":763,"column":71}},"line":763},"151":{"name":"(anonymous_151)","decl":{"start":{"line":766,"column":60},"end":{"line":766,"column":61}},"loc":{"start":{"line":766,"column":66},"end":{"line":770,"column":13}},"line":766},"152":{"name":"(anonymous_152)","decl":{"start":{"line":769,"column":23},"end":{"line":769,"column":24}},"loc":{"start":{"line":769,"column":29},"end":{"line":769,"column":71}},"line":769},"153":{"name":"(anonymous_153)","decl":{"start":{"line":773,"column":49},"end":{"line":773,"column":50}},"loc":{"start":{"line":773,"column":55},"end":{"line":836,"column":9}},"line":773},"154":{"name":"(anonymous_154)","decl":{"start":{"line":774,"column":49},"end":{"line":774,"column":50}},"loc":{"start":{"line":774,"column":61},"end":{"line":784,"column":13}},"line":774},"155":{"name":"(anonymous_155)","decl":{"start":{"line":786,"column":46},"end":{"line":786,"column":47}},"loc":{"start":{"line":786,"column":52},"end":{"line":792,"column":13}},"line":786},"156":{"name":"(anonymous_156)","decl":{"start":{"line":791,"column":23},"end":{"line":791,"column":24}},"loc":{"start":{"line":791,"column":29},"end":{"line":791,"column":74}},"line":791},"157":{"name":"(anonymous_157)","decl":{"start":{"line":794,"column":42},"end":{"line":794,"column":43}},"loc":{"start":{"line":794,"column":48},"end":{"line":798,"column":13}},"line":794},"158":{"name":"(anonymous_158)","decl":{"start":{"line":797,"column":23},"end":{"line":797,"column":24}},"loc":{"start":{"line":797,"column":29},"end":{"line":797,"column":74}},"line":797},"159":{"name":"(anonymous_159)","decl":{"start":{"line":800,"column":42},"end":{"line":800,"column":43}},"loc":{"start":{"line":800,"column":48},"end":{"line":804,"column":13}},"line":800},"160":{"name":"(anonymous_160)","decl":{"start":{"line":803,"column":23},"end":{"line":803,"column":24}},"loc":{"start":{"line":803,"column":29},"end":{"line":803,"column":74}},"line":803},"161":{"name":"(anonymous_161)","decl":{"start":{"line":806,"column":56},"end":{"line":806,"column":57}},"loc":{"start":{"line":806,"column":62},"end":{"line":810,"column":13}},"line":806},"162":{"name":"(anonymous_162)","decl":{"start":{"line":809,"column":23},"end":{"line":809,"column":24}},"loc":{"start":{"line":809,"column":29},"end":{"line":809,"column":74}},"line":809},"163":{"name":"(anonymous_163)","decl":{"start":{"line":812,"column":50},"end":{"line":812,"column":51}},"loc":{"start":{"line":812,"column":56},"end":{"line":816,"column":13}},"line":812},"164":{"name":"(anonymous_164)","decl":{"start":{"line":815,"column":23},"end":{"line":815,"column":24}},"loc":{"start":{"line":815,"column":29},"end":{"line":815,"column":74}},"line":815},"165":{"name":"(anonymous_165)","decl":{"start":{"line":818,"column":46},"end":{"line":818,"column":47}},"loc":{"start":{"line":818,"column":52},"end":{"line":822,"column":13}},"line":818},"166":{"name":"(anonymous_166)","decl":{"start":{"line":821,"column":23},"end":{"line":821,"column":24}},"loc":{"start":{"line":821,"column":29},"end":{"line":821,"column":74}},"line":821},"167":{"name":"(anonymous_167)","decl":{"start":{"line":824,"column":46},"end":{"line":824,"column":47}},"loc":{"start":{"line":824,"column":52},"end":{"line":828,"column":13}},"line":824},"168":{"name":"(anonymous_168)","decl":{"start":{"line":827,"column":23},"end":{"line":827,"column":24}},"loc":{"start":{"line":827,"column":29},"end":{"line":827,"column":74}},"line":827},"169":{"name":"(anonymous_169)","decl":{"start":{"line":830,"column":60},"end":{"line":830,"column":61}},"loc":{"start":{"line":830,"column":66},"end":{"line":834,"column":13}},"line":830},"170":{"name":"(anonymous_170)","decl":{"start":{"line":833,"column":23},"end":{"line":833,"column":24}},"loc":{"start":{"line":833,"column":29},"end":{"line":833,"column":74}},"line":833},"171":{"name":"(anonymous_171)","decl":{"start":{"line":838,"column":50},"end":{"line":838,"column":51}},"loc":{"start":{"line":838,"column":56},"end":{"line":854,"column":9}},"line":838},"172":{"name":"(anonymous_172)","decl":{"start":{"line":840,"column":49},"end":{"line":840,"column":50}},"loc":{"start":{"line":840,"column":61},"end":{"line":852,"column":13}},"line":840},"173":{"name":"(anonymous_173)","decl":{"start":{"line":856,"column":33},"end":{"line":856,"column":34}},"loc":{"start":{"line":856,"column":39},"end":{"line":870,"column":9}},"line":856},"174":{"name":"(anonymous_174)","decl":{"start":{"line":858,"column":49},"end":{"line":858,"column":50}},"loc":{"start":{"line":858,"column":61},"end":{"line":869,"column":13}},"line":858},"175":{"name":"(anonymous_175)","decl":{"start":{"line":873,"column":10},"end":{"line":873,"column":11}},"loc":{"start":{"line":873,"column":16},"end":{"line":873,"column":37}},"line":873}},"branchMap":{"0":{"loc":{"start":{"line":20,"column":4},"end":{"line":244,"column":6}},"type":"binary-expr","locations":[{"start":{"line":20,"column":4},"end":{"line":20,"column":8}},{"start":{"line":20,"column":12},"end":{"line":244,"column":6}}],"line":20},"1":{"loc":{"start":{"line":21,"column":8},"end":{"line":64,"column":10}},"type":"binary-expr","locations":[{"start":{"line":21,"column":8},"end":{"line":21,"column":12}},{"start":{"line":21,"column":16},"end":{"line":64,"column":10}}],"line":21},"2":{"loc":{"start":{"line":66,"column":8},"end":{"line":91,"column":10}},"type":"binary-expr","locations":[{"start":{"line":66,"column":8},"end":{"line":66,"column":12}},{"start":{"line":66,"column":16},"end":{"line":91,"column":10}}],"line":66},"3":{"loc":{"start":{"line":93,"column":8},"end":{"line":123,"column":10}},"type":"binary-expr","locations":[{"start":{"line":93,"column":8},"end":{"line":93,"column":12}},{"start":{"line":93,"column":16},"end":{"line":123,"column":10}}],"line":93},"4":{"loc":{"start":{"line":125,"column":8},"end":{"line":243,"column":10}},"type":"binary-expr","locations":[{"start":{"line":125,"column":8},"end":{"line":125,"column":13}},{"start":{"line":125,"column":17},"end":{"line":243,"column":10}}],"line":125},"5":{"loc":{"start":{"line":246,"column":4},"end":{"line":382,"column":6}},"type":"binary-expr","locations":[{"start":{"line":246,"column":4},"end":{"line":246,"column":8}},{"start":{"line":246,"column":12},"end":{"line":382,"column":6}}],"line":246},"6":{"loc":{"start":{"line":384,"column":4},"end":{"line":871,"column":6}},"type":"binary-expr","locations":[{"start":{"line":384,"column":4},"end":{"line":384,"column":8}},{"start":{"line":384,"column":12},"end":{"line":871,"column":6}}],"line":384}},"s":{"0":1,"1":1,"2":1,"3":1,"4":1,"5":1,"6":1,"7":1,"8":1,"9":1,"10":78,"11":1,"12":1,"13":1,"14":4,"15":4,"16":4,"17":4,"18":4,"19":1,"20":1,"21":1,"22":1,"23":1,"24":1,"25":1,"26":1,"27":1,"28":1,"29":1,"30":1,"31":1,"32":1,"33":1,"34":1,"35":1,"36":1,"37":1,"38":1,"39":1,"40":1,"41":1,"42":2,"43":1,"44":1,"45":1,"46":1,"47":1,"48":1,"49":1,"50":1,"51":1,"52":1,"53":1,"54":1,"55":1,"56":1,"57":1,"58":1,"59":1,"60":1,"61":1,"62":1,"63":1,"64":1,"65":1,"66":1,"67":1,"68":1,"69":1,"70":1,"71":1,"72":1,"73":1,"74":1,"75":0,"76":0,"77":0,"78":0,"79":0,"80":0,"81":0,"82":0,"83":0,"84":0,"85":0,"86":0,"87":0,"88":0,"89":0,"90":0,"91":0,"92":0,"93":0,"94":0,"95":0,"96":0,"97":0,"98":0,"99":0,"100":0,"101":0,"102":0,"103":0,"104":0,"105":0,"106":0,"107":0,"108":0,"109":0,"110":0,"111":0,"112":0,"113":0,"114":0,"115":0,"116":0,"117":0,"118":0,"119":0,"120":0,"121":0,"122":0,"123":0,"124":0,"125":0,"126":0,"127":0,"128":0,"129":0,"130":0,"131":0,"132":0,"133":0,"134":0,"135":0,"136":0,"137":0,"138":0,"139":0,"140":0,"141":0,"142":1,"143":1,"144":1,"145":8,"146":8,"147":8,"148":8,"149":8,"150":8,"151":8,"152":8,"153":8,"154":8,"155":8,"156":8,"157":8,"158":8,"159":8,"160":8,"161":8,"162":8,"163":1,"164":1,"165":1,"166":1,"167":1,"168":1,"169":1,"170":1,"171":1,"172":1,"173":1,"174":1,"175":1,"176":1,"177":1,"178":1,"179":1,"180":1,"181":1,"182":1,"183":1,"184":1,"185":1,"186":1,"187":1,"188":1,"189":1,"190":1,"191":1,"192":1,"193":1,"194":1,"195":1,"196":1,"197":5,"198":5,"199":5,"200":5,"201":5,"202":5,"203":5,"204":5,"205":5,"206":5,"207":5,"208":5,"209":1,"210":1,"211":1,"212":1,"213":1,"214":1,"215":1,"216":1,"217":1,"218":1,"219":1,"220":1,"221":1,"222":1,"223":1,"224":1,"225":1,"226":1,"227":1,"228":1,"229":1,"230":1,"231":58,"232":58,"233":58,"234":58,"235":58,"236":58,"237":58,"238":58,"239":58,"240":58,"241":58,"242":58,"243":58,"244":58,"245":1,"246":1,"247":1,"248":1,"249":1,"250":1,"251":1,"252":1,"253":1,"254":1,"255":1,"256":1,"257":1,"258":1,"259":1,"260":1,"261":1,"262":1,"263":1,"264":1,"265":1,"266":1,"267":1,"268":1,"269":1,"270":1,"271":1,"272":1,"273":1,"274":1,"275":1,"276":1,"277":1,"278":1,"279":1,"280":1,"281":1,"282":1,"283":1,"284":1,"285":1,"286":1,"287":1,"288":1,"289":1,"290":1,"291":1,"292":1,"293":1,"294":1,"295":1,"296":1,"297":1,"298":1,"299":1,"300":1,"301":1,"302":1,"303":1,"304":1,"305":1,"306":1,"307":1,"308":1,"309":1,"310":1,"311":1,"312":1,"313":1,"314":1,"315":1,"316":1,"317":1,"318":1,"319":1,"320":1,"321":1,"322":1,"323":1,"324":1,"325":1,"326":1,"327":1,"328":1,"329":1,"330":1,"331":1,"332":1,"333":1,"334":1,"335":1,"336":1,"337":1,"338":1,"339":1,"340":1,"341":1,"342":1,"343":1,"344":1,"345":1,"346":1,"347":1,"348":1,"349":1,"350":1,"351":1,"352":1,"353":1,"354":1,"355":1,"356":1,"357":1,"358":1,"359":1,"360":1,"361":1,"362":1,"363":1,"364":1,"365":1,"366":1,"367":1,"368":1,"369":1,"370":1,"371":1,"372":1,"373":1,"374":1,"375":1,"376":1,"377":1,"378":1,"379":1,"380":1,"381":1,"382":1,"383":1,"384":1,"385":1,"386":1,"387":1,"388":1,"389":1,"390":1,"391":1,"392":1,"393":1,"394":1,"395":1,"396":1,"397":1,"398":1,"399":1,"400":1,"401":1,"402":1,"403":1,"404":1,"405":1,"406":1,"407":1,"408":1,"409":1,"410":1,"411":1,"412":1,"413":1,"414":1,"415":1,"416":1,"417":1,"418":1,"419":1,"420":1,"421":1,"422":1,"423":1,"424":1,"425":1,"426":1,"427":1,"428":1,"429":1,"430":1,"431":1,"432":1,"433":1,"434":1,"435":1,"436":1,"437":1,"438":1,"439":1,"440":1,"441":1,"442":1,"443":1,"444":1,"445":1,"446":1,"447":1,"448":1,"449":1,"450":1,"451":1,"452":1,"453":1,"454":1,"455":1,"456":1,"457":1,"458":1,"459":1,"460":1,"461":1,"462":1,"463":1,"464":1,"465":1,"466":1,"467":1,"468":1,"469":1,"470":1,"471":1,"472":1,"473":1,"474":1,"475":1,"476":1,"477":1,"478":1,"479":1,"480":1,"481":1,"482":1,"483":1,"484":1,"485":1,"486":1,"487":1,"488":1,"489":1,"490":1,"491":1,"492":1,"493":1,"494":1,"495":1,"496":1,"497":1,"498":1,"499":1,"500":1,"501":1,"502":1,"503":1,"504":1,"505":1,"506":1,"507":1,"508":1,"509":1,"510":1,"511":1,"512":1,"513":1,"514":1,"515":1,"516":1,"517":1,"518":1,"519":1,"520":1,"521":1,"522":1,"523":1,"524":1,"525":1,"526":1,"527":1,"528":1,"529":1,"530":1,"531":1,"532":1,"533":1,"534":1,"535":1,"536":1,"537":1,"538":1,"539":1,"540":1,"541":1,"542":1,"543":1,"544":1,"545":1,"546":1,"547":1,"548":1,"549":1,"550":1,"551":1,"552":1,"553":1,"554":1,"555":1,"556":1,"557":1,"558":1,"559":1},"f":{"0":1,"1":1,"2":78,"3":1,"4":1,"5":4,"6":1,"7":1,"8":1,"9":1,"10":1,"11":1,"12":1,"13":1,"14":2,"15":1,"16":1,"17":1,"18":1,"19":1,"20":1,"21":0,"22":0,"23":0,"24":0,"25":0,"26":0,"27":0,"28":0,"29":0,"30":0,"31":1,"32":1,"33":8,"34":1,"35":1,"36":1,"37":1,"38":1,"39":1,"40":1,"41":1,"42":1,"43":1,"44":1,"45":1,"46":1,"47":5,"48":1,"49":1,"50":1,"51":1,"52":1,"53":1,"54":1,"55":1,"56":1,"57":1,"58":58,"59":1,"60":1,"61":1,"62":1,"63":1,"64":1,"65":1,"66
[...]
:16},"end":{"line":80,"column":68}},"type":"binary-expr","locations":[{"start":{"line":80,"column":16},"end":{"line":80,"column":35}},{"start":{"line":80,"column":40},"end":{"line":80,"column":67}}],"line":80},"13":{"loc":{"start":{"line":84,"column":16},"end":{"line":84,"column":50}},"type":"binary-expr","locations":[{"start":{"line":84,"column":16},"end":{"line":84,"column":28}},{"start":{"line":84,"column":33},"end":{"line":84,"column":49}}],"line":84},"14":{"loc":{"start":{"line":85,"column":16},"end":{"line":85,"column":59}},"type":"binary-expr","locations":[{"start":{"line":85,"column":16},"end":{"line":85,"column":31}},{"start":{"line":85,"column":36},"end":{"line":85,"column":58}}],"line":85},"15":{"loc":{"start":{"line":86,"column":16},"end":{"line":86,"column":59}},"type":"binary-expr","locations":[{"start":{"line":86,"column":16},"end":{"line":86,"column":32}},{"start":{"line":86,"column":37},"end":{"line":86,"column":58}}],"line":86},"16":{"loc":{"start":{"line":87,"column":16},"end":{"line":87,"column":68}},"type":"binary-expr","locations":[{"start":{"line":87,"column":16},"end":{"line":87,"column":35}},{"start":{"line":87,"column":40},"end":{"line":87,"column":67}}],"line":87},"17":{"loc":{"start":{"line":103,"column":12},"end":{"line":103,"column":104}},"type":"if","locations":[{"start":{"line":103,"column":12},"end":{"line":103,"column":104}},{"start":{"line":103,"column":12},"end":{"line":103,"column":104}}],"line":103},"18":{"loc":{"start":{"line":113,"column":20},"end":{"line":113,"column":39}},"type":"if","locations":[{"start":{"line":113,"column":20},"end":{"line":113,"column":39}},{"start":{"line":113,"column":20},"end":{"line":113,"column":39}}],"line":113},"19":{"loc":{"start":{"line":118,"column":12},"end":{"line":118,"column":74}},"type":"if","locations":[{"start":{"line":118,"column":12},"end":{"line":118,"column":74}},{"start":{"line":118,"column":12},"end":{"line":118,"column":74}}],"line":118},"20":{"loc":{"start":{"line":148,"column":20},"end":{"line":148,"column":35}},"type":"if","locations":[{"start":{"line":148,"column":20},"end":{"line":148,"column":35}},{"start":{"line":148,"column":20},"end":{"line":148,"column":35}}],"line":148},"21":{"loc":{"start":{"line":154,"column":12},"end":{"line":154,"column":74}},"type":"if","locations":[{"start":{"line":154,"column":12},"end":{"line":154,"column":74}},{"start":{"line":154,"column":12},"end":{"line":154,"column":74}}],"line":154},"22":{"loc":{"start":{"line":177,"column":16},"end":{"line":177,"column":85}},"type":"if","locations":[{"start":{"line":177,"column":16},"end":{"line":177,"column":85}},{"start":{"line":177,"column":16},"end":{"line":177,"column":85}}],"line":177},"23":{"loc":{"start":{"line":197,"column":12},"end":{"line":197,"column":85}},"type":"if","locations":[{"start":{"line":197,"column":12},"end":{"line":197,"column":85}},{"start":{"line":197,"column":12},"end":{"line":197,"column":85}}],"line":197},"24":{"loc":{"start":{"line":229,"column":12},"end":{"line":229,"column":82}},"type":"if","locations":[{"start":{"line":229,"column":12},"end":{"line":229,"column":82}},{"start":{"line":229,"column":12},"end":{"line":229,"column":82}}],"line":229},"25":{"loc":{"start":{"line":272,"column":12},"end":{"line":272,"column":85}},"type":"if","locations":[{"start":{"line":272,"column":12},"end":{"line":272,"column":85}},{"start":{"line":272,"column":12},"end":{"line":272,"column":85}}],"line":272},"26":{"loc":{"start":{"line":301,"column":12},"end":{"line":301,"column":82}},"type":"if","locations":[{"start":{"line":301,"column":12},"end":{"line":301,"column":82}},{"start":{"line":301,"column":12},"end":{"line":301,"column":82}}],"line":301},"27":{"loc":{"start":{"line":342,"column":12},"end":{"line":342,"column":85}},"type":"if","locations":[{"start":{"line":342,"column":12},"end":{"line":342,"column":85}},{"start":{"line":342,"column":12},"end":{"line":342,"column":85}}],"line":342},"28":{"loc":{"start":{"line":371,"column":12},"end":{"line":371,"column":82}},"type":"if","locations":[{"start":{"line":371,"column":12},"end":{"line":371,"column":82}},{"start":{"line":371,"column":12},"end":{"line":371,"column":82}}],"line":371},"29":{"loc":{"start":{"line":425,"column":12},"end":{"line":425,"column":64}},"type":"if","locations":[{"start":{"line":425,"column":12},"end":{"line":425,"column":64}},{"start":{"line":425,"column":12},"end":{"line":425,"column":64}}],"line":425}},"s":{"0":1,"1":1,"2":1,"3":1,"4":4,"5":1,"6":1,"7":1,"8":0,"9":1,"10":1,"11":2,"12":1,"13":1,"14":1,"15":0,"16":1,"17":1,"18":1,"19":1,"20":1,"21":0,"22":1,"23":1,"24":0,"25":0,"26":0,"27":0,"28":0,"29":0,"30":0,"31":0,"32":0,"33":0,"34":0,"35":0,"36":0,"37":0,"38":0,"39":0,"40":0,"41":0,"42":0,"43":0,"44":0,"45":0,"46":0,"47":8,"48":4,"49":4,"50":0,"51":4,"52":4,"53":0,"54":4,"55":4,"56":0,"57":4,"58":14,"59":14,"60":4,"61":5,"62":1,"63":1,"64":1,"65":0,"66":1,"67":1,"68":0,"69":1,"70":1,"71":1,"72":1,"73":18,"74":2,"75":2,"76":2,"77":0,"78":0,"79":2,"80":2,"81":1,"82":1,"83":1,"84":1,"85":0,"86":1,"87":1,"88":1,"89":1,"90":1,"91":1,"92":1,"93":1,"94":1,"95":1,"96":1,"97":0,"98":1,"99":1,"100":0,"101":1,"102":1,"103":10,"104":2,"105":2,"106":2,"107":2,"108":1,"109":1,"110":1,"111":1,"112":0,"113":1,"114":1,"115":1,"116":1,"117":1,"118":1,"119":1,"120":9,"121":1,"122":1,"123":1,"124":0,"125":1,"126":1,"127":0,"128":1,"129":1,"130":10,"131":2,"132":2,"133":2,"134":2,"135":1,"136":1,"137":1,"138":1,"139":0,"140":1,"141":1,"142":1,"143":1,"144":1,"145":1,"146":1,"147":9,"148":1,"149":1,"150":1,"151":0,"152":1,"153":1,"154":0,"155":1,"156":1,"157":1,"158":1,"159":1,"160":1,"161":1,"162":1,"163":1,"164":1,"165":1,"166":1,"167":1,"168":1,"169":0,"170":0,"171":0,"172":0,"173":0,"174":0,"175":0,"176":0,"177":0,"178":1},"f":{"0":4,"1":1,"2":2,"3":1,"4":1,"5":1,"6":0,"7":0,"8":8,"9":4,"10":4,"11":14,"12":5,"13":1,"14":1,"15":1,"16":18,"17":2,"18":0,"19":1,"20":1,"21":1,"22":1,"23":1,"24":1,"25":0,"26":10,"27":2,"28":1,"29":1,"30":1,"31":1,"32":9,"33":1,"34":0,"35":10,"36":2,"37":1,"38":1,"39":1,"40":1,"41":9,"42":1,"43":0,"44":1,"45":1,"46":1,"47":0,"48":0,"49":0},"b":{"0":[0,1],"1":[0,1],"2":[1,1],"3":[0,1],"4":[0,0],"5":[0,0],"6":[0,0],"7":[0,0],"8":[0,0],"9":[0,0],"10":[0,0],"11":[0,0],"12":[0,0],"13":[0,0],"14":[0,0],"15":[0,0],"16":[0,0],"17":[0,4],"18":[0,4],"19":[0,4],"20":[0,1],"21":[0,1],"22":[0,0],"23":[0,1],"24":[0,1],"25":[0,1],"26":[0,1],"27":[0,1],"28":[0,1],"29":[0,0]},"_coverageSchema":"43e27e138ebf9cfc5966b082cf9a028302ed4184","hash":"5598d521c0d939cbd735e53e7a016a6278ffe31d","contentHash":"db13d88abc33071373ff7f61524c95b9"},"C:\\Users\\calvi\\Desktop\\new-bootcamp\\skylab-bootcamp-201809\\staff\\tomas-sancheznavarro\\mzkpoint\\mzkpoint-api\\errors\\index.js":{"path":"C:\\Users\\calvi\\Desktop\\new-bootcamp\\skylab-bootcamp-201809\\staff\\tomas-sancheznavarro\\mzkpoint\\mzkpoint-api\\errors\\index.js","statementMap":{"0":{"start":{"line":1,"column":27},"end":{"line":1,"column":60}},"1":{"start":{"line":2,"column":18},"end":{"line":2,"column":41}},"2":{"start":{"line":3,"column":24},"end":{"line":3,"column":54}},"3":{"start":{"line":4,"column":22},"end":{"line":4,"column":50}},"4":{"start":{"line":5,"column":19},"end":{"line":5,"column":43}},"5":{"start":{"line":7,"column":0},"end":{"line":13,"column":1}}},"fnMap":{},"branchMap":{},"s":{"0":1,"1":1,"2":1,"3":1,"4":1,"5":1},"f":{},"b":{},"_coverageSchema":"43e27e138ebf9cfc5966b082cf9a028302ed4184","hash":"8e8536176d38e9ec482844d68d65a9dda93f1789","contentHash":"b41e586322f1ac93e36ec7f3b79dc08b"},"C:\\Users\\calvi\\Desktop\\new-bootcamp\\skylab-bootcamp-201809\\staff\\tomas-sancheznavarro\\mzkpoint\\mzkpoint-api\\errors\\already-exists-error.js":{"path":"C:\\Users\\calvi\\Desktop\\new-bootcamp\\skylab-bootcamp-201809\\staff\\tomas-sancheznavarro\\mzkpoint\\mzkpoint-api\\errors\\already-exists-error.js","statementMap":{"0":{"start":{"line":3,"column":8},"end":{"line":3,"column":15}},"1":{"start":{"line":5,"column":8},"end":{"line":5,"column":55}},"2":{"start":{"line":7,"column":8},"end":{"line":7,"column":40}},"3":{"start":{"line":8,"column":8},"end":{"line":8,"column":30}},"4":{"start":{"line":10,"column":8},"end":{"line":10,"column":37}},"5":{"start":{"line":10,"column":19},"end":{"line":10,"column":37}},"6":{"start":{"line":14,"column":0},"end":{"line":14,"column":35}}},"fnMap":{"0":{"name":"(anonymous_0)","decl":{"start":{"line":2,"column":4},"end":{"line":2,"column":5}},"loc":{"start":{"line":2,"column":32},"end":{"line":11,"column":5}},"line":2}},"branchMap":{"0":{"loc":{"start":{"line":10,"column":8},"end":{"line":10,"column":37}},"type":"if","locations":[{"start":{"line":10,"column":8},"end":{"line":10,"column":37}},{"start":{"line":10,"column":8},"end":{"line":10,"column":37}}],"line":10}},"s":{"0":0,"1":0,"2":0,"3":0,"4":0,"5":0,"6":1},"f":{"0":0},"b":{"0":[0,0]},"_coverageSchema":"43e27e138ebf9cfc5966b082cf9a028302ed4184","hash":"a2d53702b42866933e67c538d31f9dac80c71505","contentHash":"e6d9fe927d46ee401f04dec94fc51160"},"C:\\Users\\calvi\\Desktop\\new-bootcamp\\skylab-bootcamp-201809\\staff\\tomas-sancheznavarro\\mzkpoint\\mzkpoint-api\\errors\\auth-error.js":{"path":"C:\\Users\\calvi\\Desktop\\new-bootcamp\\skylab-bootcamp-201809\\staff\\tomas-sancheznavarro\\mzkpoint\\mzkpoint-api\\errors\\auth-error.js","statementMap":{"0":{"start":{"line":3,"column":8},"end":{"line":3,"column":15}},"1":{"start":{"line":5,"column":8},"end":{"line":5,"column":55}},"2":{"start":{"line":7,"column":8},"end":{"line":7,"column":31}},"3":{"start":{"line":8,"column":8},"end":{"line":8,"column":30}},"4":{"start":{"line":10,"column":8},"end":{"line":10,"column":37}},"5":{"start":{"line":10,"column":19},"end":{"line":10,"column":37}},"6":{"start":{"line":14,"column":0},"end":{"line":14,"column":26}}},"fnMap":{"0":{"name":"(anonymous_0)","decl":{"start":{"line":2,"column":4},"end":{"line":2,"column":5}},"loc":{"start":{"line":2,"column":32},"end":{"line":11,"column":5}},"line":2}},"branchMap":{"0":{"loc":{"start":{"line":10,"column":8},"end":{"line":10,"column":37}},"type":"if","locations":[{"start":{"line":10,"column":8},"end":{"line":10,"column":37}},{"start":{"line":10,"column":8},"end":{"line":10,"column":37}}],"line":10}},"s":{"0":0,"1":0,"2":0,"3":0,"4":0,"5":0,"6":1},"f":{"0":0},"b":{"0":[0,0]},"_coverageSchema":"43e27e138ebf9cfc5966b082cf9a028302ed4184","hash":"ef4e5f57236ae0e3573b3e4fa8ef75e578e216ab","contentHash":"384624cc02fbbe348c379a08c1bd425a"},"C:\\Users\\calvi\\Desktop\\new-bootcamp\\skylab-bootcamp-201809\\staff\\tomas-sancheznavarro\\mzkpoint\\mzkpoint-api\\errors\\not-allowed-error.js":{"path":"C:\\Users\\calvi\\Desktop\\new-bootcamp\\skylab-bootcamp-201809\\staff\\tomas-sancheznavarro\\mzkpoint\\mzkpoint-api\\errors\\not-allowed-error.js","statementMap":{"0":{"start":{"line":3,"column":8},"end":{"line":3,"column":15}},"1":{"start":{"line":5,"column":8},"end":{"line":5,"column":55}},"2":{"start":{"line":7,"column":8},"end":{"line":7,"column":37}},"3":{"start":{"line":8,"column":8},"end":{"line":8,"column":30}},"4":{"start":{"line":10,"column":8},"end":{"line":10,"column":37}},"5":{"start":{"line":10,"column":19},"end":{"line":10,"column":37}},"6":{"start":{"line":14,"column":0},"end":{"line":14,"column":32}}},"fnMap":{"0":{"name":"(anonymous_0)","decl":{"start":{"line":2,"column":4},"end":{"line":2,"column":5}},"loc":{"start":{"line":2,"column":32},"end":{"line":11,"column":5}},"line":2}},"branchMap":{"0":{"loc":{"start":{"line":10,"column":8},"end":{"line":10,"column":37}},"type":"if","locations":[{"start":{"line":10,"column":8},"end":{"line":10,"column":37}},{"start":{"line":10,"column":8},"end":{"line":10,"column":37}}],"line":10}},"s":{"0":0,"1":0,"2":0,"3":0,"4":0,"5":0,"6":1},"f":{"0":0},"b":{"0":[0,0]},"_coverageSchema":"43e27e138ebf9cfc5966b082cf9a028302ed4184","hash":"4951c17d9a04eeaee65b2f9b534f67a56e0ea8c9","contentHash":"0afe41afb7d60a3c3f3dc63f8d6b3de8"},"C:\\Users\\calvi\\Desktop\\new-bootcamp\\skylab-bootcamp-201809\\staff\\tomas-sancheznavarro\\mzkpoint\\mzkpoint-api\\errors\\not-found-error.js":{"path":"C:\\Users\\calvi\\Desktop\\new-bootcamp\\skylab-bootcamp-201809\\staff\\tomas-sancheznavarro\\mzkpoint\\mzkpoint-api\\errors\\not-found-error.js","statementMap":{"0":{"start":{"line":3,"column":8},"end":{"line":3,"column":15}},"1":{"start":{"line":5,"column":8},"end":{"line":5,"column":55}},"2":{"start":{"line":7,"column":8},"end":{"line":7,"column":35}},"3":{"start":{"line":8,"column":8},"end":{"line":8,"column":30}},"4":{"start":{"line":10,"column":8},"end":{"line":10,"column":37}},"5":{"start":{"line":10,"column":19},"end":{"line":10,"column":37}},"6":{"start":{"line":14,"column":0},"end":{"line":14,"column":30}}},"fnMap":{"0":{"name":"(anonymous_0)","decl":{"start":{"line":2,"column":4},"end":{"line":2,"column":5}},"loc":{"start":{"line":2,"column":32},"end":{"line":11,"column":5}},"line":2}},"branchMap":{"0":{"loc":{"start":{"line":10,"column":8},"end":{"line":10,"column":37}},"type":"if","locations":[{"start":{"line":10,"column":8},"end":{"line":10,"column":37}},{"start":{"line":10,"column":8},"end":{"line":10,"column":37}}],"line":10}},"s":{"0":0,"1":0,"2":0,"3":0,"4":0,"5":0,"6":1},"f":{"0":0},"b":{"0":[0,0]},"_coverageSchema":"43e27e138ebf9cfc5966b082cf9a028302ed4184","hash":"41873d4f0ea243f9426fbf92684b0e9497cbf0f3","contentHash":"b68b6f2603afde37f4b840f21c4c6c2e"},"C:\\Users\\calvi\\Desktop\\new-bootcamp\\skylab-bootcamp-201809\\staff\\tomas-sancheznavarro\\mzkpoint\\mzkpoint-api\\errors\\value-error.js":{"path":"C:\\Users\\calvi\\Desktop\\new-bootcamp\\skylab-bootcamp-201809\\staff\\tomas-sancheznavarro\\mzkpoint\\mzkpoint-api\\errors\\value-error.js","statementMap":{"0":{"start":{"line":3,"column":8},"end":{"line":3,"column":15}},"1":{"start":{"line":5,"column":8},"end":{"line":5,"column":55}},"2":{"start":{"line":7,"column":8},"end":{"line":7,"column":32}},"3":{"start":{"line":8,"column":8},"end":{"line":8,"column":30}},"4":{"start":{"line":10,"column":8},"end":{"line":10,"column":37}},"5":{"start":{"line":10,"column":19},"end":{"line":10,"column":37}},"6":{"start":{"line":14,"column":0},"end":{"line":14,"column":27}}},"fnMap":{"0":{"name":"(anonymous_0)","decl":{"start":{"line":2,"column":4},"end":{"line":2,"column":5}},"loc":{"start":{"line":2,"column":32},"end":{"line":11,"column":5}},"line":2}},"branchMap":{"0":{"loc":{"start":{"line":10,"column":8},"end":{"line":10,"column":37}},"type":"if","locations":[{"start":{"line":10,"column":8},"end":{"line":10,"column":37}},{"start":{"line":10,"column":8},"end":{"line":10,"column":37}}],"line":10}},"s":{"0":30,"1":30,"2":30,"3":30,"4":30,"5":0,"6":1},"f":{"0":30},"b":{"0":[0,30]},"_coverageSchema":"43e27e138ebf9cfc5966b082cf9a028302ed4184","hash":"588633449b9870d8ec32e4c2a8a4d2571da73c2f","contentHash":"944421cbb0af8db7594b2aa21a37b8bb"},"C:\\Users\\calvi\\Desktop\\new-bootcamp\\skylab-bootcamp-201809\\staff\\tomas-sancheznavarro\\mzkpoint\\mzkpoint-api\\utils\\validate.js":{"path":"C:\\Users\\calvi\\Desktop\\new-bootcamp\\skylab-bootcamp-201809\\staff\\tomas-sancheznavarro\\mzkpoint\\mzkpoint-api\\utils\\validate.js","statementMap":{"0":{"start":{"line":1,"column":23},"end":{"line":1,"column":43}},"1":{"start":{"line":4,"column":4},"end":{"line":25,"column":6}},"2":{"start":{"line":5,"column":8},"end":{"line":24,"column":9}},"3":{"start":{"line":7,"column":16},"end":{"line":7,"column":53}},"4":{"start":{"line":7,"column":48},"end":{"line":7,"column":53}},"5":{"start":{"line":9,"column":16},"end":{"line":9,"column":90}},"6":{"start":{"line":9,"column":47},"end":{"line":9,"column":90}},"7":{"start":{"line":11,"column":16},"end":{"line":11,"column":90}},"8":{"start":{"line":11,"column":42},"end":{"line":11,"column":90}},"9":{"start":{"line":13,"column":16},"end":{"line":13,"column":21}},"10":{"start":{"line":15,"column":16},"end":{"line":15,"column":53}},"11":{"start":{"line":15,"column":48},"end":{"line":15,"column":53}},"12":{"start":{"line":17,"column":16},"end":{"line":17,"column":92}},"13":{"start":{"line":17,"column":48},"end":{"line":17,"column":92}},"14":{"start":{"line":19,"column":16},"end":{"line":19,"column":21}},"15":{"start":{"line":21,"column":16},"end":{"line":21,"column":53}},"16":{"start":{"line":21,"column":48},"end":{"line":21,"column":53}},"17":{"start":{"line":23,"column":16},"end":{"line":23,"column":90}},"18":{"start":{"line":23,"column":47},"end":{"line":23,"column":90}},"19":{"start":{"line":28,"column":0},"end":{"line":28,"column":25}}},"fnMap":{"0":{"name":"validate","decl":{"start":{"line":3,"column":9},"end":{"line":3,"column":17}},"loc":{"start":{"line":3,"column":26},"end":{"line":26,"column":1}},"line":3},"1":{"name":"(anonymous_1)","decl":{"start":{"line":4,"column":19},"end":{"line":4,"column":20}},"loc":{"start":{"line":4,"column":55},"end":{"line":25,"column":5}},"line":4}},"branchMap":{"0":{"loc":{"start":{"line":5,"column":8},"end":{"line":24,"column":9}},"type":"switch","locations":[{"start":{"line":6,"column":12},"end":{"line":13,"column":21}},{"start":{"line":14,"column":12},"end":{"line":19,"column":21}},{"start":{"line":20,"column":12},"end":{"line":23,"column":90}}],"line":5},"1":{"loc":{"start":{"line":7,"column":16},"end":{"line":7,"column":53}},"type":"if","locations":[{"start":{"line":7,"column":16},"end":{"line":7,"column":53}},{"start":{"line":7,"column":16},"end":{"line":7,"column":53}}],"line":7},"2":{"loc":{"start":{"line":7,"column":20},"end":{"line":7,"column":46}},"type":"binary-expr","locations":[{"start":{"line":7,"column":20},"end":{"line":7,"column":28}},{"start":{"line":7,"column":32},"end":{"line":7,"column":46}}],"line":7},"3":{"loc":{"start":{"line":9,"column":16},"end":{"line":9,"column":90}},"type":"if","locations":[{"start":{"line":9,"column":16},"end":{"line":9,"column":90}},{"start":{"line":9,"column":16},"end":{"line":9,"column":90}}],"line":9},"4":{"loc":{"start":{"line":11,"column":16},"end":{"line":11,"column":90}},"type":"if","locations":[{"start":{"line":11,"column":16},"end":{"line":11,"column":90}},{"start":{"line":11,"column":16},"end":{"line":11,"column":90}}],"line":11},"5":{"loc":{"start":{"line":15,"column":16},"end":{"line":15,"column":53}},"type":"if","locations":[{"start":{"line":15,"column":16},"end":{"line":15,"column":53}},{"start":{"line":15,"column":16},"end":{"line":15,"column":53}}],"line":15},"6":{"loc":{"start":{"line":15,"column":20},"end":{"line":15,"column":46}},"type":"binary-expr","locations":[{"start":{"line":15,"column":20},"end":{"line":15,"column":28}},{"start":{"line":15,"column":32},"end":{"line":15,"column":46}}],"line":15},"7":{"loc":{"start":{"line":17,"column":16},"end":{"line":17,"column":92}},"type":"if","locations":[{"start":{"line":17,"column":16},"end":{"line":17,"column":92}},{"start":{"line":17,"column":16},"end":{"line":17,"column":92}}],"line":17},"8":{"loc":{"start":{"line":21,"column":16},"end":{"line":21,"column":53}},"type":"if","locations":[{"start":{"line":21,"column":16},"end":{"line":21,"column":53}},{"start":{"line":21,"column":16},"end":{"line":21,"column":53}}],"line":21},"9":{"loc":{"start":{"line":21,"column":20},"end":{"line":21,"column":46}},"type":"binary-expr","locations":[{"start":{"line":21,"column":20},"end":{"line":21,"column":28}},{"start":{"line":21,"column":32},"end":{"line":21,"column":46}}],"line":21},"10":{"loc":{"start":{"line":23,"column":16},"end":{"line":23,"column":90}},"type":"if","locations":[{"start":{"line":23,"column":16},"end":{"line":23,"column":90}},{"start":{"line":23,"column":16},"end":{"line":23,"column":90}}],"line":23}},"s":{"0":1,"1":80,"2":118,"3":118,"4":0,"5":118,"6":30,"7":88,"8":30,"9":58,"10":0,"11":0,"12":0,"13":0,"14":0,"15":0,"16":0,"17":0,"18":0,"19":1},"f":{"0":80,"1":118},"b":{"0":[118,0,0],"1":[0,118],"2":[118,0],"3":[30,88],"4":[30,58],"5":[0,0],"6":[0,0],"7":[0,0],"8":[0,0],"9":[0,0],"10":[0,0]},"_coverageSchema":"43e27e138ebf9cfc5966b082cf9a028302ed4184","hash":"0441557adc4a33636f3f508dcdccb1dea2cc76f2","contentHash":"437ef04275eeb5d63e08dfb09f36fd12"}}